[2024-11-03T23:44:23.922+0000] {processor.py:157} INFO - Started process (PID=40) to work on /opt/airflow/dags/user_pipeline.py
[2024-11-03T23:44:23.923+0000] {processor.py:829} INFO - Processing file /opt/airflow/dags/user_pipeline.py for tasks to queue
[2024-11-03T23:44:23.923+0000] {logging_mixin.py:151} INFO - [2024-11-03T23:44:23.923+0000] {dagbag.py:539} INFO - Filling up the DagBag from /opt/airflow/dags/user_pipeline.py
[2024-11-03T23:44:23.944+0000] {processor.py:839} INFO - DAG(s) dict_keys(['user_pipeline']) retrieved from /opt/airflow/dags/user_pipeline.py
[2024-11-03T23:44:23.984+0000] {logging_mixin.py:151} INFO - [2024-11-03T23:44:23.983+0000] {dag.py:2915} INFO - Sync 1 DAGs
[2024-11-03T23:44:24.016+0000] {logging_mixin.py:151} INFO - [2024-11-03T23:44:24.016+0000] {dag.py:3696} INFO - Setting next_dagrun for user_pipeline to 2024-11-02T00:00:00+00:00, run_after=2024-11-03T00:00:00+00:00
[2024-11-03T23:44:24.037+0000] {processor.py:179} INFO - Processing /opt/airflow/dags/user_pipeline.py took 0.118 seconds
[2024-11-03T23:44:54.393+0000] {processor.py:157} INFO - Started process (PID=94) to work on /opt/airflow/dags/user_pipeline.py
[2024-11-03T23:44:54.393+0000] {processor.py:829} INFO - Processing file /opt/airflow/dags/user_pipeline.py for tasks to queue
[2024-11-03T23:44:54.394+0000] {logging_mixin.py:151} INFO - [2024-11-03T23:44:54.394+0000] {dagbag.py:539} INFO - Filling up the DagBag from /opt/airflow/dags/user_pipeline.py
[2024-11-03T23:44:54.405+0000] {processor.py:839} INFO - DAG(s) dict_keys(['user_pipeline']) retrieved from /opt/airflow/dags/user_pipeline.py
[2024-11-03T23:44:54.427+0000] {logging_mixin.py:151} INFO - [2024-11-03T23:44:54.427+0000] {dag.py:2915} INFO - Sync 1 DAGs
[2024-11-03T23:44:54.444+0000] {logging_mixin.py:151} INFO - [2024-11-03T23:44:54.444+0000] {dag.py:3696} INFO - Setting next_dagrun for user_pipeline to 2024-11-03T00:00:00+00:00, run_after=2024-11-04T00:00:00+00:00
[2024-11-03T23:44:54.461+0000] {processor.py:179} INFO - Processing /opt/airflow/dags/user_pipeline.py took 0.071 seconds
[2024-11-03T23:45:24.879+0000] {processor.py:157} INFO - Started process (PID=104) to work on /opt/airflow/dags/user_pipeline.py
[2024-11-03T23:45:24.881+0000] {processor.py:829} INFO - Processing file /opt/airflow/dags/user_pipeline.py for tasks to queue
[2024-11-03T23:45:24.882+0000] {logging_mixin.py:151} INFO - [2024-11-03T23:45:24.881+0000] {dagbag.py:539} INFO - Filling up the DagBag from /opt/airflow/dags/user_pipeline.py
[2024-11-03T23:45:24.895+0000] {processor.py:839} INFO - DAG(s) dict_keys(['user_pipeline']) retrieved from /opt/airflow/dags/user_pipeline.py
[2024-11-03T23:45:24.918+0000] {logging_mixin.py:151} INFO - [2024-11-03T23:45:24.918+0000] {dag.py:2915} INFO - Sync 1 DAGs
[2024-11-03T23:45:24.936+0000] {logging_mixin.py:151} INFO - [2024-11-03T23:45:24.936+0000] {dag.py:3696} INFO - Setting next_dagrun for user_pipeline to 2024-11-03T00:00:00+00:00, run_after=2024-11-04T00:00:00+00:00
[2024-11-03T23:45:24.952+0000] {processor.py:179} INFO - Processing /opt/airflow/dags/user_pipeline.py took 0.075 seconds
[2024-11-03T23:45:55.547+0000] {processor.py:157} INFO - Started process (PID=114) to work on /opt/airflow/dags/user_pipeline.py
[2024-11-03T23:45:55.549+0000] {processor.py:829} INFO - Processing file /opt/airflow/dags/user_pipeline.py for tasks to queue
[2024-11-03T23:45:55.550+0000] {logging_mixin.py:151} INFO - [2024-11-03T23:45:55.549+0000] {dagbag.py:539} INFO - Filling up the DagBag from /opt/airflow/dags/user_pipeline.py
[2024-11-03T23:45:55.562+0000] {processor.py:839} INFO - DAG(s) dict_keys(['user_pipeline']) retrieved from /opt/airflow/dags/user_pipeline.py
[2024-11-03T23:45:55.583+0000] {logging_mixin.py:151} INFO - [2024-11-03T23:45:55.582+0000] {dag.py:2915} INFO - Sync 1 DAGs
[2024-11-03T23:45:55.598+0000] {logging_mixin.py:151} INFO - [2024-11-03T23:45:55.598+0000] {dag.py:3696} INFO - Setting next_dagrun for user_pipeline to 2024-11-03T00:00:00+00:00, run_after=2024-11-04T00:00:00+00:00
[2024-11-03T23:45:55.706+0000] {processor.py:179} INFO - Processing /opt/airflow/dags/user_pipeline.py took 0.162 seconds
[2024-11-03T23:46:26.453+0000] {processor.py:157} INFO - Started process (PID=124) to work on /opt/airflow/dags/user_pipeline.py
[2024-11-03T23:46:26.453+0000] {processor.py:829} INFO - Processing file /opt/airflow/dags/user_pipeline.py for tasks to queue
[2024-11-03T23:46:26.454+0000] {logging_mixin.py:151} INFO - [2024-11-03T23:46:26.453+0000] {dagbag.py:539} INFO - Filling up the DagBag from /opt/airflow/dags/user_pipeline.py
[2024-11-03T23:46:26.465+0000] {processor.py:839} INFO - DAG(s) dict_keys(['user_pipeline']) retrieved from /opt/airflow/dags/user_pipeline.py
[2024-11-03T23:46:26.485+0000] {logging_mixin.py:151} INFO - [2024-11-03T23:46:26.485+0000] {dag.py:2915} INFO - Sync 1 DAGs
[2024-11-03T23:46:26.592+0000] {logging_mixin.py:151} INFO - [2024-11-03T23:46:26.592+0000] {dag.py:3696} INFO - Setting next_dagrun for user_pipeline to 2024-11-03T00:00:00+00:00, run_after=2024-11-04T00:00:00+00:00
[2024-11-03T23:46:26.610+0000] {processor.py:179} INFO - Processing /opt/airflow/dags/user_pipeline.py took 0.160 seconds
[2024-11-03T23:46:57.315+0000] {processor.py:157} INFO - Started process (PID=134) to work on /opt/airflow/dags/user_pipeline.py
[2024-11-03T23:46:57.317+0000] {processor.py:829} INFO - Processing file /opt/airflow/dags/user_pipeline.py for tasks to queue
[2024-11-03T23:46:57.318+0000] {logging_mixin.py:151} INFO - [2024-11-03T23:46:57.318+0000] {dagbag.py:539} INFO - Filling up the DagBag from /opt/airflow/dags/user_pipeline.py
[2024-11-03T23:46:57.330+0000] {processor.py:839} INFO - DAG(s) dict_keys(['user_pipeline']) retrieved from /opt/airflow/dags/user_pipeline.py
[2024-11-03T23:46:57.353+0000] {logging_mixin.py:151} INFO - [2024-11-03T23:46:57.353+0000] {dag.py:2915} INFO - Sync 1 DAGs
[2024-11-03T23:46:57.460+0000] {logging_mixin.py:151} INFO - [2024-11-03T23:46:57.460+0000] {dag.py:3696} INFO - Setting next_dagrun for user_pipeline to 2024-11-03T00:00:00+00:00, run_after=2024-11-04T00:00:00+00:00
[2024-11-03T23:46:57.476+0000] {processor.py:179} INFO - Processing /opt/airflow/dags/user_pipeline.py took 0.164 seconds
[2024-11-03T23:47:28.389+0000] {processor.py:157} INFO - Started process (PID=144) to work on /opt/airflow/dags/user_pipeline.py
[2024-11-03T23:47:28.390+0000] {processor.py:829} INFO - Processing file /opt/airflow/dags/user_pipeline.py for tasks to queue
[2024-11-03T23:47:28.391+0000] {logging_mixin.py:151} INFO - [2024-11-03T23:47:28.390+0000] {dagbag.py:539} INFO - Filling up the DagBag from /opt/airflow/dags/user_pipeline.py
[2024-11-03T23:47:28.402+0000] {processor.py:839} INFO - DAG(s) dict_keys(['user_pipeline']) retrieved from /opt/airflow/dags/user_pipeline.py
[2024-11-03T23:47:28.506+0000] {logging_mixin.py:151} INFO - [2024-11-03T23:47:28.506+0000] {dag.py:2915} INFO - Sync 1 DAGs
[2024-11-03T23:47:28.522+0000] {logging_mixin.py:151} INFO - [2024-11-03T23:47:28.522+0000] {dag.py:3696} INFO - Setting next_dagrun for user_pipeline to 2024-11-03T00:00:00+00:00, run_after=2024-11-04T00:00:00+00:00
[2024-11-03T23:47:28.537+0000] {processor.py:179} INFO - Processing /opt/airflow/dags/user_pipeline.py took 0.150 seconds
[2024-11-03T23:47:59.146+0000] {processor.py:157} INFO - Started process (PID=154) to work on /opt/airflow/dags/user_pipeline.py
[2024-11-03T23:47:59.148+0000] {processor.py:829} INFO - Processing file /opt/airflow/dags/user_pipeline.py for tasks to queue
[2024-11-03T23:47:59.149+0000] {logging_mixin.py:151} INFO - [2024-11-03T23:47:59.149+0000] {dagbag.py:539} INFO - Filling up the DagBag from /opt/airflow/dags/user_pipeline.py
[2024-11-03T23:47:59.162+0000] {processor.py:839} INFO - DAG(s) dict_keys(['user_pipeline']) retrieved from /opt/airflow/dags/user_pipeline.py
[2024-11-03T23:47:59.185+0000] {logging_mixin.py:151} INFO - [2024-11-03T23:47:59.185+0000] {dag.py:2915} INFO - Sync 1 DAGs
[2024-11-03T23:47:59.204+0000] {logging_mixin.py:151} INFO - [2024-11-03T23:47:59.204+0000] {dag.py:3696} INFO - Setting next_dagrun for user_pipeline to 2024-11-03T00:00:00+00:00, run_after=2024-11-04T00:00:00+00:00
[2024-11-03T23:47:59.224+0000] {processor.py:179} INFO - Processing /opt/airflow/dags/user_pipeline.py took 0.081 seconds
[2024-11-03T23:48:30.011+0000] {processor.py:157} INFO - Started process (PID=164) to work on /opt/airflow/dags/user_pipeline.py
[2024-11-03T23:48:30.013+0000] {processor.py:829} INFO - Processing file /opt/airflow/dags/user_pipeline.py for tasks to queue
[2024-11-03T23:48:30.014+0000] {logging_mixin.py:151} INFO - [2024-11-03T23:48:30.014+0000] {dagbag.py:539} INFO - Filling up the DagBag from /opt/airflow/dags/user_pipeline.py
[2024-11-03T23:48:30.027+0000] {processor.py:839} INFO - DAG(s) dict_keys(['user_pipeline']) retrieved from /opt/airflow/dags/user_pipeline.py
[2024-11-03T23:48:30.051+0000] {logging_mixin.py:151} INFO - [2024-11-03T23:48:30.051+0000] {dag.py:2915} INFO - Sync 1 DAGs
[2024-11-03T23:48:30.071+0000] {logging_mixin.py:151} INFO - [2024-11-03T23:48:30.071+0000] {dag.py:3696} INFO - Setting next_dagrun for user_pipeline to 2024-11-03T00:00:00+00:00, run_after=2024-11-04T00:00:00+00:00
[2024-11-03T23:48:30.089+0000] {processor.py:179} INFO - Processing /opt/airflow/dags/user_pipeline.py took 0.081 seconds
[2024-11-03T23:49:01.092+0000] {processor.py:157} INFO - Started process (PID=174) to work on /opt/airflow/dags/user_pipeline.py
[2024-11-03T23:49:01.093+0000] {processor.py:829} INFO - Processing file /opt/airflow/dags/user_pipeline.py for tasks to queue
[2024-11-03T23:49:01.094+0000] {logging_mixin.py:151} INFO - [2024-11-03T23:49:01.094+0000] {dagbag.py:539} INFO - Filling up the DagBag from /opt/airflow/dags/user_pipeline.py
[2024-11-03T23:49:01.108+0000] {processor.py:839} INFO - DAG(s) dict_keys(['user_pipeline']) retrieved from /opt/airflow/dags/user_pipeline.py
[2024-11-03T23:49:01.132+0000] {logging_mixin.py:151} INFO - [2024-11-03T23:49:01.132+0000] {dag.py:2915} INFO - Sync 1 DAGs
[2024-11-03T23:49:01.153+0000] {logging_mixin.py:151} INFO - [2024-11-03T23:49:01.152+0000] {dag.py:3696} INFO - Setting next_dagrun for user_pipeline to 2024-11-03T00:00:00+00:00, run_after=2024-11-04T00:00:00+00:00
[2024-11-03T23:49:01.174+0000] {processor.py:179} INFO - Processing /opt/airflow/dags/user_pipeline.py took 0.084 seconds
[2024-11-03T23:49:31.661+0000] {processor.py:157} INFO - Started process (PID=228) to work on /opt/airflow/dags/user_pipeline.py
[2024-11-03T23:49:31.663+0000] {processor.py:829} INFO - Processing file /opt/airflow/dags/user_pipeline.py for tasks to queue
[2024-11-03T23:49:31.664+0000] {logging_mixin.py:151} INFO - [2024-11-03T23:49:31.664+0000] {dagbag.py:539} INFO - Filling up the DagBag from /opt/airflow/dags/user_pipeline.py
[2024-11-03T23:49:31.677+0000] {processor.py:839} INFO - DAG(s) dict_keys(['user_pipeline']) retrieved from /opt/airflow/dags/user_pipeline.py
[2024-11-03T23:49:31.701+0000] {logging_mixin.py:151} INFO - [2024-11-03T23:49:31.700+0000] {dag.py:2915} INFO - Sync 1 DAGs
[2024-11-03T23:49:31.728+0000] {logging_mixin.py:151} INFO - [2024-11-03T23:49:31.727+0000] {dag.py:3696} INFO - Setting next_dagrun for user_pipeline to 2024-11-03T00:00:00+00:00, run_after=2024-11-04T00:00:00+00:00
[2024-11-03T23:49:31.743+0000] {processor.py:179} INFO - Processing /opt/airflow/dags/user_pipeline.py took 0.084 seconds
[2024-11-03T23:50:02.229+0000] {processor.py:157} INFO - Started process (PID=238) to work on /opt/airflow/dags/user_pipeline.py
[2024-11-03T23:50:02.230+0000] {processor.py:829} INFO - Processing file /opt/airflow/dags/user_pipeline.py for tasks to queue
[2024-11-03T23:50:02.231+0000] {logging_mixin.py:151} INFO - [2024-11-03T23:50:02.231+0000] {dagbag.py:539} INFO - Filling up the DagBag from /opt/airflow/dags/user_pipeline.py
[2024-11-03T23:50:02.243+0000] {processor.py:839} INFO - DAG(s) dict_keys(['user_pipeline']) retrieved from /opt/airflow/dags/user_pipeline.py
[2024-11-03T23:50:02.264+0000] {logging_mixin.py:151} INFO - [2024-11-03T23:50:02.264+0000] {dag.py:2915} INFO - Sync 1 DAGs
[2024-11-03T23:50:02.281+0000] {logging_mixin.py:151} INFO - [2024-11-03T23:50:02.280+0000] {dag.py:3696} INFO - Setting next_dagrun for user_pipeline to 2024-11-03T00:00:00+00:00, run_after=2024-11-04T00:00:00+00:00
[2024-11-03T23:50:02.297+0000] {processor.py:179} INFO - Processing /opt/airflow/dags/user_pipeline.py took 0.070 seconds
[2024-11-03T23:50:32.859+0000] {processor.py:157} INFO - Started process (PID=248) to work on /opt/airflow/dags/user_pipeline.py
[2024-11-03T23:50:32.861+0000] {processor.py:829} INFO - Processing file /opt/airflow/dags/user_pipeline.py for tasks to queue
[2024-11-03T23:50:32.862+0000] {logging_mixin.py:151} INFO - [2024-11-03T23:50:32.862+0000] {dagbag.py:539} INFO - Filling up the DagBag from /opt/airflow/dags/user_pipeline.py
[2024-11-03T23:50:32.875+0000] {processor.py:839} INFO - DAG(s) dict_keys(['user_pipeline']) retrieved from /opt/airflow/dags/user_pipeline.py
[2024-11-03T23:50:32.896+0000] {logging_mixin.py:151} INFO - [2024-11-03T23:50:32.896+0000] {dag.py:2915} INFO - Sync 1 DAGs
[2024-11-03T23:50:32.914+0000] {logging_mixin.py:151} INFO - [2024-11-03T23:50:32.914+0000] {dag.py:3696} INFO - Setting next_dagrun for user_pipeline to 2024-11-03T00:00:00+00:00, run_after=2024-11-04T00:00:00+00:00
[2024-11-03T23:50:32.930+0000] {processor.py:179} INFO - Processing /opt/airflow/dags/user_pipeline.py took 0.073 seconds
[2024-11-03T23:51:03.376+0000] {processor.py:157} INFO - Started process (PID=258) to work on /opt/airflow/dags/user_pipeline.py
[2024-11-03T23:51:03.377+0000] {processor.py:829} INFO - Processing file /opt/airflow/dags/user_pipeline.py for tasks to queue
[2024-11-03T23:51:03.378+0000] {logging_mixin.py:151} INFO - [2024-11-03T23:51:03.378+0000] {dagbag.py:539} INFO - Filling up the DagBag from /opt/airflow/dags/user_pipeline.py
[2024-11-03T23:51:03.390+0000] {processor.py:839} INFO - DAG(s) dict_keys(['user_pipeline']) retrieved from /opt/airflow/dags/user_pipeline.py
[2024-11-03T23:51:03.411+0000] {logging_mixin.py:151} INFO - [2024-11-03T23:51:03.411+0000] {dag.py:2915} INFO - Sync 1 DAGs
[2024-11-03T23:51:03.428+0000] {logging_mixin.py:151} INFO - [2024-11-03T23:51:03.428+0000] {dag.py:3696} INFO - Setting next_dagrun for user_pipeline to 2024-11-03T00:00:00+00:00, run_after=2024-11-04T00:00:00+00:00
[2024-11-03T23:51:03.444+0000] {processor.py:179} INFO - Processing /opt/airflow/dags/user_pipeline.py took 0.070 seconds
[2024-11-03T23:51:34.382+0000] {processor.py:157} INFO - Started process (PID=268) to work on /opt/airflow/dags/user_pipeline.py
[2024-11-03T23:51:34.384+0000] {processor.py:829} INFO - Processing file /opt/airflow/dags/user_pipeline.py for tasks to queue
[2024-11-03T23:51:34.385+0000] {logging_mixin.py:151} INFO - [2024-11-03T23:51:34.385+0000] {dagbag.py:539} INFO - Filling up the DagBag from /opt/airflow/dags/user_pipeline.py
[2024-11-03T23:51:34.399+0000] {processor.py:839} INFO - DAG(s) dict_keys(['user_pipeline']) retrieved from /opt/airflow/dags/user_pipeline.py
[2024-11-03T23:51:34.422+0000] {logging_mixin.py:151} INFO - [2024-11-03T23:51:34.422+0000] {dag.py:2915} INFO - Sync 1 DAGs
[2024-11-03T23:51:34.440+0000] {logging_mixin.py:151} INFO - [2024-11-03T23:51:34.439+0000] {dag.py:3696} INFO - Setting next_dagrun for user_pipeline to 2024-11-03T00:00:00+00:00, run_after=2024-11-04T00:00:00+00:00
[2024-11-03T23:51:34.456+0000] {processor.py:179} INFO - Processing /opt/airflow/dags/user_pipeline.py took 0.077 seconds
[2024-11-03T23:52:05.275+0000] {processor.py:157} INFO - Started process (PID=278) to work on /opt/airflow/dags/user_pipeline.py
[2024-11-03T23:52:05.278+0000] {processor.py:829} INFO - Processing file /opt/airflow/dags/user_pipeline.py for tasks to queue
[2024-11-03T23:52:05.279+0000] {logging_mixin.py:151} INFO - [2024-11-03T23:52:05.278+0000] {dagbag.py:539} INFO - Filling up the DagBag from /opt/airflow/dags/user_pipeline.py
[2024-11-03T23:52:05.293+0000] {processor.py:839} INFO - DAG(s) dict_keys(['user_pipeline']) retrieved from /opt/airflow/dags/user_pipeline.py
[2024-11-03T23:52:05.316+0000] {logging_mixin.py:151} INFO - [2024-11-03T23:52:05.316+0000] {dag.py:2915} INFO - Sync 1 DAGs
[2024-11-03T23:52:05.335+0000] {logging_mixin.py:151} INFO - [2024-11-03T23:52:05.335+0000] {dag.py:3696} INFO - Setting next_dagrun for user_pipeline to 2024-11-03T00:00:00+00:00, run_after=2024-11-04T00:00:00+00:00
[2024-11-03T23:52:05.354+0000] {processor.py:179} INFO - Processing /opt/airflow/dags/user_pipeline.py took 0.081 seconds
[2024-11-03T23:52:36.172+0000] {processor.py:157} INFO - Started process (PID=288) to work on /opt/airflow/dags/user_pipeline.py
[2024-11-03T23:52:36.174+0000] {processor.py:829} INFO - Processing file /opt/airflow/dags/user_pipeline.py for tasks to queue
[2024-11-03T23:52:36.174+0000] {logging_mixin.py:151} INFO - [2024-11-03T23:52:36.174+0000] {dagbag.py:539} INFO - Filling up the DagBag from /opt/airflow/dags/user_pipeline.py
[2024-11-03T23:52:36.188+0000] {processor.py:839} INFO - DAG(s) dict_keys(['user_pipeline']) retrieved from /opt/airflow/dags/user_pipeline.py
[2024-11-03T23:52:36.211+0000] {logging_mixin.py:151} INFO - [2024-11-03T23:52:36.211+0000] {dag.py:2915} INFO - Sync 1 DAGs
[2024-11-03T23:52:36.229+0000] {logging_mixin.py:151} INFO - [2024-11-03T23:52:36.229+0000] {dag.py:3696} INFO - Setting next_dagrun for user_pipeline to 2024-11-03T00:00:00+00:00, run_after=2024-11-04T00:00:00+00:00
[2024-11-03T23:52:36.246+0000] {processor.py:179} INFO - Processing /opt/airflow/dags/user_pipeline.py took 0.077 seconds
[2024-11-03T23:53:07.261+0000] {processor.py:157} INFO - Started process (PID=307) to work on /opt/airflow/dags/user_pipeline.py
[2024-11-03T23:53:07.264+0000] {processor.py:829} INFO - Processing file /opt/airflow/dags/user_pipeline.py for tasks to queue
[2024-11-03T23:53:07.264+0000] {logging_mixin.py:151} INFO - [2024-11-03T23:53:07.264+0000] {dagbag.py:539} INFO - Filling up the DagBag from /opt/airflow/dags/user_pipeline.py
[2024-11-03T23:53:07.277+0000] {processor.py:839} INFO - DAG(s) dict_keys(['user_pipeline']) retrieved from /opt/airflow/dags/user_pipeline.py
[2024-11-03T23:53:07.300+0000] {logging_mixin.py:151} INFO - [2024-11-03T23:53:07.300+0000] {dag.py:2915} INFO - Sync 1 DAGs
[2024-11-03T23:53:07.319+0000] {logging_mixin.py:151} INFO - [2024-11-03T23:53:07.318+0000] {dag.py:3696} INFO - Setting next_dagrun for user_pipeline to 2024-11-03T00:00:00+00:00, run_after=2024-11-04T00:00:00+00:00
[2024-11-03T23:53:07.337+0000] {processor.py:179} INFO - Processing /opt/airflow/dags/user_pipeline.py took 0.078 seconds
[2024-11-03T23:53:38.115+0000] {processor.py:157} INFO - Started process (PID=317) to work on /opt/airflow/dags/user_pipeline.py
[2024-11-03T23:53:38.118+0000] {processor.py:829} INFO - Processing file /opt/airflow/dags/user_pipeline.py for tasks to queue
[2024-11-03T23:53:38.119+0000] {logging_mixin.py:151} INFO - [2024-11-03T23:53:38.118+0000] {dagbag.py:539} INFO - Filling up the DagBag from /opt/airflow/dags/user_pipeline.py
[2024-11-03T23:53:38.131+0000] {processor.py:839} INFO - DAG(s) dict_keys(['user_pipeline']) retrieved from /opt/airflow/dags/user_pipeline.py
[2024-11-03T23:53:38.152+0000] {logging_mixin.py:151} INFO - [2024-11-03T23:53:38.152+0000] {dag.py:2915} INFO - Sync 1 DAGs
[2024-11-03T23:53:38.169+0000] {logging_mixin.py:151} INFO - [2024-11-03T23:53:38.169+0000] {dag.py:3696} INFO - Setting next_dagrun for user_pipeline to 2024-11-03T00:00:00+00:00, run_after=2024-11-04T00:00:00+00:00
[2024-11-03T23:53:38.184+0000] {processor.py:179} INFO - Processing /opt/airflow/dags/user_pipeline.py took 0.072 seconds
[2024-11-03T23:54:09.193+0000] {processor.py:157} INFO - Started process (PID=327) to work on /opt/airflow/dags/user_pipeline.py
[2024-11-03T23:54:09.195+0000] {processor.py:829} INFO - Processing file /opt/airflow/dags/user_pipeline.py for tasks to queue
[2024-11-03T23:54:09.196+0000] {logging_mixin.py:151} INFO - [2024-11-03T23:54:09.196+0000] {dagbag.py:539} INFO - Filling up the DagBag from /opt/airflow/dags/user_pipeline.py
[2024-11-03T23:54:09.209+0000] {processor.py:839} INFO - DAG(s) dict_keys(['user_pipeline']) retrieved from /opt/airflow/dags/user_pipeline.py
[2024-11-03T23:54:09.246+0000] {logging_mixin.py:151} INFO - [2024-11-03T23:54:09.245+0000] {dag.py:2915} INFO - Sync 1 DAGs
[2024-11-03T23:54:09.266+0000] {logging_mixin.py:151} INFO - [2024-11-03T23:54:09.266+0000] {dag.py:3696} INFO - Setting next_dagrun for user_pipeline to 2024-11-03T00:00:00+00:00, run_after=2024-11-04T00:00:00+00:00
[2024-11-03T23:54:09.287+0000] {processor.py:179} INFO - Processing /opt/airflow/dags/user_pipeline.py took 0.097 seconds
[2024-11-03T23:54:39.371+0000] {processor.py:157} INFO - Started process (PID=337) to work on /opt/airflow/dags/user_pipeline.py
[2024-11-03T23:54:39.373+0000] {processor.py:829} INFO - Processing file /opt/airflow/dags/user_pipeline.py for tasks to queue
[2024-11-03T23:54:39.374+0000] {logging_mixin.py:151} INFO - [2024-11-03T23:54:39.373+0000] {dagbag.py:539} INFO - Filling up the DagBag from /opt/airflow/dags/user_pipeline.py
[2024-11-03T23:54:39.386+0000] {processor.py:839} INFO - DAG(s) dict_keys(['user_pipeline']) retrieved from /opt/airflow/dags/user_pipeline.py
[2024-11-03T23:54:39.409+0000] {logging_mixin.py:151} INFO - [2024-11-03T23:54:39.409+0000] {dag.py:2915} INFO - Sync 1 DAGs
[2024-11-03T23:54:39.425+0000] {logging_mixin.py:151} INFO - [2024-11-03T23:54:39.425+0000] {dag.py:3696} INFO - Setting next_dagrun for user_pipeline to 2024-11-03T00:00:00+00:00, run_after=2024-11-04T00:00:00+00:00
[2024-11-03T23:54:39.441+0000] {processor.py:179} INFO - Processing /opt/airflow/dags/user_pipeline.py took 0.073 seconds
[2024-11-03T23:55:10.198+0000] {processor.py:157} INFO - Started process (PID=347) to work on /opt/airflow/dags/user_pipeline.py
[2024-11-03T23:55:10.200+0000] {processor.py:829} INFO - Processing file /opt/airflow/dags/user_pipeline.py for tasks to queue
[2024-11-03T23:55:10.200+0000] {logging_mixin.py:151} INFO - [2024-11-03T23:55:10.200+0000] {dagbag.py:539} INFO - Filling up the DagBag from /opt/airflow/dags/user_pipeline.py
[2024-11-03T23:55:10.213+0000] {processor.py:839} INFO - DAG(s) dict_keys(['user_pipeline']) retrieved from /opt/airflow/dags/user_pipeline.py
[2024-11-03T23:55:10.234+0000] {logging_mixin.py:151} INFO - [2024-11-03T23:55:10.234+0000] {dag.py:2915} INFO - Sync 1 DAGs
[2024-11-03T23:55:10.250+0000] {logging_mixin.py:151} INFO - [2024-11-03T23:55:10.250+0000] {dag.py:3696} INFO - Setting next_dagrun for user_pipeline to 2024-11-03T00:00:00+00:00, run_after=2024-11-04T00:00:00+00:00
[2024-11-03T23:55:10.265+0000] {processor.py:179} INFO - Processing /opt/airflow/dags/user_pipeline.py took 0.070 seconds
[2024-11-03T23:55:41.032+0000] {processor.py:157} INFO - Started process (PID=357) to work on /opt/airflow/dags/user_pipeline.py
[2024-11-03T23:55:41.034+0000] {processor.py:829} INFO - Processing file /opt/airflow/dags/user_pipeline.py for tasks to queue
[2024-11-03T23:55:41.035+0000] {logging_mixin.py:151} INFO - [2024-11-03T23:55:41.034+0000] {dagbag.py:539} INFO - Filling up the DagBag from /opt/airflow/dags/user_pipeline.py
[2024-11-03T23:55:41.047+0000] {processor.py:839} INFO - DAG(s) dict_keys(['user_pipeline']) retrieved from /opt/airflow/dags/user_pipeline.py
[2024-11-03T23:55:41.069+0000] {logging_mixin.py:151} INFO - [2024-11-03T23:55:41.069+0000] {dag.py:2915} INFO - Sync 1 DAGs
[2024-11-03T23:55:41.086+0000] {logging_mixin.py:151} INFO - [2024-11-03T23:55:41.086+0000] {dag.py:3696} INFO - Setting next_dagrun for user_pipeline to 2024-11-03T00:00:00+00:00, run_after=2024-11-04T00:00:00+00:00
[2024-11-03T23:55:41.102+0000] {processor.py:179} INFO - Processing /opt/airflow/dags/user_pipeline.py took 0.072 seconds
[2024-11-03T23:56:11.953+0000] {processor.py:157} INFO - Started process (PID=367) to work on /opt/airflow/dags/user_pipeline.py
[2024-11-03T23:56:11.955+0000] {processor.py:829} INFO - Processing file /opt/airflow/dags/user_pipeline.py for tasks to queue
[2024-11-03T23:56:11.956+0000] {logging_mixin.py:151} INFO - [2024-11-03T23:56:11.955+0000] {dagbag.py:539} INFO - Filling up the DagBag from /opt/airflow/dags/user_pipeline.py
[2024-11-03T23:56:11.968+0000] {processor.py:839} INFO - DAG(s) dict_keys(['user_pipeline']) retrieved from /opt/airflow/dags/user_pipeline.py
[2024-11-03T23:56:11.990+0000] {logging_mixin.py:151} INFO - [2024-11-03T23:56:11.990+0000] {dag.py:2915} INFO - Sync 1 DAGs
[2024-11-03T23:56:12.008+0000] {logging_mixin.py:151} INFO - [2024-11-03T23:56:12.008+0000] {dag.py:3696} INFO - Setting next_dagrun for user_pipeline to 2024-11-03T00:00:00+00:00, run_after=2024-11-04T00:00:00+00:00
[2024-11-03T23:56:12.025+0000] {processor.py:179} INFO - Processing /opt/airflow/dags/user_pipeline.py took 0.074 seconds
[2024-11-03T23:56:42.134+0000] {processor.py:157} INFO - Started process (PID=377) to work on /opt/airflow/dags/user_pipeline.py
[2024-11-03T23:56:42.136+0000] {processor.py:829} INFO - Processing file /opt/airflow/dags/user_pipeline.py for tasks to queue
[2024-11-03T23:56:42.137+0000] {logging_mixin.py:151} INFO - [2024-11-03T23:56:42.137+0000] {dagbag.py:539} INFO - Filling up the DagBag from /opt/airflow/dags/user_pipeline.py
[2024-11-03T23:56:42.149+0000] {processor.py:839} INFO - DAG(s) dict_keys(['user_pipeline']) retrieved from /opt/airflow/dags/user_pipeline.py
[2024-11-03T23:56:42.172+0000] {logging_mixin.py:151} INFO - [2024-11-03T23:56:42.172+0000] {dag.py:2915} INFO - Sync 1 DAGs
[2024-11-03T23:56:42.189+0000] {logging_mixin.py:151} INFO - [2024-11-03T23:56:42.189+0000] {dag.py:3696} INFO - Setting next_dagrun for user_pipeline to 2024-11-03T00:00:00+00:00, run_after=2024-11-04T00:00:00+00:00
[2024-11-03T23:56:42.205+0000] {processor.py:179} INFO - Processing /opt/airflow/dags/user_pipeline.py took 0.073 seconds
[2024-11-03T23:57:12.707+0000] {processor.py:157} INFO - Started process (PID=387) to work on /opt/airflow/dags/user_pipeline.py
[2024-11-03T23:57:12.710+0000] {processor.py:829} INFO - Processing file /opt/airflow/dags/user_pipeline.py for tasks to queue
[2024-11-03T23:57:12.711+0000] {logging_mixin.py:151} INFO - [2024-11-03T23:57:12.710+0000] {dagbag.py:539} INFO - Filling up the DagBag from /opt/airflow/dags/user_pipeline.py
[2024-11-03T23:57:12.723+0000] {processor.py:839} INFO - DAG(s) dict_keys(['user_pipeline']) retrieved from /opt/airflow/dags/user_pipeline.py
[2024-11-03T23:57:12.746+0000] {logging_mixin.py:151} INFO - [2024-11-03T23:57:12.746+0000] {dag.py:2915} INFO - Sync 1 DAGs
[2024-11-03T23:57:12.762+0000] {logging_mixin.py:151} INFO - [2024-11-03T23:57:12.762+0000] {dag.py:3696} INFO - Setting next_dagrun for user_pipeline to 2024-11-03T00:00:00+00:00, run_after=2024-11-04T00:00:00+00:00
[2024-11-03T23:57:12.777+0000] {processor.py:179} INFO - Processing /opt/airflow/dags/user_pipeline.py took 0.072 seconds
[2024-11-03T23:57:43.289+0000] {processor.py:157} INFO - Started process (PID=397) to work on /opt/airflow/dags/user_pipeline.py
[2024-11-03T23:57:43.291+0000] {processor.py:829} INFO - Processing file /opt/airflow/dags/user_pipeline.py for tasks to queue
[2024-11-03T23:57:43.292+0000] {logging_mixin.py:151} INFO - [2024-11-03T23:57:43.292+0000] {dagbag.py:539} INFO - Filling up the DagBag from /opt/airflow/dags/user_pipeline.py
[2024-11-03T23:57:43.304+0000] {processor.py:839} INFO - DAG(s) dict_keys(['user_pipeline']) retrieved from /opt/airflow/dags/user_pipeline.py
[2024-11-03T23:57:43.326+0000] {logging_mixin.py:151} INFO - [2024-11-03T23:57:43.325+0000] {dag.py:2915} INFO - Sync 1 DAGs
[2024-11-03T23:57:43.344+0000] {logging_mixin.py:151} INFO - [2024-11-03T23:57:43.344+0000] {dag.py:3696} INFO - Setting next_dagrun for user_pipeline to 2024-11-03T00:00:00+00:00, run_after=2024-11-04T00:00:00+00:00
[2024-11-03T23:57:43.361+0000] {processor.py:179} INFO - Processing /opt/airflow/dags/user_pipeline.py took 0.075 seconds
[2024-11-03T23:58:13.937+0000] {processor.py:157} INFO - Started process (PID=407) to work on /opt/airflow/dags/user_pipeline.py
[2024-11-03T23:58:13.939+0000] {processor.py:829} INFO - Processing file /opt/airflow/dags/user_pipeline.py for tasks to queue
[2024-11-03T23:58:13.940+0000] {logging_mixin.py:151} INFO - [2024-11-03T23:58:13.940+0000] {dagbag.py:539} INFO - Filling up the DagBag from /opt/airflow/dags/user_pipeline.py
[2024-11-03T23:58:13.953+0000] {processor.py:839} INFO - DAG(s) dict_keys(['user_pipeline']) retrieved from /opt/airflow/dags/user_pipeline.py
[2024-11-03T23:58:13.975+0000] {logging_mixin.py:151} INFO - [2024-11-03T23:58:13.975+0000] {dag.py:2915} INFO - Sync 1 DAGs
[2024-11-03T23:58:13.992+0000] {logging_mixin.py:151} INFO - [2024-11-03T23:58:13.992+0000] {dag.py:3696} INFO - Setting next_dagrun for user_pipeline to 2024-11-03T00:00:00+00:00, run_after=2024-11-04T00:00:00+00:00
[2024-11-03T23:58:14.008+0000] {processor.py:179} INFO - Processing /opt/airflow/dags/user_pipeline.py took 0.073 seconds
[2024-11-03T23:58:44.453+0000] {processor.py:157} INFO - Started process (PID=417) to work on /opt/airflow/dags/user_pipeline.py
[2024-11-03T23:58:44.456+0000] {processor.py:829} INFO - Processing file /opt/airflow/dags/user_pipeline.py for tasks to queue
[2024-11-03T23:58:44.457+0000] {logging_mixin.py:151} INFO - [2024-11-03T23:58:44.456+0000] {dagbag.py:539} INFO - Filling up the DagBag from /opt/airflow/dags/user_pipeline.py
[2024-11-03T23:58:44.469+0000] {processor.py:839} INFO - DAG(s) dict_keys(['user_pipeline']) retrieved from /opt/airflow/dags/user_pipeline.py
[2024-11-03T23:58:44.490+0000] {logging_mixin.py:151} INFO - [2024-11-03T23:58:44.490+0000] {dag.py:2915} INFO - Sync 1 DAGs
[2024-11-03T23:58:44.507+0000] {logging_mixin.py:151} INFO - [2024-11-03T23:58:44.507+0000] {dag.py:3696} INFO - Setting next_dagrun for user_pipeline to 2024-11-03T00:00:00+00:00, run_after=2024-11-04T00:00:00+00:00
[2024-11-03T23:58:44.522+0000] {processor.py:179} INFO - Processing /opt/airflow/dags/user_pipeline.py took 0.072 seconds
[2024-11-03T23:59:14.769+0000] {processor.py:157} INFO - Started process (PID=427) to work on /opt/airflow/dags/user_pipeline.py
[2024-11-03T23:59:14.771+0000] {processor.py:829} INFO - Processing file /opt/airflow/dags/user_pipeline.py for tasks to queue
[2024-11-03T23:59:14.772+0000] {logging_mixin.py:151} INFO - [2024-11-03T23:59:14.771+0000] {dagbag.py:539} INFO - Filling up the DagBag from /opt/airflow/dags/user_pipeline.py
[2024-11-03T23:59:14.783+0000] {processor.py:839} INFO - DAG(s) dict_keys(['user_pipeline']) retrieved from /opt/airflow/dags/user_pipeline.py
[2024-11-03T23:59:14.805+0000] {logging_mixin.py:151} INFO - [2024-11-03T23:59:14.804+0000] {dag.py:2915} INFO - Sync 1 DAGs
[2024-11-03T23:59:14.821+0000] {logging_mixin.py:151} INFO - [2024-11-03T23:59:14.821+0000] {dag.py:3696} INFO - Setting next_dagrun for user_pipeline to 2024-11-03T00:00:00+00:00, run_after=2024-11-04T00:00:00+00:00
[2024-11-03T23:59:14.836+0000] {processor.py:179} INFO - Processing /opt/airflow/dags/user_pipeline.py took 0.069 seconds
[2024-11-03T23:59:45.809+0000] {processor.py:157} INFO - Started process (PID=437) to work on /opt/airflow/dags/user_pipeline.py
[2024-11-03T23:59:45.812+0000] {processor.py:829} INFO - Processing file /opt/airflow/dags/user_pipeline.py for tasks to queue
[2024-11-03T23:59:45.813+0000] {logging_mixin.py:151} INFO - [2024-11-03T23:59:45.813+0000] {dagbag.py:539} INFO - Filling up the DagBag from /opt/airflow/dags/user_pipeline.py
[2024-11-03T23:59:45.825+0000] {processor.py:839} INFO - DAG(s) dict_keys(['user_pipeline']) retrieved from /opt/airflow/dags/user_pipeline.py
[2024-11-03T23:59:45.847+0000] {logging_mixin.py:151} INFO - [2024-11-03T23:59:45.847+0000] {dag.py:2915} INFO - Sync 1 DAGs
[2024-11-03T23:59:45.865+0000] {logging_mixin.py:151} INFO - [2024-11-03T23:59:45.865+0000] {dag.py:3696} INFO - Setting next_dagrun for user_pipeline to 2024-11-03T00:00:00+00:00, run_after=2024-11-04T00:00:00+00:00
[2024-11-03T23:59:45.882+0000] {processor.py:179} INFO - Processing /opt/airflow/dags/user_pipeline.py took 0.075 seconds
