[2024-11-04T12:26:04.168+0000] {taskinstance.py:1157} INFO - Dependencies all met for dep_context=non-requeueable deps ti=<TaskInstance: user_pipeline.transform_users manual__2024-11-04T12:26:02+00:00 [queued]>
[2024-11-04T12:26:04.174+0000] {taskinstance.py:1157} INFO - Dependencies all met for dep_context=requeueable deps ti=<TaskInstance: user_pipeline.transform_users manual__2024-11-04T12:26:02+00:00 [queued]>
[2024-11-04T12:26:04.174+0000] {taskinstance.py:1359} INFO - Starting attempt 1 of 2
[2024-11-04T12:26:04.185+0000] {taskinstance.py:1380} INFO - Executing <Task(PythonOperator): transform_users> on 2024-11-04 12:26:02+00:00
[2024-11-04T12:26:04.189+0000] {standard_task_runner.py:57} INFO - Started process 106 to run task
[2024-11-04T12:26:04.191+0000] {standard_task_runner.py:84} INFO - Running: ['***', 'tasks', 'run', 'user_pipeline', 'transform_users', 'manual__2024-11-04T12:26:02+00:00', '--job-id', '828', '--raw', '--subdir', 'DAGS_FOLDER/user_pipeline.py', '--cfg-path', '/tmp/tmpsv5r32g_']
[2024-11-04T12:26:04.192+0000] {standard_task_runner.py:85} INFO - Job 828: Subtask transform_users
[2024-11-04T12:26:04.224+0000] {task_command.py:415} INFO - Running <TaskInstance: user_pipeline.transform_users manual__2024-11-04T12:26:02+00:00 [running]> on host 56089de777d4
[2024-11-04T12:26:04.277+0000] {taskinstance.py:1660} INFO - Exporting env vars: AIRFLOW_CTX_DAG_OWNER='***' AIRFLOW_CTX_DAG_ID='user_pipeline' AIRFLOW_CTX_TASK_ID='transform_users' AIRFLOW_CTX_EXECUTION_DATE='2024-11-04T12:26:02+00:00' AIRFLOW_CTX_TRY_NUMBER='1' AIRFLOW_CTX_DAG_RUN_ID='manual__2024-11-04T12:26:02+00:00'
[2024-11-04T12:26:04.277+0000] {taskinstance.py:1935} ERROR - Task failed with exception
Traceback (most recent call last):
  File "/home/airflow/.local/lib/python3.8/site-packages/airflow/operators/python.py", line 192, in execute
    return_value = self.execute_callable()
  File "/home/airflow/.local/lib/python3.8/site-packages/airflow/operators/python.py", line 209, in execute_callable
    return self.python_callable(*self.op_args, **self.op_kwargs)
  File "/opt/airflow/dags/user_pipeline.py", line 38, in transform_users
    'full_name': user[1],
IndexError: string index out of range
[2024-11-04T12:26:04.282+0000] {taskinstance.py:1398} INFO - Marking task as UP_FOR_RETRY. dag_id=user_pipeline, task_id=transform_users, execution_date=20241104T122602, start_date=20241104T122604, end_date=20241104T122604
[2024-11-04T12:26:04.291+0000] {standard_task_runner.py:104} ERROR - Failed to execute job 828 for task transform_users (string index out of range; 106)
[2024-11-04T12:26:04.324+0000] {local_task_job_runner.py:228} INFO - Task exited with return code 1
[2024-11-04T12:26:04.343+0000] {taskinstance.py:2776} INFO - 0 downstream tasks scheduled from follow-on schedule check
