[2024-11-05T14:35:34.819+0000] {processor.py:157} INFO - Started process (PID=46) to work on /opt/airflow/dags/producer.py
[2024-11-05T14:35:34.820+0000] {processor.py:829} INFO - Processing file /opt/airflow/dags/producer.py for tasks to queue
[2024-11-05T14:35:34.821+0000] {logging_mixin.py:151} INFO - [2024-11-05T14:35:34.821+0000] {dagbag.py:539} INFO - Filling up the DagBag from /opt/airflow/dags/producer.py
[2024-11-05T14:35:34.824+0000] {logging_mixin.py:151} INFO - [2024-11-05T14:35:34.823+0000] {dagbag.py:347} ERROR - Failed to import: /opt/airflow/dags/producer.py
Traceback (most recent call last):
  File "/home/airflow/.local/lib/python3.8/site-packages/airflow/models/dagbag.py", line 343, in parse
    loader.exec_module(new_module)
  File "<frozen importlib._bootstrap_external>", line 843, in exec_module
  File "<frozen importlib._bootstrap>", line 219, in _call_with_frames_removed
  File "/opt/airflow/dags/producer.py", line 6, in <module>
    my_file = Dataset(path="/tmp/my_file.txt")
TypeError: __init__() got an unexpected keyword argument 'path'
[2024-11-05T14:35:34.824+0000] {processor.py:841} WARNING - No viable dags retrieved from /opt/airflow/dags/producer.py
[2024-11-05T14:35:34.839+0000] {processor.py:179} INFO - Processing /opt/airflow/dags/producer.py took 0.023 seconds
[2024-11-05T14:36:05.032+0000] {processor.py:157} INFO - Started process (PID=58) to work on /opt/airflow/dags/producer.py
[2024-11-05T14:36:05.032+0000] {processor.py:829} INFO - Processing file /opt/airflow/dags/producer.py for tasks to queue
[2024-11-05T14:36:05.034+0000] {logging_mixin.py:151} INFO - [2024-11-05T14:36:05.034+0000] {dagbag.py:539} INFO - Filling up the DagBag from /opt/airflow/dags/producer.py
[2024-11-05T14:36:05.036+0000] {logging_mixin.py:151} INFO - [2024-11-05T14:36:05.035+0000] {dagbag.py:347} ERROR - Failed to import: /opt/airflow/dags/producer.py
Traceback (most recent call last):
  File "/home/airflow/.local/lib/python3.8/site-packages/airflow/models/dagbag.py", line 343, in parse
    loader.exec_module(new_module)
  File "<frozen importlib._bootstrap_external>", line 843, in exec_module
  File "<frozen importlib._bootstrap>", line 219, in _call_with_frames_removed
  File "/opt/airflow/dags/producer.py", line 6, in <module>
    my_file = Dataset(path="/tmp/my_file.txt")
TypeError: __init__() got an unexpected keyword argument 'path'
[2024-11-05T14:36:05.036+0000] {processor.py:841} WARNING - No viable dags retrieved from /opt/airflow/dags/producer.py
[2024-11-05T14:36:05.051+0000] {processor.py:179} INFO - Processing /opt/airflow/dags/producer.py took 0.021 seconds
[2024-11-05T14:36:35.858+0000] {processor.py:157} INFO - Started process (PID=70) to work on /opt/airflow/dags/producer.py
[2024-11-05T14:36:35.859+0000] {processor.py:829} INFO - Processing file /opt/airflow/dags/producer.py for tasks to queue
[2024-11-05T14:36:35.861+0000] {logging_mixin.py:151} INFO - [2024-11-05T14:36:35.861+0000] {dagbag.py:539} INFO - Filling up the DagBag from /opt/airflow/dags/producer.py
[2024-11-05T14:36:35.864+0000] {logging_mixin.py:151} INFO - [2024-11-05T14:36:35.863+0000] {dagbag.py:347} ERROR - Failed to import: /opt/airflow/dags/producer.py
Traceback (most recent call last):
  File "/home/airflow/.local/lib/python3.8/site-packages/airflow/models/dagbag.py", line 343, in parse
    loader.exec_module(new_module)
  File "<frozen importlib._bootstrap_external>", line 843, in exec_module
  File "<frozen importlib._bootstrap>", line 219, in _call_with_frames_removed
  File "/opt/airflow/dags/producer.py", line 6, in <module>
    my_file = Dataset(path="/tmp/my_file.txt")
TypeError: __init__() got an unexpected keyword argument 'path'
[2024-11-05T14:36:35.864+0000] {processor.py:841} WARNING - No viable dags retrieved from /opt/airflow/dags/producer.py
[2024-11-05T14:36:35.888+0000] {processor.py:179} INFO - Processing /opt/airflow/dags/producer.py took 0.033 seconds
[2024-11-05T14:37:06.223+0000] {processor.py:157} INFO - Started process (PID=82) to work on /opt/airflow/dags/producer.py
[2024-11-05T14:37:06.224+0000] {processor.py:829} INFO - Processing file /opt/airflow/dags/producer.py for tasks to queue
[2024-11-05T14:37:06.225+0000] {logging_mixin.py:151} INFO - [2024-11-05T14:37:06.225+0000] {dagbag.py:539} INFO - Filling up the DagBag from /opt/airflow/dags/producer.py
[2024-11-05T14:37:06.227+0000] {logging_mixin.py:151} INFO - [2024-11-05T14:37:06.227+0000] {dagbag.py:347} ERROR - Failed to import: /opt/airflow/dags/producer.py
Traceback (most recent call last):
  File "/home/airflow/.local/lib/python3.8/site-packages/airflow/models/dagbag.py", line 343, in parse
    loader.exec_module(new_module)
  File "<frozen importlib._bootstrap_external>", line 843, in exec_module
  File "<frozen importlib._bootstrap>", line 219, in _call_with_frames_removed
  File "/opt/airflow/dags/producer.py", line 6, in <module>
    my_file = Dataset(path="/tmp/my_file.txt")
TypeError: __init__() got an unexpected keyword argument 'path'
[2024-11-05T14:37:06.228+0000] {processor.py:841} WARNING - No viable dags retrieved from /opt/airflow/dags/producer.py
[2024-11-05T14:37:06.247+0000] {processor.py:179} INFO - Processing /opt/airflow/dags/producer.py took 0.026 seconds
[2024-11-05T14:37:36.299+0000] {processor.py:157} INFO - Started process (PID=94) to work on /opt/airflow/dags/producer.py
[2024-11-05T14:37:36.300+0000] {processor.py:829} INFO - Processing file /opt/airflow/dags/producer.py for tasks to queue
[2024-11-05T14:37:36.301+0000] {logging_mixin.py:151} INFO - [2024-11-05T14:37:36.301+0000] {dagbag.py:539} INFO - Filling up the DagBag from /opt/airflow/dags/producer.py
[2024-11-05T14:37:36.303+0000] {logging_mixin.py:151} INFO - [2024-11-05T14:37:36.303+0000] {dagbag.py:347} ERROR - Failed to import: /opt/airflow/dags/producer.py
Traceback (most recent call last):
  File "/home/airflow/.local/lib/python3.8/site-packages/airflow/models/dagbag.py", line 343, in parse
    loader.exec_module(new_module)
  File "<frozen importlib._bootstrap_external>", line 843, in exec_module
  File "<frozen importlib._bootstrap>", line 219, in _call_with_frames_removed
  File "/opt/airflow/dags/producer.py", line 6, in <module>
    my_file = Dataset(path="/tmp/my_file.txt")
TypeError: __init__() got an unexpected keyword argument 'path'
[2024-11-05T14:37:36.303+0000] {processor.py:841} WARNING - No viable dags retrieved from /opt/airflow/dags/producer.py
[2024-11-05T14:37:36.318+0000] {processor.py:179} INFO - Processing /opt/airflow/dags/producer.py took 0.021 seconds
[2024-11-05T14:38:06.869+0000] {processor.py:157} INFO - Started process (PID=107) to work on /opt/airflow/dags/producer.py
[2024-11-05T14:38:06.870+0000] {processor.py:829} INFO - Processing file /opt/airflow/dags/producer.py for tasks to queue
[2024-11-05T14:38:06.872+0000] {logging_mixin.py:151} INFO - [2024-11-05T14:38:06.872+0000] {dagbag.py:539} INFO - Filling up the DagBag from /opt/airflow/dags/producer.py
[2024-11-05T14:38:06.874+0000] {logging_mixin.py:151} INFO - [2024-11-05T14:38:06.873+0000] {dagbag.py:347} ERROR - Failed to import: /opt/airflow/dags/producer.py
Traceback (most recent call last):
  File "/home/airflow/.local/lib/python3.8/site-packages/airflow/models/dagbag.py", line 343, in parse
    loader.exec_module(new_module)
  File "<frozen importlib._bootstrap_external>", line 843, in exec_module
  File "<frozen importlib._bootstrap>", line 219, in _call_with_frames_removed
  File "/opt/airflow/dags/producer.py", line 6, in <module>
    my_file = Dataset(path="/tmp/my_file.txt")
TypeError: __init__() got an unexpected keyword argument 'path'
[2024-11-05T14:38:06.874+0000] {processor.py:841} WARNING - No viable dags retrieved from /opt/airflow/dags/producer.py
[2024-11-05T14:38:06.891+0000] {processor.py:179} INFO - Processing /opt/airflow/dags/producer.py took 0.024 seconds
[2024-11-05T14:38:37.647+0000] {processor.py:157} INFO - Started process (PID=119) to work on /opt/airflow/dags/producer.py
[2024-11-05T14:38:37.648+0000] {processor.py:829} INFO - Processing file /opt/airflow/dags/producer.py for tasks to queue
[2024-11-05T14:38:37.649+0000] {logging_mixin.py:151} INFO - [2024-11-05T14:38:37.649+0000] {dagbag.py:539} INFO - Filling up the DagBag from /opt/airflow/dags/producer.py
[2024-11-05T14:38:37.651+0000] {logging_mixin.py:151} INFO - [2024-11-05T14:38:37.651+0000] {dagbag.py:347} ERROR - Failed to import: /opt/airflow/dags/producer.py
Traceback (most recent call last):
  File "/home/airflow/.local/lib/python3.8/site-packages/airflow/models/dagbag.py", line 343, in parse
    loader.exec_module(new_module)
  File "<frozen importlib._bootstrap_external>", line 843, in exec_module
  File "<frozen importlib._bootstrap>", line 219, in _call_with_frames_removed
  File "/opt/airflow/dags/producer.py", line 6, in <module>
    my_file = Dataset(path="/tmp/my_file.txt")
TypeError: __init__() got an unexpected keyword argument 'path'
[2024-11-05T14:38:37.651+0000] {processor.py:841} WARNING - No viable dags retrieved from /opt/airflow/dags/producer.py
[2024-11-05T14:38:37.668+0000] {processor.py:179} INFO - Processing /opt/airflow/dags/producer.py took 0.023 seconds
[2024-11-05T14:39:08.285+0000] {processor.py:157} INFO - Started process (PID=131) to work on /opt/airflow/dags/producer.py
[2024-11-05T14:39:08.286+0000] {processor.py:829} INFO - Processing file /opt/airflow/dags/producer.py for tasks to queue
[2024-11-05T14:39:08.288+0000] {logging_mixin.py:151} INFO - [2024-11-05T14:39:08.287+0000] {dagbag.py:539} INFO - Filling up the DagBag from /opt/airflow/dags/producer.py
[2024-11-05T14:39:08.289+0000] {logging_mixin.py:151} INFO - [2024-11-05T14:39:08.289+0000] {dagbag.py:347} ERROR - Failed to import: /opt/airflow/dags/producer.py
Traceback (most recent call last):
  File "/home/airflow/.local/lib/python3.8/site-packages/airflow/models/dagbag.py", line 343, in parse
    loader.exec_module(new_module)
  File "<frozen importlib._bootstrap_external>", line 843, in exec_module
  File "<frozen importlib._bootstrap>", line 219, in _call_with_frames_removed
  File "/opt/airflow/dags/producer.py", line 6, in <module>
    my_file = Dataset(path="/tmp/my_file.txt")
TypeError: __init__() got an unexpected keyword argument 'path'
[2024-11-05T14:39:08.290+0000] {processor.py:841} WARNING - No viable dags retrieved from /opt/airflow/dags/producer.py
[2024-11-05T14:39:08.304+0000] {processor.py:179} INFO - Processing /opt/airflow/dags/producer.py took 0.020 seconds
[2024-11-05T14:39:38.915+0000] {processor.py:157} INFO - Started process (PID=143) to work on /opt/airflow/dags/producer.py
[2024-11-05T14:39:38.916+0000] {processor.py:829} INFO - Processing file /opt/airflow/dags/producer.py for tasks to queue
[2024-11-05T14:39:38.918+0000] {logging_mixin.py:151} INFO - [2024-11-05T14:39:38.917+0000] {dagbag.py:539} INFO - Filling up the DagBag from /opt/airflow/dags/producer.py
[2024-11-05T14:39:38.919+0000] {logging_mixin.py:151} INFO - [2024-11-05T14:39:38.919+0000] {dagbag.py:347} ERROR - Failed to import: /opt/airflow/dags/producer.py
Traceback (most recent call last):
  File "/home/airflow/.local/lib/python3.8/site-packages/airflow/models/dagbag.py", line 343, in parse
    loader.exec_module(new_module)
  File "<frozen importlib._bootstrap_external>", line 843, in exec_module
  File "<frozen importlib._bootstrap>", line 219, in _call_with_frames_removed
  File "/opt/airflow/dags/producer.py", line 6, in <module>
    my_file = Dataset(path="/tmp/my_file.txt")
TypeError: __init__() got an unexpected keyword argument 'path'
[2024-11-05T14:39:38.920+0000] {processor.py:841} WARNING - No viable dags retrieved from /opt/airflow/dags/producer.py
[2024-11-05T14:39:38.936+0000] {processor.py:179} INFO - Processing /opt/airflow/dags/producer.py took 0.023 seconds
[2024-11-05T14:40:09.258+0000] {processor.py:157} INFO - Started process (PID=155) to work on /opt/airflow/dags/producer.py
[2024-11-05T14:40:09.260+0000] {processor.py:829} INFO - Processing file /opt/airflow/dags/producer.py for tasks to queue
[2024-11-05T14:40:09.262+0000] {logging_mixin.py:151} INFO - [2024-11-05T14:40:09.261+0000] {dagbag.py:539} INFO - Filling up the DagBag from /opt/airflow/dags/producer.py
[2024-11-05T14:40:09.264+0000] {logging_mixin.py:151} INFO - [2024-11-05T14:40:09.263+0000] {dagbag.py:347} ERROR - Failed to import: /opt/airflow/dags/producer.py
Traceback (most recent call last):
  File "/home/airflow/.local/lib/python3.8/site-packages/airflow/models/dagbag.py", line 343, in parse
    loader.exec_module(new_module)
  File "<frozen importlib._bootstrap_external>", line 843, in exec_module
  File "<frozen importlib._bootstrap>", line 219, in _call_with_frames_removed
  File "/opt/airflow/dags/producer.py", line 6, in <module>
    my_file = Dataset(path="/tmp/my_file.txt")
TypeError: __init__() got an unexpected keyword argument 'path'
[2024-11-05T14:40:09.264+0000] {processor.py:841} WARNING - No viable dags retrieved from /opt/airflow/dags/producer.py
[2024-11-05T14:40:09.281+0000] {processor.py:179} INFO - Processing /opt/airflow/dags/producer.py took 0.026 seconds
[2024-11-05T14:40:39.480+0000] {processor.py:157} INFO - Started process (PID=167) to work on /opt/airflow/dags/producer.py
[2024-11-05T14:40:39.481+0000] {processor.py:829} INFO - Processing file /opt/airflow/dags/producer.py for tasks to queue
[2024-11-05T14:40:39.483+0000] {logging_mixin.py:151} INFO - [2024-11-05T14:40:39.482+0000] {dagbag.py:539} INFO - Filling up the DagBag from /opt/airflow/dags/producer.py
[2024-11-05T14:40:39.485+0000] {logging_mixin.py:151} INFO - [2024-11-05T14:40:39.484+0000] {dagbag.py:347} ERROR - Failed to import: /opt/airflow/dags/producer.py
Traceback (most recent call last):
  File "/home/airflow/.local/lib/python3.8/site-packages/airflow/models/dagbag.py", line 343, in parse
    loader.exec_module(new_module)
  File "<frozen importlib._bootstrap_external>", line 843, in exec_module
  File "<frozen importlib._bootstrap>", line 219, in _call_with_frames_removed
  File "/opt/airflow/dags/producer.py", line 6, in <module>
    my_file = Dataset(path="/tmp/my_file.txt")
TypeError: __init__() got an unexpected keyword argument 'path'
[2024-11-05T14:40:39.485+0000] {processor.py:841} WARNING - No viable dags retrieved from /opt/airflow/dags/producer.py
[2024-11-05T14:40:39.504+0000] {processor.py:179} INFO - Processing /opt/airflow/dags/producer.py took 0.026 seconds
[2024-11-05T14:41:09.678+0000] {processor.py:157} INFO - Started process (PID=179) to work on /opt/airflow/dags/producer.py
[2024-11-05T14:41:09.679+0000] {processor.py:829} INFO - Processing file /opt/airflow/dags/producer.py for tasks to queue
[2024-11-05T14:41:09.681+0000] {logging_mixin.py:151} INFO - [2024-11-05T14:41:09.681+0000] {dagbag.py:539} INFO - Filling up the DagBag from /opt/airflow/dags/producer.py
[2024-11-05T14:41:09.683+0000] {logging_mixin.py:151} INFO - [2024-11-05T14:41:09.682+0000] {dagbag.py:347} ERROR - Failed to import: /opt/airflow/dags/producer.py
Traceback (most recent call last):
  File "/home/airflow/.local/lib/python3.8/site-packages/airflow/models/dagbag.py", line 343, in parse
    loader.exec_module(new_module)
  File "<frozen importlib._bootstrap_external>", line 843, in exec_module
  File "<frozen importlib._bootstrap>", line 219, in _call_with_frames_removed
  File "/opt/airflow/dags/producer.py", line 6, in <module>
    my_file = Dataset(path="/tmp/my_file.txt")
TypeError: __init__() got an unexpected keyword argument 'path'
[2024-11-05T14:41:09.683+0000] {processor.py:841} WARNING - No viable dags retrieved from /opt/airflow/dags/producer.py
[2024-11-05T14:41:09.699+0000] {processor.py:179} INFO - Processing /opt/airflow/dags/producer.py took 0.023 seconds
[2024-11-05T14:41:40.058+0000] {processor.py:157} INFO - Started process (PID=191) to work on /opt/airflow/dags/producer.py
[2024-11-05T14:41:40.059+0000] {processor.py:829} INFO - Processing file /opt/airflow/dags/producer.py for tasks to queue
[2024-11-05T14:41:40.060+0000] {logging_mixin.py:151} INFO - [2024-11-05T14:41:40.060+0000] {dagbag.py:539} INFO - Filling up the DagBag from /opt/airflow/dags/producer.py
[2024-11-05T14:41:40.062+0000] {logging_mixin.py:151} INFO - [2024-11-05T14:41:40.062+0000] {dagbag.py:347} ERROR - Failed to import: /opt/airflow/dags/producer.py
Traceback (most recent call last):
  File "/home/airflow/.local/lib/python3.8/site-packages/airflow/models/dagbag.py", line 343, in parse
    loader.exec_module(new_module)
  File "<frozen importlib._bootstrap_external>", line 843, in exec_module
  File "<frozen importlib._bootstrap>", line 219, in _call_with_frames_removed
  File "/opt/airflow/dags/producer.py", line 6, in <module>
    my_file = Dataset(path="/tmp/my_file.txt")
TypeError: __init__() got an unexpected keyword argument 'path'
[2024-11-05T14:41:40.062+0000] {processor.py:841} WARNING - No viable dags retrieved from /opt/airflow/dags/producer.py
[2024-11-05T14:41:40.080+0000] {processor.py:179} INFO - Processing /opt/airflow/dags/producer.py took 0.023 seconds
[2024-11-05T14:42:10.419+0000] {processor.py:157} INFO - Started process (PID=203) to work on /opt/airflow/dags/producer.py
[2024-11-05T14:42:10.422+0000] {processor.py:829} INFO - Processing file /opt/airflow/dags/producer.py for tasks to queue
[2024-11-05T14:42:10.424+0000] {logging_mixin.py:151} INFO - [2024-11-05T14:42:10.424+0000] {dagbag.py:539} INFO - Filling up the DagBag from /opt/airflow/dags/producer.py
[2024-11-05T14:42:10.427+0000] {logging_mixin.py:151} INFO - [2024-11-05T14:42:10.426+0000] {dagbag.py:347} ERROR - Failed to import: /opt/airflow/dags/producer.py
Traceback (most recent call last):
  File "/home/airflow/.local/lib/python3.8/site-packages/airflow/models/dagbag.py", line 343, in parse
    loader.exec_module(new_module)
  File "<frozen importlib._bootstrap_external>", line 843, in exec_module
  File "<frozen importlib._bootstrap>", line 219, in _call_with_frames_removed
  File "/opt/airflow/dags/producer.py", line 6, in <module>
    my_file = Dataset(path="/tmp/my_file.txt")
TypeError: __init__() got an unexpected keyword argument 'path'
[2024-11-05T14:42:10.427+0000] {processor.py:841} WARNING - No viable dags retrieved from /opt/airflow/dags/producer.py
[2024-11-05T14:42:10.443+0000] {processor.py:179} INFO - Processing /opt/airflow/dags/producer.py took 0.027 seconds
[2024-11-05T14:42:21.530+0000] {processor.py:157} INFO - Started process (PID=205) to work on /opt/airflow/dags/producer.py
[2024-11-05T14:42:21.532+0000] {processor.py:829} INFO - Processing file /opt/airflow/dags/producer.py for tasks to queue
[2024-11-05T14:42:21.535+0000] {logging_mixin.py:151} INFO - [2024-11-05T14:42:21.535+0000] {dagbag.py:539} INFO - Filling up the DagBag from /opt/airflow/dags/producer.py
[2024-11-05T14:42:21.543+0000] {processor.py:839} INFO - DAG(s) dict_keys(['producer']) retrieved from /opt/airflow/dags/producer.py
[2024-11-05T14:42:21.624+0000] {logging_mixin.py:151} INFO - [2024-11-05T14:42:21.624+0000] {manager.py:499} INFO - Created Permission View: %s
[2024-11-05T14:42:21.633+0000] {logging_mixin.py:151} INFO - [2024-11-05T14:42:21.633+0000] {manager.py:499} INFO - Created Permission View: %s
[2024-11-05T14:42:21.641+0000] {logging_mixin.py:151} INFO - [2024-11-05T14:42:21.641+0000] {manager.py:499} INFO - Created Permission View: %s
[2024-11-05T14:42:21.641+0000] {logging_mixin.py:151} INFO - [2024-11-05T14:42:21.641+0000] {security.py:708} INFO - Not syncing DAG-level permissions for DAG 'DAG:producer' as access control is unset.
[2024-11-05T14:42:21.641+0000] {logging_mixin.py:151} INFO - [2024-11-05T14:42:21.641+0000] {dag.py:2915} INFO - Sync 1 DAGs
[2024-11-05T14:42:21.649+0000] {logging_mixin.py:151} INFO - [2024-11-05T14:42:21.648+0000] {dag.py:2937} INFO - Creating ORM DAG for producer
[2024-11-05T14:42:21.656+0000] {logging_mixin.py:151} INFO - [2024-11-05T14:42:21.655+0000] {dag.py:3696} INFO - Setting next_dagrun for producer to 2024-11-04T00:00:00+00:00, run_after=2024-11-05T00:00:00+00:00
[2024-11-05T14:42:21.676+0000] {processor.py:179} INFO - Processing /opt/airflow/dags/producer.py took 0.149 seconds
[2024-11-05T14:42:52.122+0000] {processor.py:157} INFO - Started process (PID=217) to work on /opt/airflow/dags/producer.py
[2024-11-05T14:42:52.123+0000] {processor.py:829} INFO - Processing file /opt/airflow/dags/producer.py for tasks to queue
[2024-11-05T14:42:52.125+0000] {logging_mixin.py:151} INFO - [2024-11-05T14:42:52.125+0000] {dagbag.py:539} INFO - Filling up the DagBag from /opt/airflow/dags/producer.py
[2024-11-05T14:42:52.132+0000] {processor.py:839} INFO - DAG(s) dict_keys(['producer']) retrieved from /opt/airflow/dags/producer.py
[2024-11-05T14:42:52.149+0000] {logging_mixin.py:151} INFO - [2024-11-05T14:42:52.149+0000] {dag.py:2915} INFO - Sync 1 DAGs
[2024-11-05T14:42:52.165+0000] {logging_mixin.py:151} INFO - [2024-11-05T14:42:52.165+0000] {dag.py:3696} INFO - Setting next_dagrun for producer to 2024-11-04T00:00:00+00:00, run_after=2024-11-05T00:00:00+00:00
[2024-11-05T14:42:52.186+0000] {processor.py:179} INFO - Processing /opt/airflow/dags/producer.py took 0.066 seconds
[2024-11-05T14:43:22.401+0000] {processor.py:157} INFO - Started process (PID=229) to work on /opt/airflow/dags/producer.py
[2024-11-05T14:43:22.403+0000] {processor.py:829} INFO - Processing file /opt/airflow/dags/producer.py for tasks to queue
[2024-11-05T14:43:22.405+0000] {logging_mixin.py:151} INFO - [2024-11-05T14:43:22.405+0000] {dagbag.py:539} INFO - Filling up the DagBag from /opt/airflow/dags/producer.py
[2024-11-05T14:43:22.412+0000] {processor.py:839} INFO - DAG(s) dict_keys(['producer']) retrieved from /opt/airflow/dags/producer.py
[2024-11-05T14:43:22.435+0000] {logging_mixin.py:151} INFO - [2024-11-05T14:43:22.434+0000] {dag.py:2915} INFO - Sync 1 DAGs
[2024-11-05T14:43:22.452+0000] {logging_mixin.py:151} INFO - [2024-11-05T14:43:22.452+0000] {dag.py:3696} INFO - Setting next_dagrun for producer to 2024-11-04T00:00:00+00:00, run_after=2024-11-05T00:00:00+00:00
[2024-11-05T14:43:22.472+0000] {processor.py:179} INFO - Processing /opt/airflow/dags/producer.py took 0.073 seconds
[2024-11-05T14:43:52.595+0000] {processor.py:157} INFO - Started process (PID=241) to work on /opt/airflow/dags/producer.py
[2024-11-05T14:43:52.597+0000] {processor.py:829} INFO - Processing file /opt/airflow/dags/producer.py for tasks to queue
[2024-11-05T14:43:52.598+0000] {logging_mixin.py:151} INFO - [2024-11-05T14:43:52.598+0000] {dagbag.py:539} INFO - Filling up the DagBag from /opt/airflow/dags/producer.py
[2024-11-05T14:43:52.605+0000] {processor.py:839} INFO - DAG(s) dict_keys(['producer']) retrieved from /opt/airflow/dags/producer.py
[2024-11-05T14:43:52.624+0000] {logging_mixin.py:151} INFO - [2024-11-05T14:43:52.624+0000] {dag.py:2915} INFO - Sync 1 DAGs
[2024-11-05T14:43:52.639+0000] {logging_mixin.py:151} INFO - [2024-11-05T14:43:52.639+0000] {dag.py:3696} INFO - Setting next_dagrun for producer to 2024-11-04T00:00:00+00:00, run_after=2024-11-05T00:00:00+00:00
[2024-11-05T14:43:52.657+0000] {processor.py:179} INFO - Processing /opt/airflow/dags/producer.py took 0.065 seconds
[2024-11-05T14:44:22.951+0000] {processor.py:157} INFO - Started process (PID=253) to work on /opt/airflow/dags/producer.py
[2024-11-05T14:44:22.952+0000] {processor.py:829} INFO - Processing file /opt/airflow/dags/producer.py for tasks to queue
[2024-11-05T14:44:22.954+0000] {logging_mixin.py:151} INFO - [2024-11-05T14:44:22.953+0000] {dagbag.py:539} INFO - Filling up the DagBag from /opt/airflow/dags/producer.py
[2024-11-05T14:44:22.960+0000] {processor.py:839} INFO - DAG(s) dict_keys(['producer']) retrieved from /opt/airflow/dags/producer.py
[2024-11-05T14:44:22.981+0000] {logging_mixin.py:151} INFO - [2024-11-05T14:44:22.981+0000] {dag.py:2915} INFO - Sync 1 DAGs
[2024-11-05T14:44:22.996+0000] {logging_mixin.py:151} INFO - [2024-11-05T14:44:22.996+0000] {dag.py:3696} INFO - Setting next_dagrun for producer to 2024-11-04T00:00:00+00:00, run_after=2024-11-05T00:00:00+00:00
[2024-11-05T14:44:23.014+0000] {processor.py:179} INFO - Processing /opt/airflow/dags/producer.py took 0.065 seconds
[2024-11-05T14:44:53.148+0000] {processor.py:157} INFO - Started process (PID=265) to work on /opt/airflow/dags/producer.py
[2024-11-05T14:44:53.151+0000] {processor.py:829} INFO - Processing file /opt/airflow/dags/producer.py for tasks to queue
[2024-11-05T14:44:53.153+0000] {logging_mixin.py:151} INFO - [2024-11-05T14:44:53.153+0000] {dagbag.py:539} INFO - Filling up the DagBag from /opt/airflow/dags/producer.py
[2024-11-05T14:44:53.162+0000] {processor.py:839} INFO - DAG(s) dict_keys(['producer']) retrieved from /opt/airflow/dags/producer.py
[2024-11-05T14:44:53.183+0000] {logging_mixin.py:151} INFO - [2024-11-05T14:44:53.182+0000] {dag.py:2915} INFO - Sync 1 DAGs
[2024-11-05T14:44:53.201+0000] {logging_mixin.py:151} INFO - [2024-11-05T14:44:53.200+0000] {dag.py:3696} INFO - Setting next_dagrun for producer to 2024-11-04T00:00:00+00:00, run_after=2024-11-05T00:00:00+00:00
[2024-11-05T14:44:53.221+0000] {processor.py:179} INFO - Processing /opt/airflow/dags/producer.py took 0.076 seconds
[2024-11-05T14:45:23.435+0000] {processor.py:157} INFO - Started process (PID=277) to work on /opt/airflow/dags/producer.py
[2024-11-05T14:45:23.437+0000] {processor.py:829} INFO - Processing file /opt/airflow/dags/producer.py for tasks to queue
[2024-11-05T14:45:23.439+0000] {logging_mixin.py:151} INFO - [2024-11-05T14:45:23.438+0000] {dagbag.py:539} INFO - Filling up the DagBag from /opt/airflow/dags/producer.py
[2024-11-05T14:45:23.445+0000] {processor.py:839} INFO - DAG(s) dict_keys(['producer']) retrieved from /opt/airflow/dags/producer.py
[2024-11-05T14:45:23.467+0000] {logging_mixin.py:151} INFO - [2024-11-05T14:45:23.466+0000] {dag.py:2915} INFO - Sync 1 DAGs
[2024-11-05T14:45:23.482+0000] {logging_mixin.py:151} INFO - [2024-11-05T14:45:23.482+0000] {dag.py:3696} INFO - Setting next_dagrun for producer to 2024-11-04T00:00:00+00:00, run_after=2024-11-05T00:00:00+00:00
[2024-11-05T14:45:23.502+0000] {processor.py:179} INFO - Processing /opt/airflow/dags/producer.py took 0.070 seconds
[2024-11-05T14:45:46.857+0000] {processor.py:157} INFO - Started process (PID=45) to work on /opt/airflow/dags/producer.py
[2024-11-05T14:45:46.858+0000] {processor.py:829} INFO - Processing file /opt/airflow/dags/producer.py for tasks to queue
[2024-11-05T14:45:46.860+0000] {logging_mixin.py:151} INFO - [2024-11-05T14:45:46.860+0000] {dagbag.py:539} INFO - Filling up the DagBag from /opt/airflow/dags/producer.py
[2024-11-05T14:45:46.871+0000] {processor.py:839} INFO - DAG(s) dict_keys(['producer']) retrieved from /opt/airflow/dags/producer.py
[2024-11-05T14:45:46.910+0000] {logging_mixin.py:151} INFO - [2024-11-05T14:45:46.910+0000] {dag.py:2915} INFO - Sync 1 DAGs
[2024-11-05T14:45:46.928+0000] {logging_mixin.py:151} INFO - [2024-11-05T14:45:46.928+0000] {dag.py:3696} INFO - Setting next_dagrun for producer to 2024-11-04T00:00:00+00:00, run_after=2024-11-05T00:00:00+00:00
[2024-11-05T14:45:46.949+0000] {processor.py:179} INFO - Processing /opt/airflow/dags/producer.py took 0.095 seconds
[2024-11-05T14:46:17.237+0000] {processor.py:157} INFO - Started process (PID=57) to work on /opt/airflow/dags/producer.py
[2024-11-05T14:46:17.241+0000] {processor.py:829} INFO - Processing file /opt/airflow/dags/producer.py for tasks to queue
[2024-11-05T14:46:17.243+0000] {logging_mixin.py:151} INFO - [2024-11-05T14:46:17.243+0000] {dagbag.py:539} INFO - Filling up the DagBag from /opt/airflow/dags/producer.py
[2024-11-05T14:46:17.250+0000] {processor.py:839} INFO - DAG(s) dict_keys(['producer']) retrieved from /opt/airflow/dags/producer.py
[2024-11-05T14:46:17.274+0000] {logging_mixin.py:151} INFO - [2024-11-05T14:46:17.274+0000] {dag.py:2915} INFO - Sync 1 DAGs
[2024-11-05T14:46:17.290+0000] {logging_mixin.py:151} INFO - [2024-11-05T14:46:17.290+0000] {dag.py:3696} INFO - Setting next_dagrun for producer to 2024-11-04T00:00:00+00:00, run_after=2024-11-05T00:00:00+00:00
[2024-11-05T14:46:17.312+0000] {processor.py:179} INFO - Processing /opt/airflow/dags/producer.py took 0.078 seconds
[2024-11-05T14:46:47.968+0000] {processor.py:157} INFO - Started process (PID=69) to work on /opt/airflow/dags/producer.py
[2024-11-05T14:46:47.971+0000] {processor.py:829} INFO - Processing file /opt/airflow/dags/producer.py for tasks to queue
[2024-11-05T14:46:47.972+0000] {logging_mixin.py:151} INFO - [2024-11-05T14:46:47.972+0000] {dagbag.py:539} INFO - Filling up the DagBag from /opt/airflow/dags/producer.py
[2024-11-05T14:46:47.980+0000] {processor.py:839} INFO - DAG(s) dict_keys(['producer']) retrieved from /opt/airflow/dags/producer.py
[2024-11-05T14:46:47.990+0000] {logging_mixin.py:151} INFO - [2024-11-05T14:46:47.990+0000] {dag.py:2915} INFO - Sync 1 DAGs
[2024-11-05T14:46:48.007+0000] {logging_mixin.py:151} INFO - [2024-11-05T14:46:48.007+0000] {dag.py:3696} INFO - Setting next_dagrun for producer to 2024-11-04T00:00:00+00:00, run_after=2024-11-05T00:00:00+00:00
[2024-11-05T14:46:48.031+0000] {processor.py:179} INFO - Processing /opt/airflow/dags/producer.py took 0.067 seconds
[2024-11-05T14:47:18.662+0000] {processor.py:157} INFO - Started process (PID=81) to work on /opt/airflow/dags/producer.py
[2024-11-05T14:47:18.664+0000] {processor.py:829} INFO - Processing file /opt/airflow/dags/producer.py for tasks to queue
[2024-11-05T14:47:18.665+0000] {logging_mixin.py:151} INFO - [2024-11-05T14:47:18.665+0000] {dagbag.py:539} INFO - Filling up the DagBag from /opt/airflow/dags/producer.py
[2024-11-05T14:47:18.672+0000] {processor.py:839} INFO - DAG(s) dict_keys(['producer']) retrieved from /opt/airflow/dags/producer.py
[2024-11-05T14:47:18.692+0000] {logging_mixin.py:151} INFO - [2024-11-05T14:47:18.692+0000] {dag.py:2915} INFO - Sync 1 DAGs
[2024-11-05T14:47:18.708+0000] {logging_mixin.py:151} INFO - [2024-11-05T14:47:18.708+0000] {dag.py:3696} INFO - Setting next_dagrun for producer to 2024-11-04T00:00:00+00:00, run_after=2024-11-05T00:00:00+00:00
[2024-11-05T14:47:18.729+0000] {processor.py:179} INFO - Processing /opt/airflow/dags/producer.py took 0.069 seconds
[2024-11-05T14:47:49.554+0000] {processor.py:157} INFO - Started process (PID=93) to work on /opt/airflow/dags/producer.py
[2024-11-05T14:47:49.555+0000] {processor.py:829} INFO - Processing file /opt/airflow/dags/producer.py for tasks to queue
[2024-11-05T14:47:49.557+0000] {logging_mixin.py:151} INFO - [2024-11-05T14:47:49.557+0000] {dagbag.py:539} INFO - Filling up the DagBag from /opt/airflow/dags/producer.py
[2024-11-05T14:47:49.564+0000] {processor.py:839} INFO - DAG(s) dict_keys(['producer']) retrieved from /opt/airflow/dags/producer.py
[2024-11-05T14:47:49.584+0000] {logging_mixin.py:151} INFO - [2024-11-05T14:47:49.584+0000] {dag.py:2915} INFO - Sync 1 DAGs
[2024-11-05T14:47:49.600+0000] {logging_mixin.py:151} INFO - [2024-11-05T14:47:49.600+0000] {dag.py:3696} INFO - Setting next_dagrun for producer to 2024-11-04T00:00:00+00:00, run_after=2024-11-05T00:00:00+00:00
[2024-11-05T14:47:49.623+0000] {processor.py:179} INFO - Processing /opt/airflow/dags/producer.py took 0.071 seconds
[2024-11-05T14:48:20.245+0000] {processor.py:157} INFO - Started process (PID=105) to work on /opt/airflow/dags/producer.py
[2024-11-05T14:48:20.247+0000] {processor.py:829} INFO - Processing file /opt/airflow/dags/producer.py for tasks to queue
[2024-11-05T14:48:20.249+0000] {logging_mixin.py:151} INFO - [2024-11-05T14:48:20.249+0000] {dagbag.py:539} INFO - Filling up the DagBag from /opt/airflow/dags/producer.py
[2024-11-05T14:48:20.256+0000] {processor.py:839} INFO - DAG(s) dict_keys(['producer']) retrieved from /opt/airflow/dags/producer.py
[2024-11-05T14:48:20.278+0000] {logging_mixin.py:151} INFO - [2024-11-05T14:48:20.278+0000] {dag.py:2915} INFO - Sync 1 DAGs
[2024-11-05T14:48:20.293+0000] {logging_mixin.py:151} INFO - [2024-11-05T14:48:20.293+0000] {dag.py:3696} INFO - Setting next_dagrun for producer to 2024-11-04T00:00:00+00:00, run_after=2024-11-05T00:00:00+00:00
[2024-11-05T14:48:20.315+0000] {processor.py:179} INFO - Processing /opt/airflow/dags/producer.py took 0.072 seconds
[2024-11-05T14:48:50.474+0000] {processor.py:157} INFO - Started process (PID=117) to work on /opt/airflow/dags/producer.py
[2024-11-05T14:48:50.477+0000] {processor.py:829} INFO - Processing file /opt/airflow/dags/producer.py for tasks to queue
[2024-11-05T14:48:50.478+0000] {logging_mixin.py:151} INFO - [2024-11-05T14:48:50.478+0000] {dagbag.py:539} INFO - Filling up the DagBag from /opt/airflow/dags/producer.py
[2024-11-05T14:48:50.486+0000] {processor.py:839} INFO - DAG(s) dict_keys(['producer']) retrieved from /opt/airflow/dags/producer.py
[2024-11-05T14:48:50.507+0000] {logging_mixin.py:151} INFO - [2024-11-05T14:48:50.507+0000] {dag.py:2915} INFO - Sync 1 DAGs
[2024-11-05T14:48:50.524+0000] {logging_mixin.py:151} INFO - [2024-11-05T14:48:50.524+0000] {dag.py:3696} INFO - Setting next_dagrun for producer to 2024-11-04T00:00:00+00:00, run_after=2024-11-05T00:00:00+00:00
[2024-11-05T14:48:50.548+0000] {processor.py:179} INFO - Processing /opt/airflow/dags/producer.py took 0.077 seconds
[2024-11-05T14:49:21.315+0000] {processor.py:157} INFO - Started process (PID=129) to work on /opt/airflow/dags/producer.py
[2024-11-05T14:49:21.318+0000] {processor.py:829} INFO - Processing file /opt/airflow/dags/producer.py for tasks to queue
[2024-11-05T14:49:21.319+0000] {logging_mixin.py:151} INFO - [2024-11-05T14:49:21.319+0000] {dagbag.py:539} INFO - Filling up the DagBag from /opt/airflow/dags/producer.py
[2024-11-05T14:49:21.326+0000] {processor.py:839} INFO - DAG(s) dict_keys(['producer']) retrieved from /opt/airflow/dags/producer.py
[2024-11-05T14:49:21.345+0000] {logging_mixin.py:151} INFO - [2024-11-05T14:49:21.345+0000] {dag.py:2915} INFO - Sync 1 DAGs
[2024-11-05T14:49:21.367+0000] {logging_mixin.py:151} INFO - [2024-11-05T14:49:21.366+0000] {dag.py:3696} INFO - Setting next_dagrun for producer to 2024-11-04T00:00:00+00:00, run_after=2024-11-05T00:00:00+00:00
[2024-11-05T14:49:21.387+0000] {processor.py:179} INFO - Processing /opt/airflow/dags/producer.py took 0.075 seconds
[2024-11-05T14:49:52.345+0000] {processor.py:157} INFO - Started process (PID=141) to work on /opt/airflow/dags/producer.py
[2024-11-05T14:49:52.347+0000] {processor.py:829} INFO - Processing file /opt/airflow/dags/producer.py for tasks to queue
[2024-11-05T14:49:52.348+0000] {logging_mixin.py:151} INFO - [2024-11-05T14:49:52.348+0000] {dagbag.py:539} INFO - Filling up the DagBag from /opt/airflow/dags/producer.py
[2024-11-05T14:49:52.355+0000] {processor.py:839} INFO - DAG(s) dict_keys(['producer']) retrieved from /opt/airflow/dags/producer.py
[2024-11-05T14:49:52.375+0000] {logging_mixin.py:151} INFO - [2024-11-05T14:49:52.375+0000] {dag.py:2915} INFO - Sync 1 DAGs
[2024-11-05T14:49:52.390+0000] {logging_mixin.py:151} INFO - [2024-11-05T14:49:52.390+0000] {dag.py:3696} INFO - Setting next_dagrun for producer to 2024-11-04T00:00:00+00:00, run_after=2024-11-05T00:00:00+00:00
[2024-11-05T14:49:52.410+0000] {processor.py:179} INFO - Processing /opt/airflow/dags/producer.py took 0.068 seconds
[2024-11-05T14:50:23.035+0000] {processor.py:157} INFO - Started process (PID=153) to work on /opt/airflow/dags/producer.py
[2024-11-05T14:50:23.038+0000] {processor.py:829} INFO - Processing file /opt/airflow/dags/producer.py for tasks to queue
[2024-11-05T14:50:23.040+0000] {logging_mixin.py:151} INFO - [2024-11-05T14:50:23.040+0000] {dagbag.py:539} INFO - Filling up the DagBag from /opt/airflow/dags/producer.py
[2024-11-05T14:50:23.048+0000] {processor.py:839} INFO - DAG(s) dict_keys(['producer']) retrieved from /opt/airflow/dags/producer.py
[2024-11-05T14:50:23.070+0000] {logging_mixin.py:151} INFO - [2024-11-05T14:50:23.070+0000] {dag.py:2915} INFO - Sync 1 DAGs
[2024-11-05T14:50:23.087+0000] {logging_mixin.py:151} INFO - [2024-11-05T14:50:23.087+0000] {dag.py:3696} INFO - Setting next_dagrun for producer to 2024-11-04T00:00:00+00:00, run_after=2024-11-05T00:00:00+00:00
[2024-11-05T14:50:23.108+0000] {processor.py:179} INFO - Processing /opt/airflow/dags/producer.py took 0.076 seconds
[2024-11-05T14:50:53.954+0000] {processor.py:157} INFO - Started process (PID=165) to work on /opt/airflow/dags/producer.py
[2024-11-05T14:50:53.957+0000] {processor.py:829} INFO - Processing file /opt/airflow/dags/producer.py for tasks to queue
[2024-11-05T14:50:53.958+0000] {logging_mixin.py:151} INFO - [2024-11-05T14:50:53.958+0000] {dagbag.py:539} INFO - Filling up the DagBag from /opt/airflow/dags/producer.py
[2024-11-05T14:50:53.967+0000] {processor.py:839} INFO - DAG(s) dict_keys(['producer']) retrieved from /opt/airflow/dags/producer.py
[2024-11-05T14:50:53.988+0000] {logging_mixin.py:151} INFO - [2024-11-05T14:50:53.987+0000] {dag.py:2915} INFO - Sync 1 DAGs
[2024-11-05T14:50:54.002+0000] {logging_mixin.py:151} INFO - [2024-11-05T14:50:54.002+0000] {dag.py:3696} INFO - Setting next_dagrun for producer to 2024-11-04T00:00:00+00:00, run_after=2024-11-05T00:00:00+00:00
[2024-11-05T14:50:54.022+0000] {processor.py:179} INFO - Processing /opt/airflow/dags/producer.py took 0.071 seconds
[2024-11-05T14:51:24.837+0000] {processor.py:157} INFO - Started process (PID=177) to work on /opt/airflow/dags/producer.py
[2024-11-05T14:51:24.843+0000] {processor.py:829} INFO - Processing file /opt/airflow/dags/producer.py for tasks to queue
[2024-11-05T14:51:24.844+0000] {logging_mixin.py:151} INFO - [2024-11-05T14:51:24.844+0000] {dagbag.py:539} INFO - Filling up the DagBag from /opt/airflow/dags/producer.py
[2024-11-05T14:51:24.851+0000] {processor.py:839} INFO - DAG(s) dict_keys(['producer']) retrieved from /opt/airflow/dags/producer.py
[2024-11-05T14:51:24.869+0000] {logging_mixin.py:151} INFO - [2024-11-05T14:51:24.869+0000] {dag.py:2915} INFO - Sync 1 DAGs
[2024-11-05T14:51:24.884+0000] {logging_mixin.py:151} INFO - [2024-11-05T14:51:24.884+0000] {dag.py:3696} INFO - Setting next_dagrun for producer to 2024-11-04T00:00:00+00:00, run_after=2024-11-05T00:00:00+00:00
[2024-11-05T14:51:24.902+0000] {processor.py:179} INFO - Processing /opt/airflow/dags/producer.py took 0.067 seconds
[2024-11-05T14:51:55.655+0000] {processor.py:157} INFO - Started process (PID=189) to work on /opt/airflow/dags/producer.py
[2024-11-05T14:51:55.656+0000] {processor.py:829} INFO - Processing file /opt/airflow/dags/producer.py for tasks to queue
[2024-11-05T14:51:55.657+0000] {logging_mixin.py:151} INFO - [2024-11-05T14:51:55.657+0000] {dagbag.py:539} INFO - Filling up the DagBag from /opt/airflow/dags/producer.py
[2024-11-05T14:51:55.666+0000] {processor.py:839} INFO - DAG(s) dict_keys(['producer']) retrieved from /opt/airflow/dags/producer.py
[2024-11-05T14:51:55.688+0000] {logging_mixin.py:151} INFO - [2024-11-05T14:51:55.688+0000] {dag.py:2915} INFO - Sync 1 DAGs
[2024-11-05T14:51:55.705+0000] {logging_mixin.py:151} INFO - [2024-11-05T14:51:55.705+0000] {dag.py:3696} INFO - Setting next_dagrun for producer to 2024-11-04T00:00:00+00:00, run_after=2024-11-05T00:00:00+00:00
[2024-11-05T14:51:55.723+0000] {processor.py:179} INFO - Processing /opt/airflow/dags/producer.py took 0.070 seconds
[2024-11-05T14:52:26.546+0000] {processor.py:157} INFO - Started process (PID=201) to work on /opt/airflow/dags/producer.py
[2024-11-05T14:52:26.550+0000] {processor.py:829} INFO - Processing file /opt/airflow/dags/producer.py for tasks to queue
[2024-11-05T14:52:26.551+0000] {logging_mixin.py:151} INFO - [2024-11-05T14:52:26.551+0000] {dagbag.py:539} INFO - Filling up the DagBag from /opt/airflow/dags/producer.py
[2024-11-05T14:52:26.558+0000] {processor.py:839} INFO - DAG(s) dict_keys(['producer']) retrieved from /opt/airflow/dags/producer.py
[2024-11-05T14:52:26.583+0000] {logging_mixin.py:151} INFO - [2024-11-05T14:52:26.583+0000] {dag.py:2915} INFO - Sync 1 DAGs
[2024-11-05T14:52:26.598+0000] {logging_mixin.py:151} INFO - [2024-11-05T14:52:26.598+0000] {dag.py:3696} INFO - Setting next_dagrun for producer to 2024-11-04T00:00:00+00:00, run_after=2024-11-05T00:00:00+00:00
[2024-11-05T14:52:26.616+0000] {processor.py:179} INFO - Processing /opt/airflow/dags/producer.py took 0.072 seconds
[2024-11-05T14:52:57.485+0000] {processor.py:157} INFO - Started process (PID=213) to work on /opt/airflow/dags/producer.py
[2024-11-05T14:52:57.489+0000] {processor.py:829} INFO - Processing file /opt/airflow/dags/producer.py for tasks to queue
[2024-11-05T14:52:57.490+0000] {logging_mixin.py:151} INFO - [2024-11-05T14:52:57.490+0000] {dagbag.py:539} INFO - Filling up the DagBag from /opt/airflow/dags/producer.py
[2024-11-05T14:52:57.497+0000] {processor.py:839} INFO - DAG(s) dict_keys(['producer']) retrieved from /opt/airflow/dags/producer.py
[2024-11-05T14:52:57.516+0000] {logging_mixin.py:151} INFO - [2024-11-05T14:52:57.516+0000] {dag.py:2915} INFO - Sync 1 DAGs
[2024-11-05T14:52:57.531+0000] {logging_mixin.py:151} INFO - [2024-11-05T14:52:57.531+0000] {dag.py:3696} INFO - Setting next_dagrun for producer to 2024-11-04T00:00:00+00:00, run_after=2024-11-05T00:00:00+00:00
[2024-11-05T14:52:57.552+0000] {processor.py:179} INFO - Processing /opt/airflow/dags/producer.py took 0.069 seconds
[2024-11-05T14:53:28.220+0000] {processor.py:157} INFO - Started process (PID=225) to work on /opt/airflow/dags/producer.py
[2024-11-05T14:53:28.222+0000] {processor.py:829} INFO - Processing file /opt/airflow/dags/producer.py for tasks to queue
[2024-11-05T14:53:28.224+0000] {logging_mixin.py:151} INFO - [2024-11-05T14:53:28.224+0000] {dagbag.py:539} INFO - Filling up the DagBag from /opt/airflow/dags/producer.py
[2024-11-05T14:53:28.230+0000] {processor.py:839} INFO - DAG(s) dict_keys(['producer']) retrieved from /opt/airflow/dags/producer.py
[2024-11-05T14:53:28.249+0000] {logging_mixin.py:151} INFO - [2024-11-05T14:53:28.249+0000] {dag.py:2915} INFO - Sync 1 DAGs
[2024-11-05T14:53:28.264+0000] {logging_mixin.py:151} INFO - [2024-11-05T14:53:28.264+0000] {dag.py:3696} INFO - Setting next_dagrun for producer to 2024-11-04T00:00:00+00:00, run_after=2024-11-05T00:00:00+00:00
[2024-11-05T14:53:28.285+0000] {processor.py:179} INFO - Processing /opt/airflow/dags/producer.py took 0.067 seconds
[2024-11-05T14:53:59.032+0000] {processor.py:157} INFO - Started process (PID=237) to work on /opt/airflow/dags/producer.py
[2024-11-05T14:53:59.034+0000] {processor.py:829} INFO - Processing file /opt/airflow/dags/producer.py for tasks to queue
[2024-11-05T14:53:59.036+0000] {logging_mixin.py:151} INFO - [2024-11-05T14:53:59.035+0000] {dagbag.py:539} INFO - Filling up the DagBag from /opt/airflow/dags/producer.py
[2024-11-05T14:53:59.042+0000] {processor.py:839} INFO - DAG(s) dict_keys(['producer']) retrieved from /opt/airflow/dags/producer.py
[2024-11-05T14:53:59.063+0000] {logging_mixin.py:151} INFO - [2024-11-05T14:53:59.062+0000] {dag.py:2915} INFO - Sync 1 DAGs
[2024-11-05T14:53:59.078+0000] {logging_mixin.py:151} INFO - [2024-11-05T14:53:59.078+0000] {dag.py:3696} INFO - Setting next_dagrun for producer to 2024-11-04T00:00:00+00:00, run_after=2024-11-05T00:00:00+00:00
[2024-11-05T14:53:59.098+0000] {processor.py:179} INFO - Processing /opt/airflow/dags/producer.py took 0.069 seconds
[2024-11-05T14:54:29.464+0000] {processor.py:157} INFO - Started process (PID=249) to work on /opt/airflow/dags/producer.py
[2024-11-05T14:54:29.464+0000] {processor.py:829} INFO - Processing file /opt/airflow/dags/producer.py for tasks to queue
[2024-11-05T14:54:29.466+0000] {logging_mixin.py:151} INFO - [2024-11-05T14:54:29.466+0000] {dagbag.py:539} INFO - Filling up the DagBag from /opt/airflow/dags/producer.py
[2024-11-05T14:54:29.475+0000] {processor.py:839} INFO - DAG(s) dict_keys(['producer']) retrieved from /opt/airflow/dags/producer.py
[2024-11-05T14:54:29.497+0000] {logging_mixin.py:151} INFO - [2024-11-05T14:54:29.496+0000] {dag.py:2915} INFO - Sync 1 DAGs
[2024-11-05T14:54:29.512+0000] {logging_mixin.py:151} INFO - [2024-11-05T14:54:29.512+0000] {dag.py:3696} INFO - Setting next_dagrun for producer to 2024-11-04T00:00:00+00:00, run_after=2024-11-05T00:00:00+00:00
[2024-11-05T14:54:29.532+0000] {processor.py:179} INFO - Processing /opt/airflow/dags/producer.py took 0.071 seconds
[2024-11-05T14:54:59.884+0000] {processor.py:157} INFO - Started process (PID=261) to work on /opt/airflow/dags/producer.py
[2024-11-05T14:54:59.886+0000] {processor.py:829} INFO - Processing file /opt/airflow/dags/producer.py for tasks to queue
[2024-11-05T14:54:59.887+0000] {logging_mixin.py:151} INFO - [2024-11-05T14:54:59.887+0000] {dagbag.py:539} INFO - Filling up the DagBag from /opt/airflow/dags/producer.py
[2024-11-05T14:54:59.894+0000] {processor.py:839} INFO - DAG(s) dict_keys(['producer']) retrieved from /opt/airflow/dags/producer.py
[2024-11-05T14:54:59.913+0000] {logging_mixin.py:151} INFO - [2024-11-05T14:54:59.913+0000] {dag.py:2915} INFO - Sync 1 DAGs
[2024-11-05T14:54:59.928+0000] {logging_mixin.py:151} INFO - [2024-11-05T14:54:59.928+0000] {dag.py:3696} INFO - Setting next_dagrun for producer to 2024-11-04T00:00:00+00:00, run_after=2024-11-05T00:00:00+00:00
[2024-11-05T14:54:59.949+0000] {processor.py:179} INFO - Processing /opt/airflow/dags/producer.py took 0.071 seconds
[2024-11-05T14:55:30.103+0000] {processor.py:157} INFO - Started process (PID=273) to work on /opt/airflow/dags/producer.py
[2024-11-05T14:55:30.104+0000] {processor.py:829} INFO - Processing file /opt/airflow/dags/producer.py for tasks to queue
[2024-11-05T14:55:30.105+0000] {logging_mixin.py:151} INFO - [2024-11-05T14:55:30.105+0000] {dagbag.py:539} INFO - Filling up the DagBag from /opt/airflow/dags/producer.py
[2024-11-05T14:55:30.112+0000] {processor.py:839} INFO - DAG(s) dict_keys(['producer']) retrieved from /opt/airflow/dags/producer.py
[2024-11-05T14:55:30.132+0000] {logging_mixin.py:151} INFO - [2024-11-05T14:55:30.132+0000] {dag.py:2915} INFO - Sync 1 DAGs
[2024-11-05T14:55:30.148+0000] {logging_mixin.py:151} INFO - [2024-11-05T14:55:30.148+0000] {dag.py:3696} INFO - Setting next_dagrun for producer to 2024-11-04T00:00:00+00:00, run_after=2024-11-05T00:00:00+00:00
[2024-11-05T14:55:30.166+0000] {processor.py:179} INFO - Processing /opt/airflow/dags/producer.py took 0.065 seconds
[2024-11-05T14:56:00.864+0000] {processor.py:157} INFO - Started process (PID=285) to work on /opt/airflow/dags/producer.py
[2024-11-05T14:56:00.866+0000] {processor.py:829} INFO - Processing file /opt/airflow/dags/producer.py for tasks to queue
[2024-11-05T14:56:00.869+0000] {logging_mixin.py:151} INFO - [2024-11-05T14:56:00.868+0000] {dagbag.py:539} INFO - Filling up the DagBag from /opt/airflow/dags/producer.py
[2024-11-05T14:56:00.876+0000] {processor.py:839} INFO - DAG(s) dict_keys(['producer']) retrieved from /opt/airflow/dags/producer.py
[2024-11-05T14:56:00.897+0000] {logging_mixin.py:151} INFO - [2024-11-05T14:56:00.897+0000] {dag.py:2915} INFO - Sync 1 DAGs
[2024-11-05T14:56:00.912+0000] {logging_mixin.py:151} INFO - [2024-11-05T14:56:00.912+0000] {dag.py:3696} INFO - Setting next_dagrun for producer to 2024-11-04T00:00:00+00:00, run_after=2024-11-05T00:00:00+00:00
[2024-11-05T14:56:00.934+0000] {processor.py:179} INFO - Processing /opt/airflow/dags/producer.py took 0.072 seconds
[2024-11-05T14:56:31.169+0000] {processor.py:157} INFO - Started process (PID=297) to work on /opt/airflow/dags/producer.py
[2024-11-05T14:56:31.169+0000] {processor.py:829} INFO - Processing file /opt/airflow/dags/producer.py for tasks to queue
[2024-11-05T14:56:31.171+0000] {logging_mixin.py:151} INFO - [2024-11-05T14:56:31.171+0000] {dagbag.py:539} INFO - Filling up the DagBag from /opt/airflow/dags/producer.py
[2024-11-05T14:56:31.178+0000] {processor.py:839} INFO - DAG(s) dict_keys(['producer']) retrieved from /opt/airflow/dags/producer.py
[2024-11-05T14:56:31.199+0000] {logging_mixin.py:151} INFO - [2024-11-05T14:56:31.199+0000] {dag.py:2915} INFO - Sync 1 DAGs
[2024-11-05T14:56:31.214+0000] {logging_mixin.py:151} INFO - [2024-11-05T14:56:31.214+0000] {dag.py:3696} INFO - Setting next_dagrun for producer to 2024-11-04T00:00:00+00:00, run_after=2024-11-05T00:00:00+00:00
[2024-11-05T14:56:31.236+0000] {processor.py:179} INFO - Processing /opt/airflow/dags/producer.py took 0.070 seconds
[2024-11-05T14:57:01.559+0000] {processor.py:157} INFO - Started process (PID=308) to work on /opt/airflow/dags/producer.py
[2024-11-05T14:57:01.560+0000] {processor.py:829} INFO - Processing file /opt/airflow/dags/producer.py for tasks to queue
[2024-11-05T14:57:01.562+0000] {logging_mixin.py:151} INFO - [2024-11-05T14:57:01.561+0000] {dagbag.py:539} INFO - Filling up the DagBag from /opt/airflow/dags/producer.py
[2024-11-05T14:57:01.569+0000] {processor.py:839} INFO - DAG(s) dict_keys(['producer']) retrieved from /opt/airflow/dags/producer.py
[2024-11-05T14:57:01.588+0000] {logging_mixin.py:151} INFO - [2024-11-05T14:57:01.588+0000] {dag.py:2915} INFO - Sync 1 DAGs
[2024-11-05T14:57:01.603+0000] {logging_mixin.py:151} INFO - [2024-11-05T14:57:01.603+0000] {dag.py:3696} INFO - Setting next_dagrun for producer to 2024-11-04T00:00:00+00:00, run_after=2024-11-05T00:00:00+00:00
[2024-11-05T14:57:01.624+0000] {processor.py:179} INFO - Processing /opt/airflow/dags/producer.py took 0.069 seconds
[2024-11-05T14:57:32.206+0000] {processor.py:157} INFO - Started process (PID=320) to work on /opt/airflow/dags/producer.py
[2024-11-05T14:57:32.208+0000] {processor.py:829} INFO - Processing file /opt/airflow/dags/producer.py for tasks to queue
[2024-11-05T14:57:32.209+0000] {logging_mixin.py:151} INFO - [2024-11-05T14:57:32.209+0000] {dagbag.py:539} INFO - Filling up the DagBag from /opt/airflow/dags/producer.py
[2024-11-05T14:57:32.216+0000] {processor.py:839} INFO - DAG(s) dict_keys(['producer']) retrieved from /opt/airflow/dags/producer.py
[2024-11-05T14:57:32.238+0000] {logging_mixin.py:151} INFO - [2024-11-05T14:57:32.238+0000] {dag.py:2915} INFO - Sync 1 DAGs
[2024-11-05T14:57:32.253+0000] {logging_mixin.py:151} INFO - [2024-11-05T14:57:32.253+0000] {dag.py:3696} INFO - Setting next_dagrun for producer to 2024-11-04T00:00:00+00:00, run_after=2024-11-05T00:00:00+00:00
[2024-11-05T14:57:32.275+0000] {processor.py:179} INFO - Processing /opt/airflow/dags/producer.py took 0.072 seconds
[2024-11-05T14:58:01.538+0000] {processor.py:157} INFO - Started process (PID=332) to work on /opt/airflow/dags/producer.py
[2024-11-05T14:58:01.539+0000] {processor.py:829} INFO - Processing file /opt/airflow/dags/producer.py for tasks to queue
[2024-11-05T14:58:01.541+0000] {logging_mixin.py:151} INFO - [2024-11-05T14:58:01.541+0000] {dagbag.py:539} INFO - Filling up the DagBag from /opt/airflow/dags/producer.py
[2024-11-05T14:58:01.548+0000] {processor.py:839} INFO - DAG(s) dict_keys(['producer']) retrieved from /opt/airflow/dags/producer.py
[2024-11-05T14:58:01.570+0000] {logging_mixin.py:151} INFO - [2024-11-05T14:58:01.570+0000] {dag.py:2915} INFO - Sync 1 DAGs
[2024-11-05T14:58:01.588+0000] {logging_mixin.py:151} INFO - [2024-11-05T14:58:01.588+0000] {dag.py:3696} INFO - Setting next_dagrun for producer to 2024-11-04T00:00:00+00:00, run_after=2024-11-05T00:00:00+00:00
[2024-11-05T14:58:01.607+0000] {processor.py:179} INFO - Processing /opt/airflow/dags/producer.py took 0.071 seconds
[2024-11-05T14:58:32.205+0000] {processor.py:157} INFO - Started process (PID=344) to work on /opt/airflow/dags/producer.py
[2024-11-05T14:58:32.208+0000] {processor.py:829} INFO - Processing file /opt/airflow/dags/producer.py for tasks to queue
[2024-11-05T14:58:32.209+0000] {logging_mixin.py:151} INFO - [2024-11-05T14:58:32.209+0000] {dagbag.py:539} INFO - Filling up the DagBag from /opt/airflow/dags/producer.py
[2024-11-05T14:58:32.216+0000] {processor.py:839} INFO - DAG(s) dict_keys(['producer']) retrieved from /opt/airflow/dags/producer.py
[2024-11-05T14:58:32.237+0000] {logging_mixin.py:151} INFO - [2024-11-05T14:58:32.237+0000] {dag.py:2915} INFO - Sync 1 DAGs
[2024-11-05T14:58:32.252+0000] {logging_mixin.py:151} INFO - [2024-11-05T14:58:32.252+0000] {dag.py:3696} INFO - Setting next_dagrun for producer to 2024-11-04T00:00:00+00:00, run_after=2024-11-05T00:00:00+00:00
[2024-11-05T14:58:32.275+0000] {processor.py:179} INFO - Processing /opt/airflow/dags/producer.py took 0.072 seconds
[2024-11-05T14:59:02.763+0000] {processor.py:157} INFO - Started process (PID=356) to work on /opt/airflow/dags/producer.py
[2024-11-05T14:59:02.763+0000] {processor.py:829} INFO - Processing file /opt/airflow/dags/producer.py for tasks to queue
[2024-11-05T14:59:02.765+0000] {logging_mixin.py:151} INFO - [2024-11-05T14:59:02.765+0000] {dagbag.py:539} INFO - Filling up the DagBag from /opt/airflow/dags/producer.py
[2024-11-05T14:59:02.771+0000] {processor.py:839} INFO - DAG(s) dict_keys(['producer']) retrieved from /opt/airflow/dags/producer.py
[2024-11-05T14:59:02.796+0000] {logging_mixin.py:151} INFO - [2024-11-05T14:59:02.795+0000] {dag.py:2915} INFO - Sync 1 DAGs
[2024-11-05T14:59:02.810+0000] {logging_mixin.py:151} INFO - [2024-11-05T14:59:02.810+0000] {dag.py:3696} INFO - Setting next_dagrun for producer to 2024-11-04T00:00:00+00:00, run_after=2024-11-05T00:00:00+00:00
[2024-11-05T14:59:02.828+0000] {processor.py:179} INFO - Processing /opt/airflow/dags/producer.py took 0.079 seconds
[2024-11-05T14:59:33.436+0000] {processor.py:157} INFO - Started process (PID=368) to work on /opt/airflow/dags/producer.py
[2024-11-05T14:59:33.438+0000] {processor.py:829} INFO - Processing file /opt/airflow/dags/producer.py for tasks to queue
[2024-11-05T14:59:33.440+0000] {logging_mixin.py:151} INFO - [2024-11-05T14:59:33.440+0000] {dagbag.py:539} INFO - Filling up the DagBag from /opt/airflow/dags/producer.py
[2024-11-05T14:59:33.448+0000] {processor.py:839} INFO - DAG(s) dict_keys(['producer']) retrieved from /opt/airflow/dags/producer.py
[2024-11-05T14:59:33.470+0000] {logging_mixin.py:151} INFO - [2024-11-05T14:59:33.470+0000] {dag.py:2915} INFO - Sync 1 DAGs
[2024-11-05T14:59:33.487+0000] {logging_mixin.py:151} INFO - [2024-11-05T14:59:33.487+0000] {dag.py:3696} INFO - Setting next_dagrun for producer to 2024-11-04T00:00:00+00:00, run_after=2024-11-05T00:00:00+00:00
[2024-11-05T14:59:33.507+0000] {processor.py:179} INFO - Processing /opt/airflow/dags/producer.py took 0.074 seconds
[2024-11-05T15:00:04.215+0000] {processor.py:157} INFO - Started process (PID=380) to work on /opt/airflow/dags/producer.py
[2024-11-05T15:00:04.218+0000] {processor.py:829} INFO - Processing file /opt/airflow/dags/producer.py for tasks to queue
[2024-11-05T15:00:04.219+0000] {logging_mixin.py:151} INFO - [2024-11-05T15:00:04.219+0000] {dagbag.py:539} INFO - Filling up the DagBag from /opt/airflow/dags/producer.py
[2024-11-05T15:00:04.226+0000] {processor.py:839} INFO - DAG(s) dict_keys(['producer']) retrieved from /opt/airflow/dags/producer.py
[2024-11-05T15:00:04.246+0000] {logging_mixin.py:151} INFO - [2024-11-05T15:00:04.246+0000] {dag.py:2915} INFO - Sync 1 DAGs
[2024-11-05T15:00:04.261+0000] {logging_mixin.py:151} INFO - [2024-11-05T15:00:04.261+0000] {dag.py:3696} INFO - Setting next_dagrun for producer to 2024-11-04T00:00:00+00:00, run_after=2024-11-05T00:00:00+00:00
[2024-11-05T15:00:04.280+0000] {processor.py:179} INFO - Processing /opt/airflow/dags/producer.py took 0.068 seconds
[2024-11-05T15:00:34.304+0000] {processor.py:157} INFO - Started process (PID=392) to work on /opt/airflow/dags/producer.py
[2024-11-05T15:00:34.310+0000] {processor.py:829} INFO - Processing file /opt/airflow/dags/producer.py for tasks to queue
[2024-11-05T15:00:34.312+0000] {logging_mixin.py:151} INFO - [2024-11-05T15:00:34.312+0000] {dagbag.py:539} INFO - Filling up the DagBag from /opt/airflow/dags/producer.py
[2024-11-05T15:00:34.319+0000] {processor.py:839} INFO - DAG(s) dict_keys(['producer']) retrieved from /opt/airflow/dags/producer.py
[2024-11-05T15:00:34.341+0000] {logging_mixin.py:151} INFO - [2024-11-05T15:00:34.341+0000] {dag.py:2915} INFO - Sync 1 DAGs
[2024-11-05T15:00:34.357+0000] {logging_mixin.py:151} INFO - [2024-11-05T15:00:34.357+0000] {dag.py:3696} INFO - Setting next_dagrun for producer to 2024-11-04T00:00:00+00:00, run_after=2024-11-05T00:00:00+00:00
[2024-11-05T15:00:34.375+0000] {processor.py:179} INFO - Processing /opt/airflow/dags/producer.py took 0.074 seconds
[2024-11-05T15:01:04.706+0000] {processor.py:157} INFO - Started process (PID=404) to work on /opt/airflow/dags/producer.py
[2024-11-05T15:01:04.708+0000] {processor.py:829} INFO - Processing file /opt/airflow/dags/producer.py for tasks to queue
[2024-11-05T15:01:04.710+0000] {logging_mixin.py:151} INFO - [2024-11-05T15:01:04.710+0000] {dagbag.py:539} INFO - Filling up the DagBag from /opt/airflow/dags/producer.py
[2024-11-05T15:01:04.718+0000] {processor.py:839} INFO - DAG(s) dict_keys(['producer']) retrieved from /opt/airflow/dags/producer.py
[2024-11-05T15:01:04.740+0000] {logging_mixin.py:151} INFO - [2024-11-05T15:01:04.740+0000] {dag.py:2915} INFO - Sync 1 DAGs
[2024-11-05T15:01:04.757+0000] {logging_mixin.py:151} INFO - [2024-11-05T15:01:04.757+0000] {dag.py:3696} INFO - Setting next_dagrun for producer to 2024-11-04T00:00:00+00:00, run_after=2024-11-05T00:00:00+00:00
[2024-11-05T15:01:04.782+0000] {processor.py:179} INFO - Processing /opt/airflow/dags/producer.py took 0.078 seconds
[2024-11-05T15:01:34.882+0000] {processor.py:157} INFO - Started process (PID=416) to work on /opt/airflow/dags/producer.py
[2024-11-05T15:01:34.884+0000] {processor.py:829} INFO - Processing file /opt/airflow/dags/producer.py for tasks to queue
[2024-11-05T15:01:34.886+0000] {logging_mixin.py:151} INFO - [2024-11-05T15:01:34.886+0000] {dagbag.py:539} INFO - Filling up the DagBag from /opt/airflow/dags/producer.py
[2024-11-05T15:01:34.894+0000] {processor.py:839} INFO - DAG(s) dict_keys(['producer']) retrieved from /opt/airflow/dags/producer.py
[2024-11-05T15:01:34.917+0000] {logging_mixin.py:151} INFO - [2024-11-05T15:01:34.917+0000] {dag.py:2915} INFO - Sync 1 DAGs
[2024-11-05T15:01:34.936+0000] {logging_mixin.py:151} INFO - [2024-11-05T15:01:34.936+0000] {dag.py:3696} INFO - Setting next_dagrun for producer to 2024-11-04T00:00:00+00:00, run_after=2024-11-05T00:00:00+00:00
[2024-11-05T15:01:34.959+0000] {processor.py:179} INFO - Processing /opt/airflow/dags/producer.py took 0.080 seconds
[2024-11-05T15:02:05.889+0000] {processor.py:157} INFO - Started process (PID=428) to work on /opt/airflow/dags/producer.py
[2024-11-05T15:02:05.891+0000] {processor.py:829} INFO - Processing file /opt/airflow/dags/producer.py for tasks to queue
[2024-11-05T15:02:05.893+0000] {logging_mixin.py:151} INFO - [2024-11-05T15:02:05.892+0000] {dagbag.py:539} INFO - Filling up the DagBag from /opt/airflow/dags/producer.py
[2024-11-05T15:02:05.900+0000] {processor.py:839} INFO - DAG(s) dict_keys(['producer']) retrieved from /opt/airflow/dags/producer.py
[2024-11-05T15:02:05.923+0000] {logging_mixin.py:151} INFO - [2024-11-05T15:02:05.923+0000] {dag.py:2915} INFO - Sync 1 DAGs
[2024-11-05T15:02:05.941+0000] {logging_mixin.py:151} INFO - [2024-11-05T15:02:05.940+0000] {dag.py:3696} INFO - Setting next_dagrun for producer to 2024-11-04T00:00:00+00:00, run_after=2024-11-05T00:00:00+00:00
[2024-11-05T15:02:05.966+0000] {processor.py:179} INFO - Processing /opt/airflow/dags/producer.py took 0.080 seconds
[2024-11-05T15:02:36.037+0000] {processor.py:157} INFO - Started process (PID=439) to work on /opt/airflow/dags/producer.py
[2024-11-05T15:02:36.039+0000] {processor.py:829} INFO - Processing file /opt/airflow/dags/producer.py for tasks to queue
[2024-11-05T15:02:36.041+0000] {logging_mixin.py:151} INFO - [2024-11-05T15:02:36.041+0000] {dagbag.py:539} INFO - Filling up the DagBag from /opt/airflow/dags/producer.py
[2024-11-05T15:02:36.050+0000] {processor.py:839} INFO - DAG(s) dict_keys(['producer']) retrieved from /opt/airflow/dags/producer.py
[2024-11-05T15:02:36.072+0000] {logging_mixin.py:151} INFO - [2024-11-05T15:02:36.072+0000] {dag.py:2915} INFO - Sync 1 DAGs
[2024-11-05T15:02:36.089+0000] {logging_mixin.py:151} INFO - [2024-11-05T15:02:36.089+0000] {dag.py:3696} INFO - Setting next_dagrun for producer to 2024-11-04T00:00:00+00:00, run_after=2024-11-05T00:00:00+00:00
[2024-11-05T15:02:36.112+0000] {processor.py:179} INFO - Processing /opt/airflow/dags/producer.py took 0.077 seconds
[2024-11-05T15:03:07.111+0000] {processor.py:157} INFO - Started process (PID=460) to work on /opt/airflow/dags/producer.py
[2024-11-05T15:03:07.113+0000] {processor.py:829} INFO - Processing file /opt/airflow/dags/producer.py for tasks to queue
[2024-11-05T15:03:07.115+0000] {logging_mixin.py:151} INFO - [2024-11-05T15:03:07.115+0000] {dagbag.py:539} INFO - Filling up the DagBag from /opt/airflow/dags/producer.py
[2024-11-05T15:03:07.123+0000] {processor.py:839} INFO - DAG(s) dict_keys(['producer']) retrieved from /opt/airflow/dags/producer.py
[2024-11-05T15:03:07.145+0000] {logging_mixin.py:151} INFO - [2024-11-05T15:03:07.145+0000] {dag.py:2915} INFO - Sync 1 DAGs
[2024-11-05T15:03:07.163+0000] {logging_mixin.py:151} INFO - [2024-11-05T15:03:07.162+0000] {dag.py:3696} INFO - Setting next_dagrun for producer to 2024-11-05T00:00:00+00:00, run_after=2024-11-06T00:00:00+00:00
[2024-11-05T15:03:07.186+0000] {processor.py:179} INFO - Processing /opt/airflow/dags/producer.py took 0.078 seconds
[2024-11-05T15:03:38.211+0000] {processor.py:157} INFO - Started process (PID=472) to work on /opt/airflow/dags/producer.py
[2024-11-05T15:03:38.212+0000] {processor.py:829} INFO - Processing file /opt/airflow/dags/producer.py for tasks to queue
[2024-11-05T15:03:38.214+0000] {logging_mixin.py:151} INFO - [2024-11-05T15:03:38.213+0000] {dagbag.py:539} INFO - Filling up the DagBag from /opt/airflow/dags/producer.py
[2024-11-05T15:03:38.220+0000] {processor.py:839} INFO - DAG(s) dict_keys(['producer']) retrieved from /opt/airflow/dags/producer.py
[2024-11-05T15:03:38.239+0000] {logging_mixin.py:151} INFO - [2024-11-05T15:03:38.239+0000] {dag.py:2915} INFO - Sync 1 DAGs
[2024-11-05T15:03:38.255+0000] {logging_mixin.py:151} INFO - [2024-11-05T15:03:38.255+0000] {dag.py:3696} INFO - Setting next_dagrun for producer to 2024-11-05T00:00:00+00:00, run_after=2024-11-06T00:00:00+00:00
[2024-11-05T15:03:38.714+0000] {processor.py:179} INFO - Processing /opt/airflow/dags/producer.py took 0.510 seconds
[2024-11-05T15:04:08.737+0000] {processor.py:157} INFO - Started process (PID=484) to work on /opt/airflow/dags/producer.py
[2024-11-05T15:04:08.739+0000] {processor.py:829} INFO - Processing file /opt/airflow/dags/producer.py for tasks to queue
[2024-11-05T15:04:08.741+0000] {logging_mixin.py:151} INFO - [2024-11-05T15:04:08.741+0000] {dagbag.py:539} INFO - Filling up the DagBag from /opt/airflow/dags/producer.py
[2024-11-05T15:04:08.749+0000] {processor.py:839} INFO - DAG(s) dict_keys(['producer']) retrieved from /opt/airflow/dags/producer.py
[2024-11-05T15:04:08.773+0000] {logging_mixin.py:151} INFO - [2024-11-05T15:04:08.773+0000] {dag.py:2915} INFO - Sync 1 DAGs
[2024-11-05T15:04:08.791+0000] {logging_mixin.py:151} INFO - [2024-11-05T15:04:08.791+0000] {dag.py:3696} INFO - Setting next_dagrun for producer to 2024-11-05T00:00:00+00:00, run_after=2024-11-06T00:00:00+00:00
[2024-11-05T15:04:08.820+0000] {processor.py:179} INFO - Processing /opt/airflow/dags/producer.py took 0.086 seconds
[2024-11-05T15:04:38.919+0000] {processor.py:157} INFO - Started process (PID=496) to work on /opt/airflow/dags/producer.py
[2024-11-05T15:04:38.921+0000] {processor.py:829} INFO - Processing file /opt/airflow/dags/producer.py for tasks to queue
[2024-11-05T15:04:38.923+0000] {logging_mixin.py:151} INFO - [2024-11-05T15:04:38.922+0000] {dagbag.py:539} INFO - Filling up the DagBag from /opt/airflow/dags/producer.py
[2024-11-05T15:04:38.931+0000] {processor.py:839} INFO - DAG(s) dict_keys(['producer']) retrieved from /opt/airflow/dags/producer.py
[2024-11-05T15:04:38.953+0000] {logging_mixin.py:151} INFO - [2024-11-05T15:04:38.953+0000] {dag.py:2915} INFO - Sync 1 DAGs
[2024-11-05T15:04:38.971+0000] {logging_mixin.py:151} INFO - [2024-11-05T15:04:38.970+0000] {dag.py:3696} INFO - Setting next_dagrun for producer to 2024-11-05T00:00:00+00:00, run_after=2024-11-06T00:00:00+00:00
[2024-11-05T15:04:38.995+0000] {processor.py:179} INFO - Processing /opt/airflow/dags/producer.py took 0.079 seconds
[2024-11-05T15:05:09.991+0000] {processor.py:157} INFO - Started process (PID=508) to work on /opt/airflow/dags/producer.py
[2024-11-05T15:05:09.993+0000] {processor.py:829} INFO - Processing file /opt/airflow/dags/producer.py for tasks to queue
[2024-11-05T15:05:09.995+0000] {logging_mixin.py:151} INFO - [2024-11-05T15:05:09.995+0000] {dagbag.py:539} INFO - Filling up the DagBag from /opt/airflow/dags/producer.py
[2024-11-05T15:05:10.005+0000] {processor.py:839} INFO - DAG(s) dict_keys(['producer']) retrieved from /opt/airflow/dags/producer.py
[2024-11-05T15:05:10.028+0000] {logging_mixin.py:151} INFO - [2024-11-05T15:05:10.028+0000] {dag.py:2915} INFO - Sync 1 DAGs
[2024-11-05T15:05:10.047+0000] {logging_mixin.py:151} INFO - [2024-11-05T15:05:10.046+0000] {dag.py:3696} INFO - Setting next_dagrun for producer to 2024-11-05T00:00:00+00:00, run_after=2024-11-06T00:00:00+00:00
[2024-11-05T15:05:10.069+0000] {processor.py:179} INFO - Processing /opt/airflow/dags/producer.py took 0.081 seconds
[2024-11-05T15:05:40.283+0000] {processor.py:157} INFO - Started process (PID=520) to work on /opt/airflow/dags/producer.py
[2024-11-05T15:05:40.286+0000] {processor.py:829} INFO - Processing file /opt/airflow/dags/producer.py for tasks to queue
[2024-11-05T15:05:40.288+0000] {logging_mixin.py:151} INFO - [2024-11-05T15:05:40.287+0000] {dagbag.py:539} INFO - Filling up the DagBag from /opt/airflow/dags/producer.py
[2024-11-05T15:05:40.295+0000] {processor.py:839} INFO - DAG(s) dict_keys(['producer']) retrieved from /opt/airflow/dags/producer.py
[2024-11-05T15:05:40.316+0000] {logging_mixin.py:151} INFO - [2024-11-05T15:05:40.316+0000] {dag.py:2915} INFO - Sync 1 DAGs
[2024-11-05T15:05:40.332+0000] {logging_mixin.py:151} INFO - [2024-11-05T15:05:40.332+0000] {dag.py:3696} INFO - Setting next_dagrun for producer to 2024-11-05T00:00:00+00:00, run_after=2024-11-06T00:00:00+00:00
[2024-11-05T15:05:40.352+0000] {processor.py:179} INFO - Processing /opt/airflow/dags/producer.py took 0.072 seconds
[2024-11-05T15:06:11.173+0000] {processor.py:157} INFO - Started process (PID=532) to work on /opt/airflow/dags/producer.py
[2024-11-05T15:06:11.175+0000] {processor.py:829} INFO - Processing file /opt/airflow/dags/producer.py for tasks to queue
[2024-11-05T15:06:11.178+0000] {logging_mixin.py:151} INFO - [2024-11-05T15:06:11.178+0000] {dagbag.py:539} INFO - Filling up the DagBag from /opt/airflow/dags/producer.py
[2024-11-05T15:06:11.186+0000] {processor.py:839} INFO - DAG(s) dict_keys(['producer']) retrieved from /opt/airflow/dags/producer.py
[2024-11-05T15:06:11.211+0000] {logging_mixin.py:151} INFO - [2024-11-05T15:06:11.210+0000] {dag.py:2915} INFO - Sync 1 DAGs
[2024-11-05T15:06:11.230+0000] {logging_mixin.py:151} INFO - [2024-11-05T15:06:11.230+0000] {dag.py:3696} INFO - Setting next_dagrun for producer to 2024-11-05T00:00:00+00:00, run_after=2024-11-06T00:00:00+00:00
[2024-11-05T15:06:11.253+0000] {processor.py:179} INFO - Processing /opt/airflow/dags/producer.py took 0.083 seconds
[2024-11-05T15:06:42.118+0000] {processor.py:157} INFO - Started process (PID=544) to work on /opt/airflow/dags/producer.py
[2024-11-05T15:06:42.121+0000] {processor.py:829} INFO - Processing file /opt/airflow/dags/producer.py for tasks to queue
[2024-11-05T15:06:42.122+0000] {logging_mixin.py:151} INFO - [2024-11-05T15:06:42.122+0000] {dagbag.py:539} INFO - Filling up the DagBag from /opt/airflow/dags/producer.py
[2024-11-05T15:06:42.129+0000] {processor.py:839} INFO - DAG(s) dict_keys(['producer']) retrieved from /opt/airflow/dags/producer.py
[2024-11-05T15:06:42.149+0000] {logging_mixin.py:151} INFO - [2024-11-05T15:06:42.149+0000] {dag.py:2915} INFO - Sync 1 DAGs
[2024-11-05T15:06:42.164+0000] {logging_mixin.py:151} INFO - [2024-11-05T15:06:42.164+0000] {dag.py:3696} INFO - Setting next_dagrun for producer to 2024-11-05T00:00:00+00:00, run_after=2024-11-06T00:00:00+00:00
[2024-11-05T15:06:42.184+0000] {processor.py:179} INFO - Processing /opt/airflow/dags/producer.py took 0.069 seconds
[2024-11-05T15:07:13.079+0000] {processor.py:157} INFO - Started process (PID=556) to work on /opt/airflow/dags/producer.py
[2024-11-05T15:07:13.081+0000] {processor.py:829} INFO - Processing file /opt/airflow/dags/producer.py for tasks to queue
[2024-11-05T15:07:13.083+0000] {logging_mixin.py:151} INFO - [2024-11-05T15:07:13.083+0000] {dagbag.py:539} INFO - Filling up the DagBag from /opt/airflow/dags/producer.py
[2024-11-05T15:07:13.091+0000] {processor.py:839} INFO - DAG(s) dict_keys(['producer']) retrieved from /opt/airflow/dags/producer.py
[2024-11-05T15:07:13.114+0000] {logging_mixin.py:151} INFO - [2024-11-05T15:07:13.113+0000] {dag.py:2915} INFO - Sync 1 DAGs
[2024-11-05T15:07:13.130+0000] {logging_mixin.py:151} INFO - [2024-11-05T15:07:13.130+0000] {dag.py:3696} INFO - Setting next_dagrun for producer to 2024-11-05T00:00:00+00:00, run_after=2024-11-06T00:00:00+00:00
[2024-11-05T15:07:13.152+0000] {processor.py:179} INFO - Processing /opt/airflow/dags/producer.py took 0.076 seconds
[2024-11-05T15:07:44.097+0000] {processor.py:157} INFO - Started process (PID=568) to work on /opt/airflow/dags/producer.py
[2024-11-05T15:07:44.099+0000] {processor.py:829} INFO - Processing file /opt/airflow/dags/producer.py for tasks to queue
[2024-11-05T15:07:44.100+0000] {logging_mixin.py:151} INFO - [2024-11-05T15:07:44.100+0000] {dagbag.py:539} INFO - Filling up the DagBag from /opt/airflow/dags/producer.py
[2024-11-05T15:07:44.108+0000] {processor.py:839} INFO - DAG(s) dict_keys(['producer']) retrieved from /opt/airflow/dags/producer.py
[2024-11-05T15:07:44.130+0000] {logging_mixin.py:151} INFO - [2024-11-05T15:07:44.130+0000] {dag.py:2915} INFO - Sync 1 DAGs
[2024-11-05T15:07:44.147+0000] {logging_mixin.py:151} INFO - [2024-11-05T15:07:44.147+0000] {dag.py:3696} INFO - Setting next_dagrun for producer to 2024-11-05T00:00:00+00:00, run_after=2024-11-06T00:00:00+00:00
[2024-11-05T15:07:44.170+0000] {processor.py:179} INFO - Processing /opt/airflow/dags/producer.py took 0.076 seconds
[2024-11-05T15:08:15.103+0000] {processor.py:157} INFO - Started process (PID=580) to work on /opt/airflow/dags/producer.py
[2024-11-05T15:08:15.106+0000] {processor.py:829} INFO - Processing file /opt/airflow/dags/producer.py for tasks to queue
[2024-11-05T15:08:15.107+0000] {logging_mixin.py:151} INFO - [2024-11-05T15:08:15.107+0000] {dagbag.py:539} INFO - Filling up the DagBag from /opt/airflow/dags/producer.py
[2024-11-05T15:08:15.116+0000] {processor.py:839} INFO - DAG(s) dict_keys(['producer']) retrieved from /opt/airflow/dags/producer.py
[2024-11-05T15:08:15.136+0000] {logging_mixin.py:151} INFO - [2024-11-05T15:08:15.136+0000] {dag.py:2915} INFO - Sync 1 DAGs
[2024-11-05T15:08:15.152+0000] {logging_mixin.py:151} INFO - [2024-11-05T15:08:15.152+0000] {dag.py:3696} INFO - Setting next_dagrun for producer to 2024-11-05T00:00:00+00:00, run_after=2024-11-06T00:00:00+00:00
[2024-11-05T15:08:15.173+0000] {processor.py:179} INFO - Processing /opt/airflow/dags/producer.py took 0.073 seconds
[2024-11-05T15:08:46.050+0000] {processor.py:157} INFO - Started process (PID=592) to work on /opt/airflow/dags/producer.py
[2024-11-05T15:08:46.052+0000] {processor.py:829} INFO - Processing file /opt/airflow/dags/producer.py for tasks to queue
[2024-11-05T15:08:46.054+0000] {logging_mixin.py:151} INFO - [2024-11-05T15:08:46.054+0000] {dagbag.py:539} INFO - Filling up the DagBag from /opt/airflow/dags/producer.py
[2024-11-05T15:08:46.061+0000] {processor.py:839} INFO - DAG(s) dict_keys(['producer']) retrieved from /opt/airflow/dags/producer.py
[2024-11-05T15:08:46.081+0000] {logging_mixin.py:151} INFO - [2024-11-05T15:08:46.081+0000] {dag.py:2915} INFO - Sync 1 DAGs
[2024-11-05T15:08:46.096+0000] {logging_mixin.py:151} INFO - [2024-11-05T15:08:46.096+0000] {dag.py:3696} INFO - Setting next_dagrun for producer to 2024-11-05T00:00:00+00:00, run_after=2024-11-06T00:00:00+00:00
[2024-11-05T15:08:46.116+0000] {processor.py:179} INFO - Processing /opt/airflow/dags/producer.py took 0.069 seconds
[2024-11-05T15:09:17.067+0000] {processor.py:157} INFO - Started process (PID=604) to work on /opt/airflow/dags/producer.py
[2024-11-05T15:09:17.070+0000] {processor.py:829} INFO - Processing file /opt/airflow/dags/producer.py for tasks to queue
[2024-11-05T15:09:17.071+0000] {logging_mixin.py:151} INFO - [2024-11-05T15:09:17.071+0000] {dagbag.py:539} INFO - Filling up the DagBag from /opt/airflow/dags/producer.py
[2024-11-05T15:09:17.078+0000] {processor.py:839} INFO - DAG(s) dict_keys(['producer']) retrieved from /opt/airflow/dags/producer.py
[2024-11-05T15:09:17.098+0000] {logging_mixin.py:151} INFO - [2024-11-05T15:09:17.098+0000] {dag.py:2915} INFO - Sync 1 DAGs
[2024-11-05T15:09:17.113+0000] {logging_mixin.py:151} INFO - [2024-11-05T15:09:17.113+0000] {dag.py:3696} INFO - Setting next_dagrun for producer to 2024-11-05T00:00:00+00:00, run_after=2024-11-06T00:00:00+00:00
[2024-11-05T15:09:17.134+0000] {processor.py:179} INFO - Processing /opt/airflow/dags/producer.py took 0.071 seconds
