[2024-11-05T14:35:34.849+0000] {processor.py:157} INFO - Started process (PID=47) to work on /opt/airflow/dags/user_pipeline.py
[2024-11-05T14:35:34.850+0000] {processor.py:829} INFO - Processing file /opt/airflow/dags/user_pipeline.py for tasks to queue
[2024-11-05T14:35:34.851+0000] {logging_mixin.py:151} INFO - [2024-11-05T14:35:34.851+0000] {dagbag.py:539} INFO - Filling up the DagBag from /opt/airflow/dags/user_pipeline.py
[2024-11-05T14:35:34.863+0000] {logging_mixin.py:151} INFO - POSTGRES_USER: airflow
[2024-11-05T14:35:34.863+0000] {logging_mixin.py:151} INFO - POSTGRES_PASSWORD: airflow
[2024-11-05T14:35:34.863+0000] {logging_mixin.py:151} INFO - POSTGRES_DB: airflow
[2024-11-05T14:35:34.868+0000] {processor.py:839} INFO - DAG(s) dict_keys(['user_pipeline']) retrieved from /opt/airflow/dags/user_pipeline.py
[2024-11-05T14:35:34.904+0000] {logging_mixin.py:151} INFO - [2024-11-05T14:35:34.903+0000] {dag.py:2915} INFO - Sync 1 DAGs
[2024-11-05T14:35:34.921+0000] {logging_mixin.py:151} INFO - [2024-11-05T14:35:34.921+0000] {dag.py:3696} INFO - Setting next_dagrun for user_pipeline to 2024-11-05T00:00:00+00:00, run_after=2024-11-06T00:00:00+00:00
[2024-11-05T14:35:34.936+0000] {processor.py:179} INFO - Processing /opt/airflow/dags/user_pipeline.py took 0.089 seconds
[2024-11-05T14:36:05.056+0000] {processor.py:157} INFO - Started process (PID=59) to work on /opt/airflow/dags/user_pipeline.py
[2024-11-05T14:36:05.057+0000] {processor.py:829} INFO - Processing file /opt/airflow/dags/user_pipeline.py for tasks to queue
[2024-11-05T14:36:05.058+0000] {logging_mixin.py:151} INFO - [2024-11-05T14:36:05.058+0000] {dagbag.py:539} INFO - Filling up the DagBag from /opt/airflow/dags/user_pipeline.py
[2024-11-05T14:36:05.064+0000] {logging_mixin.py:151} INFO - POSTGRES_USER: airflow
[2024-11-05T14:36:05.064+0000] {logging_mixin.py:151} INFO - POSTGRES_PASSWORD: airflow
[2024-11-05T14:36:05.064+0000] {logging_mixin.py:151} INFO - POSTGRES_DB: airflow
[2024-11-05T14:36:05.069+0000] {processor.py:839} INFO - DAG(s) dict_keys(['user_pipeline']) retrieved from /opt/airflow/dags/user_pipeline.py
[2024-11-05T14:36:05.086+0000] {logging_mixin.py:151} INFO - [2024-11-05T14:36:05.086+0000] {dag.py:2915} INFO - Sync 1 DAGs
[2024-11-05T14:36:05.100+0000] {logging_mixin.py:151} INFO - [2024-11-05T14:36:05.100+0000] {dag.py:3696} INFO - Setting next_dagrun for user_pipeline to 2024-11-05T00:00:00+00:00, run_after=2024-11-06T00:00:00+00:00
[2024-11-05T14:36:05.114+0000] {processor.py:179} INFO - Processing /opt/airflow/dags/user_pipeline.py took 0.059 seconds
[2024-11-05T14:36:35.898+0000] {processor.py:157} INFO - Started process (PID=71) to work on /opt/airflow/dags/user_pipeline.py
[2024-11-05T14:36:35.899+0000] {processor.py:829} INFO - Processing file /opt/airflow/dags/user_pipeline.py for tasks to queue
[2024-11-05T14:36:35.902+0000] {logging_mixin.py:151} INFO - [2024-11-05T14:36:35.901+0000] {dagbag.py:539} INFO - Filling up the DagBag from /opt/airflow/dags/user_pipeline.py
[2024-11-05T14:36:35.908+0000] {logging_mixin.py:151} INFO - POSTGRES_USER: airflow
[2024-11-05T14:36:35.909+0000] {logging_mixin.py:151} INFO - POSTGRES_PASSWORD: airflow
[2024-11-05T14:36:35.909+0000] {logging_mixin.py:151} INFO - POSTGRES_DB: airflow
[2024-11-05T14:36:35.916+0000] {processor.py:839} INFO - DAG(s) dict_keys(['user_pipeline']) retrieved from /opt/airflow/dags/user_pipeline.py
[2024-11-05T14:36:35.927+0000] {logging_mixin.py:151} INFO - [2024-11-05T14:36:35.927+0000] {dag.py:2915} INFO - Sync 1 DAGs
[2024-11-05T14:36:35.948+0000] {logging_mixin.py:151} INFO - [2024-11-05T14:36:35.948+0000] {dag.py:3696} INFO - Setting next_dagrun for user_pipeline to 2024-11-05T00:00:00+00:00, run_after=2024-11-06T00:00:00+00:00
[2024-11-05T14:36:35.967+0000] {processor.py:179} INFO - Processing /opt/airflow/dags/user_pipeline.py took 0.072 seconds
[2024-11-05T14:37:06.258+0000] {processor.py:157} INFO - Started process (PID=83) to work on /opt/airflow/dags/user_pipeline.py
[2024-11-05T14:37:06.259+0000] {processor.py:829} INFO - Processing file /opt/airflow/dags/user_pipeline.py for tasks to queue
[2024-11-05T14:37:06.260+0000] {logging_mixin.py:151} INFO - [2024-11-05T14:37:06.260+0000] {dagbag.py:539} INFO - Filling up the DagBag from /opt/airflow/dags/user_pipeline.py
[2024-11-05T14:37:06.265+0000] {logging_mixin.py:151} INFO - POSTGRES_USER: airflow
[2024-11-05T14:37:06.265+0000] {logging_mixin.py:151} INFO - POSTGRES_PASSWORD: airflow
[2024-11-05T14:37:06.266+0000] {logging_mixin.py:151} INFO - POSTGRES_DB: airflow
[2024-11-05T14:37:06.270+0000] {processor.py:839} INFO - DAG(s) dict_keys(['user_pipeline']) retrieved from /opt/airflow/dags/user_pipeline.py
[2024-11-05T14:37:06.293+0000] {logging_mixin.py:151} INFO - [2024-11-05T14:37:06.293+0000] {dag.py:2915} INFO - Sync 1 DAGs
[2024-11-05T14:37:06.311+0000] {logging_mixin.py:151} INFO - [2024-11-05T14:37:06.311+0000] {dag.py:3696} INFO - Setting next_dagrun for user_pipeline to 2024-11-05T00:00:00+00:00, run_after=2024-11-06T00:00:00+00:00
[2024-11-05T14:37:06.327+0000] {processor.py:179} INFO - Processing /opt/airflow/dags/user_pipeline.py took 0.072 seconds
[2024-11-05T14:37:37.344+0000] {processor.py:157} INFO - Started process (PID=95) to work on /opt/airflow/dags/user_pipeline.py
[2024-11-05T14:37:37.346+0000] {processor.py:829} INFO - Processing file /opt/airflow/dags/user_pipeline.py for tasks to queue
[2024-11-05T14:37:37.348+0000] {logging_mixin.py:151} INFO - [2024-11-05T14:37:37.348+0000] {dagbag.py:539} INFO - Filling up the DagBag from /opt/airflow/dags/user_pipeline.py
[2024-11-05T14:37:37.353+0000] {logging_mixin.py:151} INFO - POSTGRES_USER: airflow
[2024-11-05T14:37:37.353+0000] {logging_mixin.py:151} INFO - POSTGRES_PASSWORD: airflow
[2024-11-05T14:37:37.353+0000] {logging_mixin.py:151} INFO - POSTGRES_DB: airflow
[2024-11-05T14:37:37.358+0000] {processor.py:839} INFO - DAG(s) dict_keys(['user_pipeline']) retrieved from /opt/airflow/dags/user_pipeline.py
[2024-11-05T14:37:37.378+0000] {logging_mixin.py:151} INFO - [2024-11-05T14:37:37.378+0000] {dag.py:2915} INFO - Sync 1 DAGs
[2024-11-05T14:37:37.393+0000] {logging_mixin.py:151} INFO - [2024-11-05T14:37:37.393+0000] {dag.py:3696} INFO - Setting next_dagrun for user_pipeline to 2024-11-05T00:00:00+00:00, run_after=2024-11-06T00:00:00+00:00
[2024-11-05T14:37:37.409+0000] {processor.py:179} INFO - Processing /opt/airflow/dags/user_pipeline.py took 0.067 seconds
[2024-11-05T14:38:07.919+0000] {processor.py:157} INFO - Started process (PID=108) to work on /opt/airflow/dags/user_pipeline.py
[2024-11-05T14:38:07.920+0000] {processor.py:829} INFO - Processing file /opt/airflow/dags/user_pipeline.py for tasks to queue
[2024-11-05T14:38:07.922+0000] {logging_mixin.py:151} INFO - [2024-11-05T14:38:07.922+0000] {dagbag.py:539} INFO - Filling up the DagBag from /opt/airflow/dags/user_pipeline.py
[2024-11-05T14:38:07.929+0000] {logging_mixin.py:151} INFO - POSTGRES_USER: airflow
[2024-11-05T14:38:07.930+0000] {logging_mixin.py:151} INFO - POSTGRES_PASSWORD: airflow
[2024-11-05T14:38:07.930+0000] {logging_mixin.py:151} INFO - POSTGRES_DB: airflow
[2024-11-05T14:38:07.935+0000] {processor.py:839} INFO - DAG(s) dict_keys(['user_pipeline']) retrieved from /opt/airflow/dags/user_pipeline.py
[2024-11-05T14:38:07.959+0000] {logging_mixin.py:151} INFO - [2024-11-05T14:38:07.959+0000] {dag.py:2915} INFO - Sync 1 DAGs
[2024-11-05T14:38:07.979+0000] {logging_mixin.py:151} INFO - [2024-11-05T14:38:07.978+0000] {dag.py:3696} INFO - Setting next_dagrun for user_pipeline to 2024-11-05T00:00:00+00:00, run_after=2024-11-06T00:00:00+00:00
[2024-11-05T14:38:07.997+0000] {processor.py:179} INFO - Processing /opt/airflow/dags/user_pipeline.py took 0.080 seconds
[2024-11-05T14:38:38.665+0000] {processor.py:157} INFO - Started process (PID=120) to work on /opt/airflow/dags/user_pipeline.py
[2024-11-05T14:38:38.668+0000] {processor.py:829} INFO - Processing file /opt/airflow/dags/user_pipeline.py for tasks to queue
[2024-11-05T14:38:38.669+0000] {logging_mixin.py:151} INFO - [2024-11-05T14:38:38.669+0000] {dagbag.py:539} INFO - Filling up the DagBag from /opt/airflow/dags/user_pipeline.py
[2024-11-05T14:38:38.675+0000] {logging_mixin.py:151} INFO - POSTGRES_USER: airflow
[2024-11-05T14:38:38.675+0000] {logging_mixin.py:151} INFO - POSTGRES_PASSWORD: airflow
[2024-11-05T14:38:38.675+0000] {logging_mixin.py:151} INFO - POSTGRES_DB: airflow
[2024-11-05T14:38:38.680+0000] {processor.py:839} INFO - DAG(s) dict_keys(['user_pipeline']) retrieved from /opt/airflow/dags/user_pipeline.py
[2024-11-05T14:38:38.699+0000] {logging_mixin.py:151} INFO - [2024-11-05T14:38:38.699+0000] {dag.py:2915} INFO - Sync 1 DAGs
[2024-11-05T14:38:38.714+0000] {logging_mixin.py:151} INFO - [2024-11-05T14:38:38.714+0000] {dag.py:3696} INFO - Setting next_dagrun for user_pipeline to 2024-11-05T00:00:00+00:00, run_after=2024-11-06T00:00:00+00:00
[2024-11-05T14:38:38.731+0000] {processor.py:179} INFO - Processing /opt/airflow/dags/user_pipeline.py took 0.069 seconds
[2024-11-05T14:39:09.328+0000] {processor.py:157} INFO - Started process (PID=132) to work on /opt/airflow/dags/user_pipeline.py
[2024-11-05T14:39:09.330+0000] {processor.py:829} INFO - Processing file /opt/airflow/dags/user_pipeline.py for tasks to queue
[2024-11-05T14:39:09.332+0000] {logging_mixin.py:151} INFO - [2024-11-05T14:39:09.331+0000] {dagbag.py:539} INFO - Filling up the DagBag from /opt/airflow/dags/user_pipeline.py
[2024-11-05T14:39:09.337+0000] {logging_mixin.py:151} INFO - POSTGRES_USER: airflow
[2024-11-05T14:39:09.337+0000] {logging_mixin.py:151} INFO - POSTGRES_PASSWORD: airflow
[2024-11-05T14:39:09.337+0000] {logging_mixin.py:151} INFO - POSTGRES_DB: airflow
[2024-11-05T14:39:09.342+0000] {processor.py:839} INFO - DAG(s) dict_keys(['user_pipeline']) retrieved from /opt/airflow/dags/user_pipeline.py
[2024-11-05T14:39:09.362+0000] {logging_mixin.py:151} INFO - [2024-11-05T14:39:09.362+0000] {dag.py:2915} INFO - Sync 1 DAGs
[2024-11-05T14:39:09.377+0000] {logging_mixin.py:151} INFO - [2024-11-05T14:39:09.377+0000] {dag.py:3696} INFO - Setting next_dagrun for user_pipeline to 2024-11-05T00:00:00+00:00, run_after=2024-11-06T00:00:00+00:00
[2024-11-05T14:39:09.393+0000] {processor.py:179} INFO - Processing /opt/airflow/dags/user_pipeline.py took 0.067 seconds
[2024-11-05T14:39:39.929+0000] {processor.py:157} INFO - Started process (PID=144) to work on /opt/airflow/dags/user_pipeline.py
[2024-11-05T14:39:39.932+0000] {processor.py:829} INFO - Processing file /opt/airflow/dags/user_pipeline.py for tasks to queue
[2024-11-05T14:39:39.933+0000] {logging_mixin.py:151} INFO - [2024-11-05T14:39:39.933+0000] {dagbag.py:539} INFO - Filling up the DagBag from /opt/airflow/dags/user_pipeline.py
[2024-11-05T14:39:39.939+0000] {logging_mixin.py:151} INFO - POSTGRES_USER: airflow
[2024-11-05T14:39:39.939+0000] {logging_mixin.py:151} INFO - POSTGRES_PASSWORD: airflow
[2024-11-05T14:39:39.939+0000] {logging_mixin.py:151} INFO - POSTGRES_DB: airflow
[2024-11-05T14:39:39.945+0000] {processor.py:839} INFO - DAG(s) dict_keys(['user_pipeline']) retrieved from /opt/airflow/dags/user_pipeline.py
[2024-11-05T14:39:39.966+0000] {logging_mixin.py:151} INFO - [2024-11-05T14:39:39.965+0000] {dag.py:2915} INFO - Sync 1 DAGs
[2024-11-05T14:39:39.984+0000] {logging_mixin.py:151} INFO - [2024-11-05T14:39:39.984+0000] {dag.py:3696} INFO - Setting next_dagrun for user_pipeline to 2024-11-05T00:00:00+00:00, run_after=2024-11-06T00:00:00+00:00
[2024-11-05T14:39:40.002+0000] {processor.py:179} INFO - Processing /opt/airflow/dags/user_pipeline.py took 0.076 seconds
[2024-11-05T14:40:10.272+0000] {processor.py:157} INFO - Started process (PID=156) to work on /opt/airflow/dags/user_pipeline.py
[2024-11-05T14:40:10.273+0000] {processor.py:829} INFO - Processing file /opt/airflow/dags/user_pipeline.py for tasks to queue
[2024-11-05T14:40:10.275+0000] {logging_mixin.py:151} INFO - [2024-11-05T14:40:10.275+0000] {dagbag.py:539} INFO - Filling up the DagBag from /opt/airflow/dags/user_pipeline.py
[2024-11-05T14:40:10.280+0000] {logging_mixin.py:151} INFO - POSTGRES_USER: airflow
[2024-11-05T14:40:10.280+0000] {logging_mixin.py:151} INFO - POSTGRES_PASSWORD: airflow
[2024-11-05T14:40:10.280+0000] {logging_mixin.py:151} INFO - POSTGRES_DB: airflow
[2024-11-05T14:40:10.286+0000] {processor.py:839} INFO - DAG(s) dict_keys(['user_pipeline']) retrieved from /opt/airflow/dags/user_pipeline.py
[2024-11-05T14:40:10.307+0000] {logging_mixin.py:151} INFO - [2024-11-05T14:40:10.307+0000] {dag.py:2915} INFO - Sync 1 DAGs
[2024-11-05T14:40:10.324+0000] {logging_mixin.py:151} INFO - [2024-11-05T14:40:10.324+0000] {dag.py:3696} INFO - Setting next_dagrun for user_pipeline to 2024-11-05T00:00:00+00:00, run_after=2024-11-06T00:00:00+00:00
[2024-11-05T14:40:10.341+0000] {processor.py:179} INFO - Processing /opt/airflow/dags/user_pipeline.py took 0.071 seconds
[2024-11-05T14:40:40.518+0000] {processor.py:157} INFO - Started process (PID=168) to work on /opt/airflow/dags/user_pipeline.py
[2024-11-05T14:40:40.519+0000] {processor.py:829} INFO - Processing file /opt/airflow/dags/user_pipeline.py for tasks to queue
[2024-11-05T14:40:40.520+0000] {logging_mixin.py:151} INFO - [2024-11-05T14:40:40.520+0000] {dagbag.py:539} INFO - Filling up the DagBag from /opt/airflow/dags/user_pipeline.py
[2024-11-05T14:40:40.526+0000] {logging_mixin.py:151} INFO - POSTGRES_USER: airflow
[2024-11-05T14:40:40.526+0000] {logging_mixin.py:151} INFO - POSTGRES_PASSWORD: airflow
[2024-11-05T14:40:40.526+0000] {logging_mixin.py:151} INFO - POSTGRES_DB: airflow
[2024-11-05T14:40:40.531+0000] {processor.py:839} INFO - DAG(s) dict_keys(['user_pipeline']) retrieved from /opt/airflow/dags/user_pipeline.py
[2024-11-05T14:40:40.553+0000] {logging_mixin.py:151} INFO - [2024-11-05T14:40:40.553+0000] {dag.py:2915} INFO - Sync 1 DAGs
[2024-11-05T14:40:40.571+0000] {logging_mixin.py:151} INFO - [2024-11-05T14:40:40.570+0000] {dag.py:3696} INFO - Setting next_dagrun for user_pipeline to 2024-11-05T00:00:00+00:00, run_after=2024-11-06T00:00:00+00:00
[2024-11-05T14:40:40.590+0000] {processor.py:179} INFO - Processing /opt/airflow/dags/user_pipeline.py took 0.075 seconds
[2024-11-05T14:41:10.709+0000] {processor.py:157} INFO - Started process (PID=180) to work on /opt/airflow/dags/user_pipeline.py
[2024-11-05T14:41:10.712+0000] {processor.py:829} INFO - Processing file /opt/airflow/dags/user_pipeline.py for tasks to queue
[2024-11-05T14:41:10.713+0000] {logging_mixin.py:151} INFO - [2024-11-05T14:41:10.713+0000] {dagbag.py:539} INFO - Filling up the DagBag from /opt/airflow/dags/user_pipeline.py
[2024-11-05T14:41:10.719+0000] {logging_mixin.py:151} INFO - POSTGRES_USER: airflow
[2024-11-05T14:41:10.719+0000] {logging_mixin.py:151} INFO - POSTGRES_PASSWORD: airflow
[2024-11-05T14:41:10.719+0000] {logging_mixin.py:151} INFO - POSTGRES_DB: airflow
[2024-11-05T14:41:10.724+0000] {processor.py:839} INFO - DAG(s) dict_keys(['user_pipeline']) retrieved from /opt/airflow/dags/user_pipeline.py
[2024-11-05T14:41:10.743+0000] {logging_mixin.py:151} INFO - [2024-11-05T14:41:10.743+0000] {dag.py:2915} INFO - Sync 1 DAGs
[2024-11-05T14:41:10.759+0000] {logging_mixin.py:151} INFO - [2024-11-05T14:41:10.759+0000] {dag.py:3696} INFO - Setting next_dagrun for user_pipeline to 2024-11-05T00:00:00+00:00, run_after=2024-11-06T00:00:00+00:00
[2024-11-05T14:41:10.775+0000] {processor.py:179} INFO - Processing /opt/airflow/dags/user_pipeline.py took 0.068 seconds
[2024-11-05T14:41:41.091+0000] {processor.py:157} INFO - Started process (PID=192) to work on /opt/airflow/dags/user_pipeline.py
[2024-11-05T14:41:41.094+0000] {processor.py:829} INFO - Processing file /opt/airflow/dags/user_pipeline.py for tasks to queue
[2024-11-05T14:41:41.095+0000] {logging_mixin.py:151} INFO - [2024-11-05T14:41:41.095+0000] {dagbag.py:539} INFO - Filling up the DagBag from /opt/airflow/dags/user_pipeline.py
[2024-11-05T14:41:41.101+0000] {logging_mixin.py:151} INFO - POSTGRES_USER: airflow
[2024-11-05T14:41:41.101+0000] {logging_mixin.py:151} INFO - POSTGRES_PASSWORD: airflow
[2024-11-05T14:41:41.101+0000] {logging_mixin.py:151} INFO - POSTGRES_DB: airflow
[2024-11-05T14:41:41.106+0000] {processor.py:839} INFO - DAG(s) dict_keys(['user_pipeline']) retrieved from /opt/airflow/dags/user_pipeline.py
[2024-11-05T14:41:41.127+0000] {logging_mixin.py:151} INFO - [2024-11-05T14:41:41.127+0000] {dag.py:2915} INFO - Sync 1 DAGs
[2024-11-05T14:41:41.143+0000] {logging_mixin.py:151} INFO - [2024-11-05T14:41:41.143+0000] {dag.py:3696} INFO - Setting next_dagrun for user_pipeline to 2024-11-05T00:00:00+00:00, run_after=2024-11-06T00:00:00+00:00
[2024-11-05T14:41:41.160+0000] {processor.py:179} INFO - Processing /opt/airflow/dags/user_pipeline.py took 0.071 seconds
[2024-11-05T14:42:11.426+0000] {processor.py:157} INFO - Started process (PID=204) to work on /opt/airflow/dags/user_pipeline.py
[2024-11-05T14:42:11.429+0000] {processor.py:829} INFO - Processing file /opt/airflow/dags/user_pipeline.py for tasks to queue
[2024-11-05T14:42:11.430+0000] {logging_mixin.py:151} INFO - [2024-11-05T14:42:11.430+0000] {dagbag.py:539} INFO - Filling up the DagBag from /opt/airflow/dags/user_pipeline.py
[2024-11-05T14:42:11.436+0000] {logging_mixin.py:151} INFO - POSTGRES_USER: airflow
[2024-11-05T14:42:11.437+0000] {logging_mixin.py:151} INFO - POSTGRES_PASSWORD: airflow
[2024-11-05T14:42:11.437+0000] {logging_mixin.py:151} INFO - POSTGRES_DB: airflow
[2024-11-05T14:42:11.442+0000] {processor.py:839} INFO - DAG(s) dict_keys(['user_pipeline']) retrieved from /opt/airflow/dags/user_pipeline.py
[2024-11-05T14:42:11.463+0000] {logging_mixin.py:151} INFO - [2024-11-05T14:42:11.463+0000] {dag.py:2915} INFO - Sync 1 DAGs
[2024-11-05T14:42:11.481+0000] {logging_mixin.py:151} INFO - [2024-11-05T14:42:11.481+0000] {dag.py:3696} INFO - Setting next_dagrun for user_pipeline to 2024-11-05T00:00:00+00:00, run_after=2024-11-06T00:00:00+00:00
[2024-11-05T14:42:11.498+0000] {processor.py:179} INFO - Processing /opt/airflow/dags/user_pipeline.py took 0.075 seconds
[2024-11-05T14:42:41.778+0000] {processor.py:157} INFO - Started process (PID=216) to work on /opt/airflow/dags/user_pipeline.py
[2024-11-05T14:42:41.779+0000] {processor.py:829} INFO - Processing file /opt/airflow/dags/user_pipeline.py for tasks to queue
[2024-11-05T14:42:41.781+0000] {logging_mixin.py:151} INFO - [2024-11-05T14:42:41.781+0000] {dagbag.py:539} INFO - Filling up the DagBag from /opt/airflow/dags/user_pipeline.py
[2024-11-05T14:42:41.788+0000] {logging_mixin.py:151} INFO - POSTGRES_USER: airflow
[2024-11-05T14:42:41.788+0000] {logging_mixin.py:151} INFO - POSTGRES_PASSWORD: airflow
[2024-11-05T14:42:41.789+0000] {logging_mixin.py:151} INFO - POSTGRES_DB: airflow
[2024-11-05T14:42:41.795+0000] {processor.py:839} INFO - DAG(s) dict_keys(['user_pipeline']) retrieved from /opt/airflow/dags/user_pipeline.py
[2024-11-05T14:42:41.817+0000] {logging_mixin.py:151} INFO - [2024-11-05T14:42:41.817+0000] {dag.py:2915} INFO - Sync 1 DAGs
[2024-11-05T14:42:41.833+0000] {logging_mixin.py:151} INFO - [2024-11-05T14:42:41.833+0000] {dag.py:3696} INFO - Setting next_dagrun for user_pipeline to 2024-11-05T00:00:00+00:00, run_after=2024-11-06T00:00:00+00:00
[2024-11-05T14:42:41.851+0000] {processor.py:179} INFO - Processing /opt/airflow/dags/user_pipeline.py took 0.075 seconds
[2024-11-05T14:43:12.223+0000] {processor.py:157} INFO - Started process (PID=228) to work on /opt/airflow/dags/user_pipeline.py
[2024-11-05T14:43:12.225+0000] {processor.py:829} INFO - Processing file /opt/airflow/dags/user_pipeline.py for tasks to queue
[2024-11-05T14:43:12.227+0000] {logging_mixin.py:151} INFO - [2024-11-05T14:43:12.227+0000] {dagbag.py:539} INFO - Filling up the DagBag from /opt/airflow/dags/user_pipeline.py
[2024-11-05T14:43:12.233+0000] {logging_mixin.py:151} INFO - POSTGRES_USER: airflow
[2024-11-05T14:43:12.233+0000] {logging_mixin.py:151} INFO - POSTGRES_PASSWORD: airflow
[2024-11-05T14:43:12.233+0000] {logging_mixin.py:151} INFO - POSTGRES_DB: airflow
[2024-11-05T14:43:12.238+0000] {processor.py:839} INFO - DAG(s) dict_keys(['user_pipeline']) retrieved from /opt/airflow/dags/user_pipeline.py
[2024-11-05T14:43:12.260+0000] {logging_mixin.py:151} INFO - [2024-11-05T14:43:12.260+0000] {dag.py:2915} INFO - Sync 1 DAGs
[2024-11-05T14:43:12.279+0000] {logging_mixin.py:151} INFO - [2024-11-05T14:43:12.278+0000] {dag.py:3696} INFO - Setting next_dagrun for user_pipeline to 2024-11-05T00:00:00+00:00, run_after=2024-11-06T00:00:00+00:00
[2024-11-05T14:43:12.294+0000] {processor.py:179} INFO - Processing /opt/airflow/dags/user_pipeline.py took 0.074 seconds
[2024-11-05T14:43:42.385+0000] {processor.py:157} INFO - Started process (PID=240) to work on /opt/airflow/dags/user_pipeline.py
[2024-11-05T14:43:42.387+0000] {processor.py:829} INFO - Processing file /opt/airflow/dags/user_pipeline.py for tasks to queue
[2024-11-05T14:43:42.389+0000] {logging_mixin.py:151} INFO - [2024-11-05T14:43:42.389+0000] {dagbag.py:539} INFO - Filling up the DagBag from /opt/airflow/dags/user_pipeline.py
[2024-11-05T14:43:42.395+0000] {logging_mixin.py:151} INFO - POSTGRES_USER: airflow
[2024-11-05T14:43:42.395+0000] {logging_mixin.py:151} INFO - POSTGRES_PASSWORD: airflow
[2024-11-05T14:43:42.395+0000] {logging_mixin.py:151} INFO - POSTGRES_DB: airflow
[2024-11-05T14:43:42.402+0000] {processor.py:839} INFO - DAG(s) dict_keys(['user_pipeline']) retrieved from /opt/airflow/dags/user_pipeline.py
[2024-11-05T14:43:42.425+0000] {logging_mixin.py:151} INFO - [2024-11-05T14:43:42.425+0000] {dag.py:2915} INFO - Sync 1 DAGs
[2024-11-05T14:43:42.442+0000] {logging_mixin.py:151} INFO - [2024-11-05T14:43:42.442+0000] {dag.py:3696} INFO - Setting next_dagrun for user_pipeline to 2024-11-05T00:00:00+00:00, run_after=2024-11-06T00:00:00+00:00
[2024-11-05T14:43:42.457+0000] {processor.py:179} INFO - Processing /opt/airflow/dags/user_pipeline.py took 0.075 seconds
[2024-11-05T14:44:12.818+0000] {processor.py:157} INFO - Started process (PID=252) to work on /opt/airflow/dags/user_pipeline.py
[2024-11-05T14:44:12.819+0000] {processor.py:829} INFO - Processing file /opt/airflow/dags/user_pipeline.py for tasks to queue
[2024-11-05T14:44:12.820+0000] {logging_mixin.py:151} INFO - [2024-11-05T14:44:12.820+0000] {dagbag.py:539} INFO - Filling up the DagBag from /opt/airflow/dags/user_pipeline.py
[2024-11-05T14:44:12.826+0000] {logging_mixin.py:151} INFO - POSTGRES_USER: airflow
[2024-11-05T14:44:12.826+0000] {logging_mixin.py:151} INFO - POSTGRES_PASSWORD: airflow
[2024-11-05T14:44:12.826+0000] {logging_mixin.py:151} INFO - POSTGRES_DB: airflow
[2024-11-05T14:44:12.831+0000] {processor.py:839} INFO - DAG(s) dict_keys(['user_pipeline']) retrieved from /opt/airflow/dags/user_pipeline.py
[2024-11-05T14:44:12.852+0000] {logging_mixin.py:151} INFO - [2024-11-05T14:44:12.852+0000] {dag.py:2915} INFO - Sync 1 DAGs
[2024-11-05T14:44:12.868+0000] {logging_mixin.py:151} INFO - [2024-11-05T14:44:12.868+0000] {dag.py:3696} INFO - Setting next_dagrun for user_pipeline to 2024-11-05T00:00:00+00:00, run_after=2024-11-06T00:00:00+00:00
[2024-11-05T14:44:12.883+0000] {processor.py:179} INFO - Processing /opt/airflow/dags/user_pipeline.py took 0.068 seconds
[2024-11-05T14:44:43.029+0000] {processor.py:157} INFO - Started process (PID=264) to work on /opt/airflow/dags/user_pipeline.py
[2024-11-05T14:44:43.030+0000] {processor.py:829} INFO - Processing file /opt/airflow/dags/user_pipeline.py for tasks to queue
[2024-11-05T14:44:43.032+0000] {logging_mixin.py:151} INFO - [2024-11-05T14:44:43.032+0000] {dagbag.py:539} INFO - Filling up the DagBag from /opt/airflow/dags/user_pipeline.py
[2024-11-05T14:44:43.038+0000] {logging_mixin.py:151} INFO - POSTGRES_USER: airflow
[2024-11-05T14:44:43.038+0000] {logging_mixin.py:151} INFO - POSTGRES_PASSWORD: airflow
[2024-11-05T14:44:43.038+0000] {logging_mixin.py:151} INFO - POSTGRES_DB: airflow
[2024-11-05T14:44:43.044+0000] {processor.py:839} INFO - DAG(s) dict_keys(['user_pipeline']) retrieved from /opt/airflow/dags/user_pipeline.py
[2024-11-05T14:44:43.064+0000] {logging_mixin.py:151} INFO - [2024-11-05T14:44:43.064+0000] {dag.py:2915} INFO - Sync 1 DAGs
[2024-11-05T14:44:43.080+0000] {logging_mixin.py:151} INFO - [2024-11-05T14:44:43.080+0000] {dag.py:3696} INFO - Setting next_dagrun for user_pipeline to 2024-11-05T00:00:00+00:00, run_after=2024-11-06T00:00:00+00:00
[2024-11-05T14:44:43.097+0000] {processor.py:179} INFO - Processing /opt/airflow/dags/user_pipeline.py took 0.072 seconds
[2024-11-05T14:45:13.332+0000] {processor.py:157} INFO - Started process (PID=276) to work on /opt/airflow/dags/user_pipeline.py
[2024-11-05T14:45:13.335+0000] {processor.py:829} INFO - Processing file /opt/airflow/dags/user_pipeline.py for tasks to queue
[2024-11-05T14:45:13.338+0000] {logging_mixin.py:151} INFO - [2024-11-05T14:45:13.337+0000] {dagbag.py:539} INFO - Filling up the DagBag from /opt/airflow/dags/user_pipeline.py
[2024-11-05T14:45:13.347+0000] {logging_mixin.py:151} INFO - POSTGRES_USER: airflow
[2024-11-05T14:45:13.347+0000] {logging_mixin.py:151} INFO - POSTGRES_PASSWORD: airflow
[2024-11-05T14:45:13.347+0000] {logging_mixin.py:151} INFO - POSTGRES_DB: airflow
[2024-11-05T14:45:13.352+0000] {processor.py:839} INFO - DAG(s) dict_keys(['user_pipeline']) retrieved from /opt/airflow/dags/user_pipeline.py
[2024-11-05T14:45:13.372+0000] {logging_mixin.py:151} INFO - [2024-11-05T14:45:13.372+0000] {dag.py:2915} INFO - Sync 1 DAGs
[2024-11-05T14:45:13.388+0000] {logging_mixin.py:151} INFO - [2024-11-05T14:45:13.388+0000] {dag.py:3696} INFO - Setting next_dagrun for user_pipeline to 2024-11-05T00:00:00+00:00, run_after=2024-11-06T00:00:00+00:00
[2024-11-05T14:45:13.404+0000] {processor.py:179} INFO - Processing /opt/airflow/dags/user_pipeline.py took 0.076 seconds
[2024-11-05T14:45:46.962+0000] {processor.py:157} INFO - Started process (PID=47) to work on /opt/airflow/dags/user_pipeline.py
[2024-11-05T14:45:46.963+0000] {processor.py:829} INFO - Processing file /opt/airflow/dags/user_pipeline.py for tasks to queue
[2024-11-05T14:45:46.965+0000] {logging_mixin.py:151} INFO - [2024-11-05T14:45:46.965+0000] {dagbag.py:539} INFO - Filling up the DagBag from /opt/airflow/dags/user_pipeline.py
[2024-11-05T14:45:46.975+0000] {logging_mixin.py:151} INFO - POSTGRES_USER: airflow
[2024-11-05T14:45:46.975+0000] {logging_mixin.py:151} INFO - POSTGRES_PASSWORD: airflow
[2024-11-05T14:45:46.975+0000] {logging_mixin.py:151} INFO - POSTGRES_DB: airflow
[2024-11-05T14:45:46.980+0000] {processor.py:839} INFO - DAG(s) dict_keys(['user_pipeline']) retrieved from /opt/airflow/dags/user_pipeline.py
[2024-11-05T14:45:47.001+0000] {logging_mixin.py:151} INFO - [2024-11-05T14:45:47.001+0000] {dag.py:2915} INFO - Sync 1 DAGs
[2024-11-05T14:45:47.018+0000] {logging_mixin.py:151} INFO - [2024-11-05T14:45:47.018+0000] {dag.py:3696} INFO - Setting next_dagrun for user_pipeline to 2024-11-05T00:00:00+00:00, run_after=2024-11-06T00:00:00+00:00
[2024-11-05T14:45:47.036+0000] {processor.py:179} INFO - Processing /opt/airflow/dags/user_pipeline.py took 0.076 seconds
[2024-11-05T14:46:17.330+0000] {processor.py:157} INFO - Started process (PID=59) to work on /opt/airflow/dags/user_pipeline.py
[2024-11-05T14:46:17.331+0000] {processor.py:829} INFO - Processing file /opt/airflow/dags/user_pipeline.py for tasks to queue
[2024-11-05T14:46:17.333+0000] {logging_mixin.py:151} INFO - [2024-11-05T14:46:17.333+0000] {dagbag.py:539} INFO - Filling up the DagBag from /opt/airflow/dags/user_pipeline.py
[2024-11-05T14:46:17.341+0000] {logging_mixin.py:151} INFO - POSTGRES_USER: airflow
[2024-11-05T14:46:17.341+0000] {logging_mixin.py:151} INFO - POSTGRES_PASSWORD: airflow
[2024-11-05T14:46:17.341+0000] {logging_mixin.py:151} INFO - POSTGRES_DB: airflow
[2024-11-05T14:46:17.346+0000] {processor.py:839} INFO - DAG(s) dict_keys(['user_pipeline']) retrieved from /opt/airflow/dags/user_pipeline.py
[2024-11-05T14:46:17.367+0000] {logging_mixin.py:151} INFO - [2024-11-05T14:46:17.367+0000] {dag.py:2915} INFO - Sync 1 DAGs
[2024-11-05T14:46:17.383+0000] {logging_mixin.py:151} INFO - [2024-11-05T14:46:17.383+0000] {dag.py:3696} INFO - Setting next_dagrun for user_pipeline to 2024-11-05T00:00:00+00:00, run_after=2024-11-06T00:00:00+00:00
[2024-11-05T14:46:17.397+0000] {processor.py:179} INFO - Processing /opt/airflow/dags/user_pipeline.py took 0.070 seconds
[2024-11-05T14:46:48.042+0000] {processor.py:157} INFO - Started process (PID=71) to work on /opt/airflow/dags/user_pipeline.py
[2024-11-05T14:46:48.044+0000] {processor.py:829} INFO - Processing file /opt/airflow/dags/user_pipeline.py for tasks to queue
[2024-11-05T14:46:48.046+0000] {logging_mixin.py:151} INFO - [2024-11-05T14:46:48.045+0000] {dagbag.py:539} INFO - Filling up the DagBag from /opt/airflow/dags/user_pipeline.py
[2024-11-05T14:46:48.051+0000] {logging_mixin.py:151} INFO - POSTGRES_USER: airflow
[2024-11-05T14:46:48.052+0000] {logging_mixin.py:151} INFO - POSTGRES_PASSWORD: airflow
[2024-11-05T14:46:48.052+0000] {logging_mixin.py:151} INFO - POSTGRES_DB: airflow
[2024-11-05T14:46:48.057+0000] {processor.py:839} INFO - DAG(s) dict_keys(['user_pipeline']) retrieved from /opt/airflow/dags/user_pipeline.py
[2024-11-05T14:46:48.067+0000] {logging_mixin.py:151} INFO - [2024-11-05T14:46:48.067+0000] {dag.py:2915} INFO - Sync 1 DAGs
[2024-11-05T14:46:48.083+0000] {logging_mixin.py:151} INFO - [2024-11-05T14:46:48.083+0000] {dag.py:3696} INFO - Setting next_dagrun for user_pipeline to 2024-11-05T00:00:00+00:00, run_after=2024-11-06T00:00:00+00:00
[2024-11-05T14:46:48.097+0000] {processor.py:179} INFO - Processing /opt/airflow/dags/user_pipeline.py took 0.058 seconds
[2024-11-05T14:47:18.741+0000] {processor.py:157} INFO - Started process (PID=83) to work on /opt/airflow/dags/user_pipeline.py
[2024-11-05T14:47:18.742+0000] {processor.py:829} INFO - Processing file /opt/airflow/dags/user_pipeline.py for tasks to queue
[2024-11-05T14:47:18.743+0000] {logging_mixin.py:151} INFO - [2024-11-05T14:47:18.743+0000] {dagbag.py:539} INFO - Filling up the DagBag from /opt/airflow/dags/user_pipeline.py
[2024-11-05T14:47:18.749+0000] {logging_mixin.py:151} INFO - POSTGRES_USER: airflow
[2024-11-05T14:47:18.750+0000] {logging_mixin.py:151} INFO - POSTGRES_PASSWORD: airflow
[2024-11-05T14:47:18.750+0000] {logging_mixin.py:151} INFO - POSTGRES_DB: airflow
[2024-11-05T14:47:18.755+0000] {processor.py:839} INFO - DAG(s) dict_keys(['user_pipeline']) retrieved from /opt/airflow/dags/user_pipeline.py
[2024-11-05T14:47:18.775+0000] {logging_mixin.py:151} INFO - [2024-11-05T14:47:18.775+0000] {dag.py:2915} INFO - Sync 1 DAGs
[2024-11-05T14:47:18.790+0000] {logging_mixin.py:151} INFO - [2024-11-05T14:47:18.790+0000] {dag.py:3696} INFO - Setting next_dagrun for user_pipeline to 2024-11-05T00:00:00+00:00, run_after=2024-11-06T00:00:00+00:00
[2024-11-05T14:47:18.804+0000] {processor.py:179} INFO - Processing /opt/airflow/dags/user_pipeline.py took 0.066 seconds
[2024-11-05T14:47:49.633+0000] {processor.py:157} INFO - Started process (PID=95) to work on /opt/airflow/dags/user_pipeline.py
[2024-11-05T14:47:49.634+0000] {processor.py:829} INFO - Processing file /opt/airflow/dags/user_pipeline.py for tasks to queue
[2024-11-05T14:47:49.635+0000] {logging_mixin.py:151} INFO - [2024-11-05T14:47:49.635+0000] {dagbag.py:539} INFO - Filling up the DagBag from /opt/airflow/dags/user_pipeline.py
[2024-11-05T14:47:49.641+0000] {logging_mixin.py:151} INFO - POSTGRES_USER: airflow
[2024-11-05T14:47:49.641+0000] {logging_mixin.py:151} INFO - POSTGRES_PASSWORD: airflow
[2024-11-05T14:47:49.641+0000] {logging_mixin.py:151} INFO - POSTGRES_DB: airflow
[2024-11-05T14:47:49.646+0000] {processor.py:839} INFO - DAG(s) dict_keys(['user_pipeline']) retrieved from /opt/airflow/dags/user_pipeline.py
[2024-11-05T14:47:49.670+0000] {logging_mixin.py:151} INFO - [2024-11-05T14:47:49.669+0000] {dag.py:2915} INFO - Sync 1 DAGs
[2024-11-05T14:47:49.687+0000] {logging_mixin.py:151} INFO - [2024-11-05T14:47:49.687+0000] {dag.py:3696} INFO - Setting next_dagrun for user_pipeline to 2024-11-05T00:00:00+00:00, run_after=2024-11-06T00:00:00+00:00
[2024-11-05T14:47:49.706+0000] {processor.py:179} INFO - Processing /opt/airflow/dags/user_pipeline.py took 0.076 seconds
[2024-11-05T14:48:20.326+0000] {processor.py:157} INFO - Started process (PID=107) to work on /opt/airflow/dags/user_pipeline.py
[2024-11-05T14:48:20.327+0000] {processor.py:829} INFO - Processing file /opt/airflow/dags/user_pipeline.py for tasks to queue
[2024-11-05T14:48:20.329+0000] {logging_mixin.py:151} INFO - [2024-11-05T14:48:20.329+0000] {dagbag.py:539} INFO - Filling up the DagBag from /opt/airflow/dags/user_pipeline.py
[2024-11-05T14:48:20.335+0000] {logging_mixin.py:151} INFO - POSTGRES_USER: airflow
[2024-11-05T14:48:20.335+0000] {logging_mixin.py:151} INFO - POSTGRES_PASSWORD: airflow
[2024-11-05T14:48:20.335+0000] {logging_mixin.py:151} INFO - POSTGRES_DB: airflow
[2024-11-05T14:48:20.340+0000] {processor.py:839} INFO - DAG(s) dict_keys(['user_pipeline']) retrieved from /opt/airflow/dags/user_pipeline.py
[2024-11-05T14:48:20.362+0000] {logging_mixin.py:151} INFO - [2024-11-05T14:48:20.362+0000] {dag.py:2915} INFO - Sync 1 DAGs
[2024-11-05T14:48:20.378+0000] {logging_mixin.py:151} INFO - [2024-11-05T14:48:20.377+0000] {dag.py:3696} INFO - Setting next_dagrun for user_pipeline to 2024-11-05T00:00:00+00:00, run_after=2024-11-06T00:00:00+00:00
[2024-11-05T14:48:20.393+0000] {processor.py:179} INFO - Processing /opt/airflow/dags/user_pipeline.py took 0.070 seconds
[2024-11-05T14:48:50.558+0000] {processor.py:157} INFO - Started process (PID=119) to work on /opt/airflow/dags/user_pipeline.py
[2024-11-05T14:48:50.559+0000] {processor.py:829} INFO - Processing file /opt/airflow/dags/user_pipeline.py for tasks to queue
[2024-11-05T14:48:50.561+0000] {logging_mixin.py:151} INFO - [2024-11-05T14:48:50.560+0000] {dagbag.py:539} INFO - Filling up the DagBag from /opt/airflow/dags/user_pipeline.py
[2024-11-05T14:48:50.566+0000] {logging_mixin.py:151} INFO - POSTGRES_USER: airflow
[2024-11-05T14:48:50.567+0000] {logging_mixin.py:151} INFO - POSTGRES_PASSWORD: airflow
[2024-11-05T14:48:50.567+0000] {logging_mixin.py:151} INFO - POSTGRES_DB: airflow
[2024-11-05T14:48:50.572+0000] {processor.py:839} INFO - DAG(s) dict_keys(['user_pipeline']) retrieved from /opt/airflow/dags/user_pipeline.py
[2024-11-05T14:48:50.594+0000] {logging_mixin.py:151} INFO - [2024-11-05T14:48:50.593+0000] {dag.py:2915} INFO - Sync 1 DAGs
[2024-11-05T14:48:50.610+0000] {logging_mixin.py:151} INFO - [2024-11-05T14:48:50.609+0000] {dag.py:3696} INFO - Setting next_dagrun for user_pipeline to 2024-11-05T00:00:00+00:00, run_after=2024-11-06T00:00:00+00:00
[2024-11-05T14:48:50.624+0000] {processor.py:179} INFO - Processing /opt/airflow/dags/user_pipeline.py took 0.069 seconds
[2024-11-05T14:49:21.398+0000] {processor.py:157} INFO - Started process (PID=131) to work on /opt/airflow/dags/user_pipeline.py
[2024-11-05T14:49:21.399+0000] {processor.py:829} INFO - Processing file /opt/airflow/dags/user_pipeline.py for tasks to queue
[2024-11-05T14:49:21.400+0000] {logging_mixin.py:151} INFO - [2024-11-05T14:49:21.400+0000] {dagbag.py:539} INFO - Filling up the DagBag from /opt/airflow/dags/user_pipeline.py
[2024-11-05T14:49:21.406+0000] {logging_mixin.py:151} INFO - POSTGRES_USER: airflow
[2024-11-05T14:49:21.406+0000] {logging_mixin.py:151} INFO - POSTGRES_PASSWORD: airflow
[2024-11-05T14:49:21.406+0000] {logging_mixin.py:151} INFO - POSTGRES_DB: airflow
[2024-11-05T14:49:21.411+0000] {processor.py:839} INFO - DAG(s) dict_keys(['user_pipeline']) retrieved from /opt/airflow/dags/user_pipeline.py
[2024-11-05T14:49:21.431+0000] {logging_mixin.py:151} INFO - [2024-11-05T14:49:21.431+0000] {dag.py:2915} INFO - Sync 1 DAGs
[2024-11-05T14:49:21.447+0000] {logging_mixin.py:151} INFO - [2024-11-05T14:49:21.447+0000] {dag.py:3696} INFO - Setting next_dagrun for user_pipeline to 2024-11-05T00:00:00+00:00, run_after=2024-11-06T00:00:00+00:00
[2024-11-05T14:49:21.463+0000] {processor.py:179} INFO - Processing /opt/airflow/dags/user_pipeline.py took 0.067 seconds
[2024-11-05T14:49:52.421+0000] {processor.py:157} INFO - Started process (PID=143) to work on /opt/airflow/dags/user_pipeline.py
[2024-11-05T14:49:52.422+0000] {processor.py:829} INFO - Processing file /opt/airflow/dags/user_pipeline.py for tasks to queue
[2024-11-05T14:49:52.423+0000] {logging_mixin.py:151} INFO - [2024-11-05T14:49:52.423+0000] {dagbag.py:539} INFO - Filling up the DagBag from /opt/airflow/dags/user_pipeline.py
[2024-11-05T14:49:52.429+0000] {logging_mixin.py:151} INFO - POSTGRES_USER: airflow
[2024-11-05T14:49:52.429+0000] {logging_mixin.py:151} INFO - POSTGRES_PASSWORD: airflow
[2024-11-05T14:49:52.429+0000] {logging_mixin.py:151} INFO - POSTGRES_DB: airflow
[2024-11-05T14:49:52.434+0000] {processor.py:839} INFO - DAG(s) dict_keys(['user_pipeline']) retrieved from /opt/airflow/dags/user_pipeline.py
[2024-11-05T14:49:52.454+0000] {logging_mixin.py:151} INFO - [2024-11-05T14:49:52.454+0000] {dag.py:2915} INFO - Sync 1 DAGs
[2024-11-05T14:49:52.471+0000] {logging_mixin.py:151} INFO - [2024-11-05T14:49:52.470+0000] {dag.py:3696} INFO - Setting next_dagrun for user_pipeline to 2024-11-05T00:00:00+00:00, run_after=2024-11-06T00:00:00+00:00
[2024-11-05T14:49:52.487+0000] {processor.py:179} INFO - Processing /opt/airflow/dags/user_pipeline.py took 0.069 seconds
[2024-11-05T14:50:23.120+0000] {processor.py:157} INFO - Started process (PID=155) to work on /opt/airflow/dags/user_pipeline.py
[2024-11-05T14:50:23.121+0000] {processor.py:829} INFO - Processing file /opt/airflow/dags/user_pipeline.py for tasks to queue
[2024-11-05T14:50:23.122+0000] {logging_mixin.py:151} INFO - [2024-11-05T14:50:23.122+0000] {dagbag.py:539} INFO - Filling up the DagBag from /opt/airflow/dags/user_pipeline.py
[2024-11-05T14:50:23.128+0000] {logging_mixin.py:151} INFO - POSTGRES_USER: airflow
[2024-11-05T14:50:23.128+0000] {logging_mixin.py:151} INFO - POSTGRES_PASSWORD: airflow
[2024-11-05T14:50:23.128+0000] {logging_mixin.py:151} INFO - POSTGRES_DB: airflow
[2024-11-05T14:50:23.133+0000] {processor.py:839} INFO - DAG(s) dict_keys(['user_pipeline']) retrieved from /opt/airflow/dags/user_pipeline.py
[2024-11-05T14:50:23.155+0000] {logging_mixin.py:151} INFO - [2024-11-05T14:50:23.154+0000] {dag.py:2915} INFO - Sync 1 DAGs
[2024-11-05T14:50:23.171+0000] {logging_mixin.py:151} INFO - [2024-11-05T14:50:23.170+0000] {dag.py:3696} INFO - Setting next_dagrun for user_pipeline to 2024-11-05T00:00:00+00:00, run_after=2024-11-06T00:00:00+00:00
[2024-11-05T14:50:23.185+0000] {processor.py:179} INFO - Processing /opt/airflow/dags/user_pipeline.py took 0.068 seconds
[2024-11-05T14:50:54.036+0000] {processor.py:157} INFO - Started process (PID=167) to work on /opt/airflow/dags/user_pipeline.py
[2024-11-05T14:50:54.037+0000] {processor.py:829} INFO - Processing file /opt/airflow/dags/user_pipeline.py for tasks to queue
[2024-11-05T14:50:54.039+0000] {logging_mixin.py:151} INFO - [2024-11-05T14:50:54.038+0000] {dagbag.py:539} INFO - Filling up the DagBag from /opt/airflow/dags/user_pipeline.py
[2024-11-05T14:50:54.044+0000] {logging_mixin.py:151} INFO - POSTGRES_USER: airflow
[2024-11-05T14:50:54.044+0000] {logging_mixin.py:151} INFO - POSTGRES_PASSWORD: airflow
[2024-11-05T14:50:54.044+0000] {logging_mixin.py:151} INFO - POSTGRES_DB: airflow
[2024-11-05T14:50:54.049+0000] {processor.py:839} INFO - DAG(s) dict_keys(['user_pipeline']) retrieved from /opt/airflow/dags/user_pipeline.py
[2024-11-05T14:50:54.069+0000] {logging_mixin.py:151} INFO - [2024-11-05T14:50:54.069+0000] {dag.py:2915} INFO - Sync 1 DAGs
[2024-11-05T14:50:54.084+0000] {logging_mixin.py:151} INFO - [2024-11-05T14:50:54.084+0000] {dag.py:3696} INFO - Setting next_dagrun for user_pipeline to 2024-11-05T00:00:00+00:00, run_after=2024-11-06T00:00:00+00:00
[2024-11-05T14:50:54.097+0000] {processor.py:179} INFO - Processing /opt/airflow/dags/user_pipeline.py took 0.064 seconds
[2024-11-05T14:51:24.916+0000] {processor.py:157} INFO - Started process (PID=179) to work on /opt/airflow/dags/user_pipeline.py
[2024-11-05T14:51:24.917+0000] {processor.py:829} INFO - Processing file /opt/airflow/dags/user_pipeline.py for tasks to queue
[2024-11-05T14:51:24.919+0000] {logging_mixin.py:151} INFO - [2024-11-05T14:51:24.918+0000] {dagbag.py:539} INFO - Filling up the DagBag from /opt/airflow/dags/user_pipeline.py
[2024-11-05T14:51:24.924+0000] {logging_mixin.py:151} INFO - POSTGRES_USER: airflow
[2024-11-05T14:51:24.924+0000] {logging_mixin.py:151} INFO - POSTGRES_PASSWORD: airflow
[2024-11-05T14:51:24.924+0000] {logging_mixin.py:151} INFO - POSTGRES_DB: airflow
[2024-11-05T14:51:24.929+0000] {processor.py:839} INFO - DAG(s) dict_keys(['user_pipeline']) retrieved from /opt/airflow/dags/user_pipeline.py
[2024-11-05T14:51:24.948+0000] {logging_mixin.py:151} INFO - [2024-11-05T14:51:24.948+0000] {dag.py:2915} INFO - Sync 1 DAGs
[2024-11-05T14:51:24.964+0000] {logging_mixin.py:151} INFO - [2024-11-05T14:51:24.963+0000] {dag.py:3696} INFO - Setting next_dagrun for user_pipeline to 2024-11-05T00:00:00+00:00, run_after=2024-11-06T00:00:00+00:00
[2024-11-05T14:51:24.976+0000] {processor.py:179} INFO - Processing /opt/airflow/dags/user_pipeline.py took 0.063 seconds
[2024-11-05T14:51:55.737+0000] {processor.py:157} INFO - Started process (PID=191) to work on /opt/airflow/dags/user_pipeline.py
[2024-11-05T14:51:55.738+0000] {processor.py:829} INFO - Processing file /opt/airflow/dags/user_pipeline.py for tasks to queue
[2024-11-05T14:51:55.739+0000] {logging_mixin.py:151} INFO - [2024-11-05T14:51:55.739+0000] {dagbag.py:539} INFO - Filling up the DagBag from /opt/airflow/dags/user_pipeline.py
[2024-11-05T14:51:55.745+0000] {logging_mixin.py:151} INFO - POSTGRES_USER: airflow
[2024-11-05T14:51:55.745+0000] {logging_mixin.py:151} INFO - POSTGRES_PASSWORD: airflow
[2024-11-05T14:51:55.745+0000] {logging_mixin.py:151} INFO - POSTGRES_DB: airflow
[2024-11-05T14:51:55.750+0000] {processor.py:839} INFO - DAG(s) dict_keys(['user_pipeline']) retrieved from /opt/airflow/dags/user_pipeline.py
[2024-11-05T14:51:55.769+0000] {logging_mixin.py:151} INFO - [2024-11-05T14:51:55.769+0000] {dag.py:2915} INFO - Sync 1 DAGs
[2024-11-05T14:51:55.783+0000] {logging_mixin.py:151} INFO - [2024-11-05T14:51:55.783+0000] {dag.py:3696} INFO - Setting next_dagrun for user_pipeline to 2024-11-05T00:00:00+00:00, run_after=2024-11-06T00:00:00+00:00
[2024-11-05T14:51:55.796+0000] {processor.py:179} INFO - Processing /opt/airflow/dags/user_pipeline.py took 0.062 seconds
[2024-11-05T14:52:26.626+0000] {processor.py:157} INFO - Started process (PID=203) to work on /opt/airflow/dags/user_pipeline.py
[2024-11-05T14:52:26.628+0000] {processor.py:829} INFO - Processing file /opt/airflow/dags/user_pipeline.py for tasks to queue
[2024-11-05T14:52:26.629+0000] {logging_mixin.py:151} INFO - [2024-11-05T14:52:26.629+0000] {dagbag.py:539} INFO - Filling up the DagBag from /opt/airflow/dags/user_pipeline.py
[2024-11-05T14:52:26.635+0000] {logging_mixin.py:151} INFO - POSTGRES_USER: airflow
[2024-11-05T14:52:26.635+0000] {logging_mixin.py:151} INFO - POSTGRES_PASSWORD: airflow
[2024-11-05T14:52:26.635+0000] {logging_mixin.py:151} INFO - POSTGRES_DB: airflow
[2024-11-05T14:52:26.640+0000] {processor.py:839} INFO - DAG(s) dict_keys(['user_pipeline']) retrieved from /opt/airflow/dags/user_pipeline.py
[2024-11-05T14:52:26.659+0000] {logging_mixin.py:151} INFO - [2024-11-05T14:52:26.659+0000] {dag.py:2915} INFO - Sync 1 DAGs
[2024-11-05T14:52:26.674+0000] {logging_mixin.py:151} INFO - [2024-11-05T14:52:26.674+0000] {dag.py:3696} INFO - Setting next_dagrun for user_pipeline to 2024-11-05T00:00:00+00:00, run_after=2024-11-06T00:00:00+00:00
[2024-11-05T14:52:26.689+0000] {processor.py:179} INFO - Processing /opt/airflow/dags/user_pipeline.py took 0.065 seconds
[2024-11-05T14:52:57.562+0000] {processor.py:157} INFO - Started process (PID=215) to work on /opt/airflow/dags/user_pipeline.py
[2024-11-05T14:52:57.563+0000] {processor.py:829} INFO - Processing file /opt/airflow/dags/user_pipeline.py for tasks to queue
[2024-11-05T14:52:57.565+0000] {logging_mixin.py:151} INFO - [2024-11-05T14:52:57.564+0000] {dagbag.py:539} INFO - Filling up the DagBag from /opt/airflow/dags/user_pipeline.py
[2024-11-05T14:52:57.570+0000] {logging_mixin.py:151} INFO - POSTGRES_USER: airflow
[2024-11-05T14:52:57.570+0000] {logging_mixin.py:151} INFO - POSTGRES_PASSWORD: airflow
[2024-11-05T14:52:57.570+0000] {logging_mixin.py:151} INFO - POSTGRES_DB: airflow
[2024-11-05T14:52:57.575+0000] {processor.py:839} INFO - DAG(s) dict_keys(['user_pipeline']) retrieved from /opt/airflow/dags/user_pipeline.py
[2024-11-05T14:52:57.595+0000] {logging_mixin.py:151} INFO - [2024-11-05T14:52:57.594+0000] {dag.py:2915} INFO - Sync 1 DAGs
[2024-11-05T14:52:57.610+0000] {logging_mixin.py:151} INFO - [2024-11-05T14:52:57.610+0000] {dag.py:3696} INFO - Setting next_dagrun for user_pipeline to 2024-11-05T00:00:00+00:00, run_after=2024-11-06T00:00:00+00:00
[2024-11-05T14:52:57.624+0000] {processor.py:179} INFO - Processing /opt/airflow/dags/user_pipeline.py took 0.064 seconds
[2024-11-05T14:53:28.297+0000] {processor.py:157} INFO - Started process (PID=227) to work on /opt/airflow/dags/user_pipeline.py
[2024-11-05T14:53:28.298+0000] {processor.py:829} INFO - Processing file /opt/airflow/dags/user_pipeline.py for tasks to queue
[2024-11-05T14:53:28.299+0000] {logging_mixin.py:151} INFO - [2024-11-05T14:53:28.299+0000] {dagbag.py:539} INFO - Filling up the DagBag from /opt/airflow/dags/user_pipeline.py
[2024-11-05T14:53:28.305+0000] {logging_mixin.py:151} INFO - POSTGRES_USER: airflow
[2024-11-05T14:53:28.305+0000] {logging_mixin.py:151} INFO - POSTGRES_PASSWORD: airflow
[2024-11-05T14:53:28.305+0000] {logging_mixin.py:151} INFO - POSTGRES_DB: airflow
[2024-11-05T14:53:28.310+0000] {processor.py:839} INFO - DAG(s) dict_keys(['user_pipeline']) retrieved from /opt/airflow/dags/user_pipeline.py
[2024-11-05T14:53:28.329+0000] {logging_mixin.py:151} INFO - [2024-11-05T14:53:28.329+0000] {dag.py:2915} INFO - Sync 1 DAGs
[2024-11-05T14:53:28.346+0000] {logging_mixin.py:151} INFO - [2024-11-05T14:53:28.345+0000] {dag.py:3696} INFO - Setting next_dagrun for user_pipeline to 2024-11-05T00:00:00+00:00, run_after=2024-11-06T00:00:00+00:00
[2024-11-05T14:53:28.359+0000] {processor.py:179} INFO - Processing /opt/airflow/dags/user_pipeline.py took 0.065 seconds
[2024-11-05T14:53:59.109+0000] {processor.py:157} INFO - Started process (PID=239) to work on /opt/airflow/dags/user_pipeline.py
[2024-11-05T14:53:59.110+0000] {processor.py:829} INFO - Processing file /opt/airflow/dags/user_pipeline.py for tasks to queue
[2024-11-05T14:53:59.111+0000] {logging_mixin.py:151} INFO - [2024-11-05T14:53:59.111+0000] {dagbag.py:539} INFO - Filling up the DagBag from /opt/airflow/dags/user_pipeline.py
[2024-11-05T14:53:59.117+0000] {logging_mixin.py:151} INFO - POSTGRES_USER: airflow
[2024-11-05T14:53:59.117+0000] {logging_mixin.py:151} INFO - POSTGRES_PASSWORD: airflow
[2024-11-05T14:53:59.118+0000] {logging_mixin.py:151} INFO - POSTGRES_DB: airflow
[2024-11-05T14:53:59.123+0000] {processor.py:839} INFO - DAG(s) dict_keys(['user_pipeline']) retrieved from /opt/airflow/dags/user_pipeline.py
[2024-11-05T14:53:59.142+0000] {logging_mixin.py:151} INFO - [2024-11-05T14:53:59.142+0000] {dag.py:2915} INFO - Sync 1 DAGs
[2024-11-05T14:53:59.157+0000] {logging_mixin.py:151} INFO - [2024-11-05T14:53:59.157+0000] {dag.py:3696} INFO - Setting next_dagrun for user_pipeline to 2024-11-05T00:00:00+00:00, run_after=2024-11-06T00:00:00+00:00
[2024-11-05T14:53:59.174+0000] {processor.py:179} INFO - Processing /opt/airflow/dags/user_pipeline.py took 0.067 seconds
[2024-11-05T14:54:29.547+0000] {processor.py:157} INFO - Started process (PID=251) to work on /opt/airflow/dags/user_pipeline.py
[2024-11-05T14:54:29.548+0000] {processor.py:829} INFO - Processing file /opt/airflow/dags/user_pipeline.py for tasks to queue
[2024-11-05T14:54:29.549+0000] {logging_mixin.py:151} INFO - [2024-11-05T14:54:29.549+0000] {dagbag.py:539} INFO - Filling up the DagBag from /opt/airflow/dags/user_pipeline.py
[2024-11-05T14:54:29.555+0000] {logging_mixin.py:151} INFO - POSTGRES_USER: airflow
[2024-11-05T14:54:29.556+0000] {logging_mixin.py:151} INFO - POSTGRES_PASSWORD: airflow
[2024-11-05T14:54:29.556+0000] {logging_mixin.py:151} INFO - POSTGRES_DB: airflow
[2024-11-05T14:54:29.561+0000] {processor.py:839} INFO - DAG(s) dict_keys(['user_pipeline']) retrieved from /opt/airflow/dags/user_pipeline.py
[2024-11-05T14:54:29.580+0000] {logging_mixin.py:151} INFO - [2024-11-05T14:54:29.580+0000] {dag.py:2915} INFO - Sync 1 DAGs
[2024-11-05T14:54:29.595+0000] {logging_mixin.py:151} INFO - [2024-11-05T14:54:29.595+0000] {dag.py:3696} INFO - Setting next_dagrun for user_pipeline to 2024-11-05T00:00:00+00:00, run_after=2024-11-06T00:00:00+00:00
[2024-11-05T14:54:29.609+0000] {processor.py:179} INFO - Processing /opt/airflow/dags/user_pipeline.py took 0.064 seconds
[2024-11-05T14:54:59.958+0000] {processor.py:157} INFO - Started process (PID=263) to work on /opt/airflow/dags/user_pipeline.py
[2024-11-05T14:54:59.959+0000] {processor.py:829} INFO - Processing file /opt/airflow/dags/user_pipeline.py for tasks to queue
[2024-11-05T14:54:59.961+0000] {logging_mixin.py:151} INFO - [2024-11-05T14:54:59.961+0000] {dagbag.py:539} INFO - Filling up the DagBag from /opt/airflow/dags/user_pipeline.py
[2024-11-05T14:54:59.966+0000] {logging_mixin.py:151} INFO - POSTGRES_USER: airflow
[2024-11-05T14:54:59.966+0000] {logging_mixin.py:151} INFO - POSTGRES_PASSWORD: airflow
[2024-11-05T14:54:59.967+0000] {logging_mixin.py:151} INFO - POSTGRES_DB: airflow
[2024-11-05T14:54:59.972+0000] {processor.py:839} INFO - DAG(s) dict_keys(['user_pipeline']) retrieved from /opt/airflow/dags/user_pipeline.py
[2024-11-05T14:54:59.995+0000] {logging_mixin.py:151} INFO - [2024-11-05T14:54:59.995+0000] {dag.py:2915} INFO - Sync 1 DAGs
[2024-11-05T14:55:00.012+0000] {logging_mixin.py:151} INFO - [2024-11-05T14:55:00.012+0000] {dag.py:3696} INFO - Setting next_dagrun for user_pipeline to 2024-11-05T00:00:00+00:00, run_after=2024-11-06T00:00:00+00:00
[2024-11-05T14:55:00.030+0000] {processor.py:179} INFO - Processing /opt/airflow/dags/user_pipeline.py took 0.074 seconds
[2024-11-05T14:55:30.180+0000] {processor.py:157} INFO - Started process (PID=275) to work on /opt/airflow/dags/user_pipeline.py
[2024-11-05T14:55:30.181+0000] {processor.py:829} INFO - Processing file /opt/airflow/dags/user_pipeline.py for tasks to queue
[2024-11-05T14:55:30.182+0000] {logging_mixin.py:151} INFO - [2024-11-05T14:55:30.182+0000] {dagbag.py:539} INFO - Filling up the DagBag from /opt/airflow/dags/user_pipeline.py
[2024-11-05T14:55:30.188+0000] {logging_mixin.py:151} INFO - POSTGRES_USER: airflow
[2024-11-05T14:55:30.188+0000] {logging_mixin.py:151} INFO - POSTGRES_PASSWORD: airflow
[2024-11-05T14:55:30.188+0000] {logging_mixin.py:151} INFO - POSTGRES_DB: airflow
[2024-11-05T14:55:30.193+0000] {processor.py:839} INFO - DAG(s) dict_keys(['user_pipeline']) retrieved from /opt/airflow/dags/user_pipeline.py
[2024-11-05T14:55:30.213+0000] {logging_mixin.py:151} INFO - [2024-11-05T14:55:30.212+0000] {dag.py:2915} INFO - Sync 1 DAGs
[2024-11-05T14:55:30.228+0000] {logging_mixin.py:151} INFO - [2024-11-05T14:55:30.228+0000] {dag.py:3696} INFO - Setting next_dagrun for user_pipeline to 2024-11-05T00:00:00+00:00, run_after=2024-11-06T00:00:00+00:00
[2024-11-05T14:55:30.242+0000] {processor.py:179} INFO - Processing /opt/airflow/dags/user_pipeline.py took 0.064 seconds
[2024-11-05T14:56:00.944+0000] {processor.py:157} INFO - Started process (PID=287) to work on /opt/airflow/dags/user_pipeline.py
[2024-11-05T14:56:00.945+0000] {processor.py:829} INFO - Processing file /opt/airflow/dags/user_pipeline.py for tasks to queue
[2024-11-05T14:56:00.946+0000] {logging_mixin.py:151} INFO - [2024-11-05T14:56:00.946+0000] {dagbag.py:539} INFO - Filling up the DagBag from /opt/airflow/dags/user_pipeline.py
[2024-11-05T14:56:00.952+0000] {logging_mixin.py:151} INFO - POSTGRES_USER: airflow
[2024-11-05T14:56:00.952+0000] {logging_mixin.py:151} INFO - POSTGRES_PASSWORD: airflow
[2024-11-05T14:56:00.952+0000] {logging_mixin.py:151} INFO - POSTGRES_DB: airflow
[2024-11-05T14:56:00.957+0000] {processor.py:839} INFO - DAG(s) dict_keys(['user_pipeline']) retrieved from /opt/airflow/dags/user_pipeline.py
[2024-11-05T14:56:00.978+0000] {logging_mixin.py:151} INFO - [2024-11-05T14:56:00.978+0000] {dag.py:2915} INFO - Sync 1 DAGs
[2024-11-05T14:56:00.994+0000] {logging_mixin.py:151} INFO - [2024-11-05T14:56:00.993+0000] {dag.py:3696} INFO - Setting next_dagrun for user_pipeline to 2024-11-05T00:00:00+00:00, run_after=2024-11-06T00:00:00+00:00
[2024-11-05T14:56:01.008+0000] {processor.py:179} INFO - Processing /opt/airflow/dags/user_pipeline.py took 0.067 seconds
[2024-11-05T14:56:31.247+0000] {processor.py:157} INFO - Started process (PID=299) to work on /opt/airflow/dags/user_pipeline.py
[2024-11-05T14:56:31.248+0000] {processor.py:829} INFO - Processing file /opt/airflow/dags/user_pipeline.py for tasks to queue
[2024-11-05T14:56:31.249+0000] {logging_mixin.py:151} INFO - [2024-11-05T14:56:31.249+0000] {dagbag.py:539} INFO - Filling up the DagBag from /opt/airflow/dags/user_pipeline.py
[2024-11-05T14:56:31.255+0000] {logging_mixin.py:151} INFO - POSTGRES_USER: airflow
[2024-11-05T14:56:31.255+0000] {logging_mixin.py:151} INFO - POSTGRES_PASSWORD: airflow
[2024-11-05T14:56:31.255+0000] {logging_mixin.py:151} INFO - POSTGRES_DB: airflow
[2024-11-05T14:56:31.260+0000] {processor.py:839} INFO - DAG(s) dict_keys(['user_pipeline']) retrieved from /opt/airflow/dags/user_pipeline.py
[2024-11-05T14:56:31.279+0000] {logging_mixin.py:151} INFO - [2024-11-05T14:56:31.279+0000] {dag.py:2915} INFO - Sync 1 DAGs
[2024-11-05T14:56:31.294+0000] {logging_mixin.py:151} INFO - [2024-11-05T14:56:31.294+0000] {dag.py:3696} INFO - Setting next_dagrun for user_pipeline to 2024-11-05T00:00:00+00:00, run_after=2024-11-06T00:00:00+00:00
[2024-11-05T14:56:31.310+0000] {processor.py:179} INFO - Processing /opt/airflow/dags/user_pipeline.py took 0.065 seconds
[2024-11-05T14:57:01.635+0000] {processor.py:157} INFO - Started process (PID=310) to work on /opt/airflow/dags/user_pipeline.py
[2024-11-05T14:57:01.636+0000] {processor.py:829} INFO - Processing file /opt/airflow/dags/user_pipeline.py for tasks to queue
[2024-11-05T14:57:01.637+0000] {logging_mixin.py:151} INFO - [2024-11-05T14:57:01.637+0000] {dagbag.py:539} INFO - Filling up the DagBag from /opt/airflow/dags/user_pipeline.py
[2024-11-05T14:57:01.643+0000] {logging_mixin.py:151} INFO - POSTGRES_USER: airflow
[2024-11-05T14:57:01.643+0000] {logging_mixin.py:151} INFO - POSTGRES_PASSWORD: airflow
[2024-11-05T14:57:01.644+0000] {logging_mixin.py:151} INFO - POSTGRES_DB: airflow
[2024-11-05T14:57:01.649+0000] {processor.py:839} INFO - DAG(s) dict_keys(['user_pipeline']) retrieved from /opt/airflow/dags/user_pipeline.py
[2024-11-05T14:57:01.668+0000] {logging_mixin.py:151} INFO - [2024-11-05T14:57:01.668+0000] {dag.py:2915} INFO - Sync 1 DAGs
[2024-11-05T14:57:01.683+0000] {logging_mixin.py:151} INFO - [2024-11-05T14:57:01.683+0000] {dag.py:3696} INFO - Setting next_dagrun for user_pipeline to 2024-11-05T00:00:00+00:00, run_after=2024-11-06T00:00:00+00:00
[2024-11-05T14:57:01.696+0000] {processor.py:179} INFO - Processing /opt/airflow/dags/user_pipeline.py took 0.064 seconds
[2024-11-05T14:57:32.286+0000] {processor.py:157} INFO - Started process (PID=322) to work on /opt/airflow/dags/user_pipeline.py
[2024-11-05T14:57:32.287+0000] {processor.py:829} INFO - Processing file /opt/airflow/dags/user_pipeline.py for tasks to queue
[2024-11-05T14:57:32.288+0000] {logging_mixin.py:151} INFO - [2024-11-05T14:57:32.288+0000] {dagbag.py:539} INFO - Filling up the DagBag from /opt/airflow/dags/user_pipeline.py
[2024-11-05T14:57:32.294+0000] {logging_mixin.py:151} INFO - POSTGRES_USER: airflow
[2024-11-05T14:57:32.294+0000] {logging_mixin.py:151} INFO - POSTGRES_PASSWORD: airflow
[2024-11-05T14:57:32.294+0000] {logging_mixin.py:151} INFO - POSTGRES_DB: airflow
[2024-11-05T14:57:32.299+0000] {processor.py:839} INFO - DAG(s) dict_keys(['user_pipeline']) retrieved from /opt/airflow/dags/user_pipeline.py
[2024-11-05T14:57:32.318+0000] {logging_mixin.py:151} INFO - [2024-11-05T14:57:32.318+0000] {dag.py:2915} INFO - Sync 1 DAGs
[2024-11-05T14:57:32.334+0000] {logging_mixin.py:151} INFO - [2024-11-05T14:57:32.334+0000] {dag.py:3696} INFO - Setting next_dagrun for user_pipeline to 2024-11-05T00:00:00+00:00, run_after=2024-11-06T00:00:00+00:00
[2024-11-05T14:57:32.349+0000] {processor.py:179} INFO - Processing /opt/airflow/dags/user_pipeline.py took 0.065 seconds
[2024-11-05T14:58:01.621+0000] {processor.py:157} INFO - Started process (PID=334) to work on /opt/airflow/dags/user_pipeline.py
[2024-11-05T14:58:01.622+0000] {processor.py:829} INFO - Processing file /opt/airflow/dags/user_pipeline.py for tasks to queue
[2024-11-05T14:58:01.623+0000] {logging_mixin.py:151} INFO - [2024-11-05T14:58:01.623+0000] {dagbag.py:539} INFO - Filling up the DagBag from /opt/airflow/dags/user_pipeline.py
[2024-11-05T14:58:01.629+0000] {logging_mixin.py:151} INFO - POSTGRES_USER: airflow
[2024-11-05T14:58:01.629+0000] {logging_mixin.py:151} INFO - POSTGRES_PASSWORD: airflow
[2024-11-05T14:58:01.629+0000] {logging_mixin.py:151} INFO - POSTGRES_DB: airflow
[2024-11-05T14:58:01.634+0000] {processor.py:839} INFO - DAG(s) dict_keys(['user_pipeline']) retrieved from /opt/airflow/dags/user_pipeline.py
[2024-11-05T14:58:01.656+0000] {logging_mixin.py:151} INFO - [2024-11-05T14:58:01.656+0000] {dag.py:2915} INFO - Sync 1 DAGs
[2024-11-05T14:58:01.671+0000] {logging_mixin.py:151} INFO - [2024-11-05T14:58:01.671+0000] {dag.py:3696} INFO - Setting next_dagrun for user_pipeline to 2024-11-05T00:00:00+00:00, run_after=2024-11-06T00:00:00+00:00
[2024-11-05T14:58:01.686+0000] {processor.py:179} INFO - Processing /opt/airflow/dags/user_pipeline.py took 0.067 seconds
[2024-11-05T14:58:32.284+0000] {processor.py:157} INFO - Started process (PID=346) to work on /opt/airflow/dags/user_pipeline.py
[2024-11-05T14:58:32.285+0000] {processor.py:829} INFO - Processing file /opt/airflow/dags/user_pipeline.py for tasks to queue
[2024-11-05T14:58:32.287+0000] {logging_mixin.py:151} INFO - [2024-11-05T14:58:32.287+0000] {dagbag.py:539} INFO - Filling up the DagBag from /opt/airflow/dags/user_pipeline.py
[2024-11-05T14:58:32.293+0000] {logging_mixin.py:151} INFO - POSTGRES_USER: airflow
[2024-11-05T14:58:32.293+0000] {logging_mixin.py:151} INFO - POSTGRES_PASSWORD: airflow
[2024-11-05T14:58:32.293+0000] {logging_mixin.py:151} INFO - POSTGRES_DB: airflow
[2024-11-05T14:58:32.298+0000] {processor.py:839} INFO - DAG(s) dict_keys(['user_pipeline']) retrieved from /opt/airflow/dags/user_pipeline.py
[2024-11-05T14:58:32.318+0000] {logging_mixin.py:151} INFO - [2024-11-05T14:58:32.318+0000] {dag.py:2915} INFO - Sync 1 DAGs
[2024-11-05T14:58:32.333+0000] {logging_mixin.py:151} INFO - [2024-11-05T14:58:32.333+0000] {dag.py:3696} INFO - Setting next_dagrun for user_pipeline to 2024-11-05T00:00:00+00:00, run_after=2024-11-06T00:00:00+00:00
[2024-11-05T14:58:32.349+0000] {processor.py:179} INFO - Processing /opt/airflow/dags/user_pipeline.py took 0.067 seconds
[2024-11-05T14:59:02.837+0000] {processor.py:157} INFO - Started process (PID=358) to work on /opt/airflow/dags/user_pipeline.py
[2024-11-05T14:59:02.838+0000] {processor.py:829} INFO - Processing file /opt/airflow/dags/user_pipeline.py for tasks to queue
[2024-11-05T14:59:02.839+0000] {logging_mixin.py:151} INFO - [2024-11-05T14:59:02.839+0000] {dagbag.py:539} INFO - Filling up the DagBag from /opt/airflow/dags/user_pipeline.py
[2024-11-05T14:59:02.846+0000] {logging_mixin.py:151} INFO - POSTGRES_USER: airflow
[2024-11-05T14:59:02.846+0000] {logging_mixin.py:151} INFO - POSTGRES_PASSWORD: airflow
[2024-11-05T14:59:02.846+0000] {logging_mixin.py:151} INFO - POSTGRES_DB: airflow
[2024-11-05T14:59:02.852+0000] {processor.py:839} INFO - DAG(s) dict_keys(['user_pipeline']) retrieved from /opt/airflow/dags/user_pipeline.py
[2024-11-05T14:59:02.872+0000] {logging_mixin.py:151} INFO - [2024-11-05T14:59:02.871+0000] {dag.py:2915} INFO - Sync 1 DAGs
[2024-11-05T14:59:02.886+0000] {logging_mixin.py:151} INFO - [2024-11-05T14:59:02.886+0000] {dag.py:3696} INFO - Setting next_dagrun for user_pipeline to 2024-11-05T00:00:00+00:00, run_after=2024-11-06T00:00:00+00:00
[2024-11-05T14:59:02.900+0000] {processor.py:179} INFO - Processing /opt/airflow/dags/user_pipeline.py took 0.066 seconds
[2024-11-05T14:59:33.518+0000] {processor.py:157} INFO - Started process (PID=370) to work on /opt/airflow/dags/user_pipeline.py
[2024-11-05T14:59:33.519+0000] {processor.py:829} INFO - Processing file /opt/airflow/dags/user_pipeline.py for tasks to queue
[2024-11-05T14:59:33.520+0000] {logging_mixin.py:151} INFO - [2024-11-05T14:59:33.520+0000] {dagbag.py:539} INFO - Filling up the DagBag from /opt/airflow/dags/user_pipeline.py
[2024-11-05T14:59:33.527+0000] {logging_mixin.py:151} INFO - POSTGRES_USER: airflow
[2024-11-05T14:59:33.527+0000] {logging_mixin.py:151} INFO - POSTGRES_PASSWORD: airflow
[2024-11-05T14:59:33.527+0000] {logging_mixin.py:151} INFO - POSTGRES_DB: airflow
[2024-11-05T14:59:33.532+0000] {processor.py:839} INFO - DAG(s) dict_keys(['user_pipeline']) retrieved from /opt/airflow/dags/user_pipeline.py
[2024-11-05T14:59:33.554+0000] {logging_mixin.py:151} INFO - [2024-11-05T14:59:33.554+0000] {dag.py:2915} INFO - Sync 1 DAGs
[2024-11-05T14:59:33.570+0000] {logging_mixin.py:151} INFO - [2024-11-05T14:59:33.570+0000] {dag.py:3696} INFO - Setting next_dagrun for user_pipeline to 2024-11-05T00:00:00+00:00, run_after=2024-11-06T00:00:00+00:00
[2024-11-05T14:59:33.584+0000] {processor.py:179} INFO - Processing /opt/airflow/dags/user_pipeline.py took 0.069 seconds
[2024-11-05T15:00:04.291+0000] {processor.py:157} INFO - Started process (PID=382) to work on /opt/airflow/dags/user_pipeline.py
[2024-11-05T15:00:04.292+0000] {processor.py:829} INFO - Processing file /opt/airflow/dags/user_pipeline.py for tasks to queue
[2024-11-05T15:00:04.294+0000] {logging_mixin.py:151} INFO - [2024-11-05T15:00:04.293+0000] {dagbag.py:539} INFO - Filling up the DagBag from /opt/airflow/dags/user_pipeline.py
[2024-11-05T15:00:04.299+0000] {logging_mixin.py:151} INFO - POSTGRES_USER: airflow
[2024-11-05T15:00:04.299+0000] {logging_mixin.py:151} INFO - POSTGRES_PASSWORD: airflow
[2024-11-05T15:00:04.300+0000] {logging_mixin.py:151} INFO - POSTGRES_DB: airflow
[2024-11-05T15:00:04.305+0000] {processor.py:839} INFO - DAG(s) dict_keys(['user_pipeline']) retrieved from /opt/airflow/dags/user_pipeline.py
[2024-11-05T15:00:04.325+0000] {logging_mixin.py:151} INFO - [2024-11-05T15:00:04.325+0000] {dag.py:2915} INFO - Sync 1 DAGs
[2024-11-05T15:00:04.342+0000] {logging_mixin.py:151} INFO - [2024-11-05T15:00:04.342+0000] {dag.py:3696} INFO - Setting next_dagrun for user_pipeline to 2024-11-05T00:00:00+00:00, run_after=2024-11-06T00:00:00+00:00
[2024-11-05T15:00:04.357+0000] {processor.py:179} INFO - Processing /opt/airflow/dags/user_pipeline.py took 0.068 seconds
[2024-11-05T15:00:34.388+0000] {processor.py:157} INFO - Started process (PID=394) to work on /opt/airflow/dags/user_pipeline.py
[2024-11-05T15:00:34.389+0000] {processor.py:829} INFO - Processing file /opt/airflow/dags/user_pipeline.py for tasks to queue
[2024-11-05T15:00:34.391+0000] {logging_mixin.py:151} INFO - [2024-11-05T15:00:34.391+0000] {dagbag.py:539} INFO - Filling up the DagBag from /opt/airflow/dags/user_pipeline.py
[2024-11-05T15:00:34.397+0000] {logging_mixin.py:151} INFO - POSTGRES_USER: airflow
[2024-11-05T15:00:34.397+0000] {logging_mixin.py:151} INFO - POSTGRES_PASSWORD: airflow
[2024-11-05T15:00:34.397+0000] {logging_mixin.py:151} INFO - POSTGRES_DB: airflow
[2024-11-05T15:00:34.402+0000] {processor.py:839} INFO - DAG(s) dict_keys(['user_pipeline']) retrieved from /opt/airflow/dags/user_pipeline.py
[2024-11-05T15:00:34.422+0000] {logging_mixin.py:151} INFO - [2024-11-05T15:00:34.422+0000] {dag.py:2915} INFO - Sync 1 DAGs
[2024-11-05T15:00:34.438+0000] {logging_mixin.py:151} INFO - [2024-11-05T15:00:34.438+0000] {dag.py:3696} INFO - Setting next_dagrun for user_pipeline to 2024-11-05T00:00:00+00:00, run_after=2024-11-06T00:00:00+00:00
[2024-11-05T15:00:34.453+0000] {processor.py:179} INFO - Processing /opt/airflow/dags/user_pipeline.py took 0.067 seconds
[2024-11-05T15:01:04.791+0000] {processor.py:157} INFO - Started process (PID=406) to work on /opt/airflow/dags/user_pipeline.py
[2024-11-05T15:01:04.792+0000] {processor.py:829} INFO - Processing file /opt/airflow/dags/user_pipeline.py for tasks to queue
[2024-11-05T15:01:04.793+0000] {logging_mixin.py:151} INFO - [2024-11-05T15:01:04.793+0000] {dagbag.py:539} INFO - Filling up the DagBag from /opt/airflow/dags/user_pipeline.py
[2024-11-05T15:01:04.799+0000] {logging_mixin.py:151} INFO - POSTGRES_USER: airflow
[2024-11-05T15:01:04.799+0000] {logging_mixin.py:151} INFO - POSTGRES_PASSWORD: airflow
[2024-11-05T15:01:04.799+0000] {logging_mixin.py:151} INFO - POSTGRES_DB: airflow
[2024-11-05T15:01:04.804+0000] {processor.py:839} INFO - DAG(s) dict_keys(['user_pipeline']) retrieved from /opt/airflow/dags/user_pipeline.py
[2024-11-05T15:01:04.826+0000] {logging_mixin.py:151} INFO - [2024-11-05T15:01:04.825+0000] {dag.py:2915} INFO - Sync 1 DAGs
[2024-11-05T15:01:04.842+0000] {logging_mixin.py:151} INFO - [2024-11-05T15:01:04.842+0000] {dag.py:3696} INFO - Setting next_dagrun for user_pipeline to 2024-11-05T00:00:00+00:00, run_after=2024-11-06T00:00:00+00:00
[2024-11-05T15:01:04.858+0000] {processor.py:179} INFO - Processing /opt/airflow/dags/user_pipeline.py took 0.069 seconds
[2024-11-05T15:01:34.971+0000] {processor.py:157} INFO - Started process (PID=418) to work on /opt/airflow/dags/user_pipeline.py
[2024-11-05T15:01:34.972+0000] {processor.py:829} INFO - Processing file /opt/airflow/dags/user_pipeline.py for tasks to queue
[2024-11-05T15:01:34.974+0000] {logging_mixin.py:151} INFO - [2024-11-05T15:01:34.974+0000] {dagbag.py:539} INFO - Filling up the DagBag from /opt/airflow/dags/user_pipeline.py
[2024-11-05T15:01:34.980+0000] {logging_mixin.py:151} INFO - POSTGRES_USER: airflow
[2024-11-05T15:01:34.980+0000] {logging_mixin.py:151} INFO - POSTGRES_PASSWORD: airflow
[2024-11-05T15:01:34.980+0000] {logging_mixin.py:151} INFO - POSTGRES_DB: airflow
[2024-11-05T15:01:34.985+0000] {processor.py:839} INFO - DAG(s) dict_keys(['user_pipeline']) retrieved from /opt/airflow/dags/user_pipeline.py
[2024-11-05T15:01:35.008+0000] {logging_mixin.py:151} INFO - [2024-11-05T15:01:35.008+0000] {dag.py:2915} INFO - Sync 1 DAGs
[2024-11-05T15:01:35.026+0000] {logging_mixin.py:151} INFO - [2024-11-05T15:01:35.026+0000] {dag.py:3696} INFO - Setting next_dagrun for user_pipeline to 2024-11-05T00:00:00+00:00, run_after=2024-11-06T00:00:00+00:00
[2024-11-05T15:01:35.043+0000] {processor.py:179} INFO - Processing /opt/airflow/dags/user_pipeline.py took 0.075 seconds
[2024-11-05T15:02:05.978+0000] {processor.py:157} INFO - Started process (PID=430) to work on /opt/airflow/dags/user_pipeline.py
[2024-11-05T15:02:05.979+0000] {processor.py:829} INFO - Processing file /opt/airflow/dags/user_pipeline.py for tasks to queue
[2024-11-05T15:02:05.980+0000] {logging_mixin.py:151} INFO - [2024-11-05T15:02:05.980+0000] {dagbag.py:539} INFO - Filling up the DagBag from /opt/airflow/dags/user_pipeline.py
[2024-11-05T15:02:05.987+0000] {logging_mixin.py:151} INFO - POSTGRES_USER: airflow
[2024-11-05T15:02:05.988+0000] {logging_mixin.py:151} INFO - POSTGRES_PASSWORD: airflow
[2024-11-05T15:02:05.988+0000] {logging_mixin.py:151} INFO - POSTGRES_DB: airflow
[2024-11-05T15:02:05.994+0000] {processor.py:839} INFO - DAG(s) dict_keys(['user_pipeline']) retrieved from /opt/airflow/dags/user_pipeline.py
[2024-11-05T15:02:06.016+0000] {logging_mixin.py:151} INFO - [2024-11-05T15:02:06.016+0000] {dag.py:2915} INFO - Sync 1 DAGs
[2024-11-05T15:02:06.034+0000] {logging_mixin.py:151} INFO - [2024-11-05T15:02:06.034+0000] {dag.py:3696} INFO - Setting next_dagrun for user_pipeline to 2024-11-05T00:00:00+00:00, run_after=2024-11-06T00:00:00+00:00
[2024-11-05T15:02:06.050+0000] {processor.py:179} INFO - Processing /opt/airflow/dags/user_pipeline.py took 0.075 seconds
[2024-11-05T15:02:36.123+0000] {processor.py:157} INFO - Started process (PID=441) to work on /opt/airflow/dags/user_pipeline.py
[2024-11-05T15:02:36.124+0000] {processor.py:829} INFO - Processing file /opt/airflow/dags/user_pipeline.py for tasks to queue
[2024-11-05T15:02:36.125+0000] {logging_mixin.py:151} INFO - [2024-11-05T15:02:36.125+0000] {dagbag.py:539} INFO - Filling up the DagBag from /opt/airflow/dags/user_pipeline.py
[2024-11-05T15:02:36.132+0000] {logging_mixin.py:151} INFO - POSTGRES_USER: airflow
[2024-11-05T15:02:36.132+0000] {logging_mixin.py:151} INFO - POSTGRES_PASSWORD: airflow
[2024-11-05T15:02:36.132+0000] {logging_mixin.py:151} INFO - POSTGRES_DB: airflow
[2024-11-05T15:02:36.137+0000] {processor.py:839} INFO - DAG(s) dict_keys(['user_pipeline']) retrieved from /opt/airflow/dags/user_pipeline.py
[2024-11-05T15:02:36.160+0000] {logging_mixin.py:151} INFO - [2024-11-05T15:02:36.160+0000] {dag.py:2915} INFO - Sync 1 DAGs
[2024-11-05T15:02:36.178+0000] {logging_mixin.py:151} INFO - [2024-11-05T15:02:36.178+0000] {dag.py:3696} INFO - Setting next_dagrun for user_pipeline to 2024-11-05T00:00:00+00:00, run_after=2024-11-06T00:00:00+00:00
[2024-11-05T15:02:36.193+0000] {processor.py:179} INFO - Processing /opt/airflow/dags/user_pipeline.py took 0.073 seconds
[2024-11-05T15:03:07.197+0000] {processor.py:157} INFO - Started process (PID=462) to work on /opt/airflow/dags/user_pipeline.py
[2024-11-05T15:03:07.198+0000] {processor.py:829} INFO - Processing file /opt/airflow/dags/user_pipeline.py for tasks to queue
[2024-11-05T15:03:07.200+0000] {logging_mixin.py:151} INFO - [2024-11-05T15:03:07.199+0000] {dagbag.py:539} INFO - Filling up the DagBag from /opt/airflow/dags/user_pipeline.py
[2024-11-05T15:03:07.205+0000] {logging_mixin.py:151} INFO - POSTGRES_USER: airflow
[2024-11-05T15:03:07.205+0000] {logging_mixin.py:151} INFO - POSTGRES_PASSWORD: airflow
[2024-11-05T15:03:07.205+0000] {logging_mixin.py:151} INFO - POSTGRES_DB: airflow
[2024-11-05T15:03:07.211+0000] {processor.py:839} INFO - DAG(s) dict_keys(['user_pipeline']) retrieved from /opt/airflow/dags/user_pipeline.py
[2024-11-05T15:03:07.234+0000] {logging_mixin.py:151} INFO - [2024-11-05T15:03:07.233+0000] {dag.py:2915} INFO - Sync 1 DAGs
[2024-11-05T15:03:07.250+0000] {logging_mixin.py:151} INFO - [2024-11-05T15:03:07.250+0000] {dag.py:3696} INFO - Setting next_dagrun for user_pipeline to 2024-11-05T00:00:00+00:00, run_after=2024-11-06T00:00:00+00:00
[2024-11-05T15:03:07.269+0000] {processor.py:179} INFO - Processing /opt/airflow/dags/user_pipeline.py took 0.075 seconds
[2024-11-05T15:03:38.706+0000] {processor.py:157} INFO - Started process (PID=474) to work on /opt/airflow/dags/user_pipeline.py
[2024-11-05T15:03:38.707+0000] {processor.py:829} INFO - Processing file /opt/airflow/dags/user_pipeline.py for tasks to queue
[2024-11-05T15:03:38.708+0000] {logging_mixin.py:151} INFO - [2024-11-05T15:03:38.708+0000] {dagbag.py:539} INFO - Filling up the DagBag from /opt/airflow/dags/user_pipeline.py
[2024-11-05T15:03:38.714+0000] {logging_mixin.py:151} INFO - POSTGRES_USER: airflow
[2024-11-05T15:03:38.714+0000] {logging_mixin.py:151} INFO - POSTGRES_PASSWORD: airflow
[2024-11-05T15:03:38.714+0000] {logging_mixin.py:151} INFO - POSTGRES_DB: airflow
[2024-11-05T15:03:38.719+0000] {processor.py:839} INFO - DAG(s) dict_keys(['user_pipeline']) retrieved from /opt/airflow/dags/user_pipeline.py
[2024-11-05T15:03:38.737+0000] {logging_mixin.py:151} INFO - [2024-11-05T15:03:38.737+0000] {dag.py:2915} INFO - Sync 1 DAGs
[2024-11-05T15:03:38.753+0000] {logging_mixin.py:151} INFO - [2024-11-05T15:03:38.753+0000] {dag.py:3696} INFO - Setting next_dagrun for user_pipeline to 2024-11-05T00:00:00+00:00, run_after=2024-11-06T00:00:00+00:00
[2024-11-05T15:03:38.767+0000] {processor.py:179} INFO - Processing /opt/airflow/dags/user_pipeline.py took 0.064 seconds
[2024-11-05T15:04:08.833+0000] {processor.py:157} INFO - Started process (PID=486) to work on /opt/airflow/dags/user_pipeline.py
[2024-11-05T15:04:08.834+0000] {processor.py:829} INFO - Processing file /opt/airflow/dags/user_pipeline.py for tasks to queue
[2024-11-05T15:04:08.837+0000] {logging_mixin.py:151} INFO - [2024-11-05T15:04:08.837+0000] {dagbag.py:539} INFO - Filling up the DagBag from /opt/airflow/dags/user_pipeline.py
[2024-11-05T15:04:08.845+0000] {logging_mixin.py:151} INFO - POSTGRES_USER: airflow
[2024-11-05T15:04:08.846+0000] {logging_mixin.py:151} INFO - POSTGRES_PASSWORD: airflow
[2024-11-05T15:04:08.846+0000] {logging_mixin.py:151} INFO - POSTGRES_DB: airflow
[2024-11-05T15:04:08.853+0000] {processor.py:839} INFO - DAG(s) dict_keys(['user_pipeline']) retrieved from /opt/airflow/dags/user_pipeline.py
[2024-11-05T15:04:08.881+0000] {logging_mixin.py:151} INFO - [2024-11-05T15:04:08.881+0000] {dag.py:2915} INFO - Sync 1 DAGs
[2024-11-05T15:04:08.902+0000] {logging_mixin.py:151} INFO - [2024-11-05T15:04:08.902+0000] {dag.py:3696} INFO - Setting next_dagrun for user_pipeline to 2024-11-05T00:00:00+00:00, run_after=2024-11-06T00:00:00+00:00
[2024-11-05T15:04:08.925+0000] {processor.py:179} INFO - Processing /opt/airflow/dags/user_pipeline.py took 0.095 seconds
[2024-11-05T15:04:39.009+0000] {processor.py:157} INFO - Started process (PID=498) to work on /opt/airflow/dags/user_pipeline.py
[2024-11-05T15:04:39.010+0000] {processor.py:829} INFO - Processing file /opt/airflow/dags/user_pipeline.py for tasks to queue
[2024-11-05T15:04:39.012+0000] {logging_mixin.py:151} INFO - [2024-11-05T15:04:39.012+0000] {dagbag.py:539} INFO - Filling up the DagBag from /opt/airflow/dags/user_pipeline.py
[2024-11-05T15:04:39.019+0000] {logging_mixin.py:151} INFO - POSTGRES_USER: airflow
[2024-11-05T15:04:39.019+0000] {logging_mixin.py:151} INFO - POSTGRES_PASSWORD: airflow
[2024-11-05T15:04:39.019+0000] {logging_mixin.py:151} INFO - POSTGRES_DB: airflow
[2024-11-05T15:04:39.024+0000] {processor.py:839} INFO - DAG(s) dict_keys(['user_pipeline']) retrieved from /opt/airflow/dags/user_pipeline.py
[2024-11-05T15:04:39.046+0000] {logging_mixin.py:151} INFO - [2024-11-05T15:04:39.046+0000] {dag.py:2915} INFO - Sync 1 DAGs
[2024-11-05T15:04:39.062+0000] {logging_mixin.py:151} INFO - [2024-11-05T15:04:39.062+0000] {dag.py:3696} INFO - Setting next_dagrun for user_pipeline to 2024-11-05T00:00:00+00:00, run_after=2024-11-06T00:00:00+00:00
[2024-11-05T15:04:39.076+0000] {processor.py:179} INFO - Processing /opt/airflow/dags/user_pipeline.py took 0.070 seconds
[2024-11-05T15:05:10.081+0000] {processor.py:157} INFO - Started process (PID=510) to work on /opt/airflow/dags/user_pipeline.py
[2024-11-05T15:05:10.082+0000] {processor.py:829} INFO - Processing file /opt/airflow/dags/user_pipeline.py for tasks to queue
[2024-11-05T15:05:10.083+0000] {logging_mixin.py:151} INFO - [2024-11-05T15:05:10.083+0000] {dagbag.py:539} INFO - Filling up the DagBag from /opt/airflow/dags/user_pipeline.py
[2024-11-05T15:05:10.089+0000] {logging_mixin.py:151} INFO - POSTGRES_USER: airflow
[2024-11-05T15:05:10.089+0000] {logging_mixin.py:151} INFO - POSTGRES_PASSWORD: airflow
[2024-11-05T15:05:10.089+0000] {logging_mixin.py:151} INFO - POSTGRES_DB: airflow
[2024-11-05T15:05:10.094+0000] {processor.py:839} INFO - DAG(s) dict_keys(['user_pipeline']) retrieved from /opt/airflow/dags/user_pipeline.py
[2024-11-05T15:05:10.117+0000] {logging_mixin.py:151} INFO - [2024-11-05T15:05:10.117+0000] {dag.py:2915} INFO - Sync 1 DAGs
[2024-11-05T15:05:10.133+0000] {logging_mixin.py:151} INFO - [2024-11-05T15:05:10.133+0000] {dag.py:3696} INFO - Setting next_dagrun for user_pipeline to 2024-11-05T00:00:00+00:00, run_after=2024-11-06T00:00:00+00:00
[2024-11-05T15:05:10.150+0000] {processor.py:179} INFO - Processing /opt/airflow/dags/user_pipeline.py took 0.072 seconds
[2024-11-05T15:05:40.362+0000] {processor.py:157} INFO - Started process (PID=522) to work on /opt/airflow/dags/user_pipeline.py
[2024-11-05T15:05:40.363+0000] {processor.py:829} INFO - Processing file /opt/airflow/dags/user_pipeline.py for tasks to queue
[2024-11-05T15:05:40.364+0000] {logging_mixin.py:151} INFO - [2024-11-05T15:05:40.364+0000] {dagbag.py:539} INFO - Filling up the DagBag from /opt/airflow/dags/user_pipeline.py
[2024-11-05T15:05:40.370+0000] {logging_mixin.py:151} INFO - POSTGRES_USER: airflow
[2024-11-05T15:05:40.370+0000] {logging_mixin.py:151} INFO - POSTGRES_PASSWORD: airflow
[2024-11-05T15:05:40.371+0000] {logging_mixin.py:151} INFO - POSTGRES_DB: airflow
[2024-11-05T15:05:40.376+0000] {processor.py:839} INFO - DAG(s) dict_keys(['user_pipeline']) retrieved from /opt/airflow/dags/user_pipeline.py
[2024-11-05T15:05:40.395+0000] {logging_mixin.py:151} INFO - [2024-11-05T15:05:40.395+0000] {dag.py:2915} INFO - Sync 1 DAGs
[2024-11-05T15:05:40.410+0000] {logging_mixin.py:151} INFO - [2024-11-05T15:05:40.410+0000] {dag.py:3696} INFO - Setting next_dagrun for user_pipeline to 2024-11-05T00:00:00+00:00, run_after=2024-11-06T00:00:00+00:00
[2024-11-05T15:05:40.424+0000] {processor.py:179} INFO - Processing /opt/airflow/dags/user_pipeline.py took 0.065 seconds
[2024-11-05T15:06:11.267+0000] {processor.py:157} INFO - Started process (PID=534) to work on /opt/airflow/dags/user_pipeline.py
[2024-11-05T15:06:11.268+0000] {processor.py:829} INFO - Processing file /opt/airflow/dags/user_pipeline.py for tasks to queue
[2024-11-05T15:06:11.270+0000] {logging_mixin.py:151} INFO - [2024-11-05T15:06:11.270+0000] {dagbag.py:539} INFO - Filling up the DagBag from /opt/airflow/dags/user_pipeline.py
[2024-11-05T15:06:11.276+0000] {logging_mixin.py:151} INFO - POSTGRES_USER: airflow
[2024-11-05T15:06:11.276+0000] {logging_mixin.py:151} INFO - POSTGRES_PASSWORD: airflow
[2024-11-05T15:06:11.276+0000] {logging_mixin.py:151} INFO - POSTGRES_DB: airflow
[2024-11-05T15:06:11.282+0000] {processor.py:839} INFO - DAG(s) dict_keys(['user_pipeline']) retrieved from /opt/airflow/dags/user_pipeline.py
[2024-11-05T15:06:11.305+0000] {logging_mixin.py:151} INFO - [2024-11-05T15:06:11.305+0000] {dag.py:2915} INFO - Sync 1 DAGs
[2024-11-05T15:06:11.324+0000] {logging_mixin.py:151} INFO - [2024-11-05T15:06:11.324+0000] {dag.py:3696} INFO - Setting next_dagrun for user_pipeline to 2024-11-05T00:00:00+00:00, run_after=2024-11-06T00:00:00+00:00
[2024-11-05T15:06:11.341+0000] {processor.py:179} INFO - Processing /opt/airflow/dags/user_pipeline.py took 0.076 seconds
[2024-11-05T15:06:42.198+0000] {processor.py:157} INFO - Started process (PID=546) to work on /opt/airflow/dags/user_pipeline.py
[2024-11-05T15:06:42.199+0000] {processor.py:829} INFO - Processing file /opt/airflow/dags/user_pipeline.py for tasks to queue
[2024-11-05T15:06:42.200+0000] {logging_mixin.py:151} INFO - [2024-11-05T15:06:42.200+0000] {dagbag.py:539} INFO - Filling up the DagBag from /opt/airflow/dags/user_pipeline.py
[2024-11-05T15:06:42.206+0000] {logging_mixin.py:151} INFO - POSTGRES_USER: airflow
[2024-11-05T15:06:42.206+0000] {logging_mixin.py:151} INFO - POSTGRES_PASSWORD: airflow
[2024-11-05T15:06:42.206+0000] {logging_mixin.py:151} INFO - POSTGRES_DB: airflow
[2024-11-05T15:06:42.211+0000] {processor.py:839} INFO - DAG(s) dict_keys(['user_pipeline']) retrieved from /opt/airflow/dags/user_pipeline.py
[2024-11-05T15:06:42.231+0000] {logging_mixin.py:151} INFO - [2024-11-05T15:06:42.231+0000] {dag.py:2915} INFO - Sync 1 DAGs
[2024-11-05T15:06:42.247+0000] {logging_mixin.py:151} INFO - [2024-11-05T15:06:42.246+0000] {dag.py:3696} INFO - Setting next_dagrun for user_pipeline to 2024-11-05T00:00:00+00:00, run_after=2024-11-06T00:00:00+00:00
[2024-11-05T15:06:42.263+0000] {processor.py:179} INFO - Processing /opt/airflow/dags/user_pipeline.py took 0.068 seconds
[2024-11-05T15:07:13.162+0000] {processor.py:157} INFO - Started process (PID=558) to work on /opt/airflow/dags/user_pipeline.py
[2024-11-05T15:07:13.163+0000] {processor.py:829} INFO - Processing file /opt/airflow/dags/user_pipeline.py for tasks to queue
[2024-11-05T15:07:13.165+0000] {logging_mixin.py:151} INFO - [2024-11-05T15:07:13.164+0000] {dagbag.py:539} INFO - Filling up the DagBag from /opt/airflow/dags/user_pipeline.py
[2024-11-05T15:07:13.170+0000] {logging_mixin.py:151} INFO - POSTGRES_USER: airflow
[2024-11-05T15:07:13.170+0000] {logging_mixin.py:151} INFO - POSTGRES_PASSWORD: airflow
[2024-11-05T15:07:13.170+0000] {logging_mixin.py:151} INFO - POSTGRES_DB: airflow
[2024-11-05T15:07:13.176+0000] {processor.py:839} INFO - DAG(s) dict_keys(['user_pipeline']) retrieved from /opt/airflow/dags/user_pipeline.py
[2024-11-05T15:07:13.196+0000] {logging_mixin.py:151} INFO - [2024-11-05T15:07:13.195+0000] {dag.py:2915} INFO - Sync 1 DAGs
[2024-11-05T15:07:13.211+0000] {logging_mixin.py:151} INFO - [2024-11-05T15:07:13.211+0000] {dag.py:3696} INFO - Setting next_dagrun for user_pipeline to 2024-11-05T00:00:00+00:00, run_after=2024-11-06T00:00:00+00:00
[2024-11-05T15:07:13.226+0000] {processor.py:179} INFO - Processing /opt/airflow/dags/user_pipeline.py took 0.067 seconds
[2024-11-05T15:07:44.179+0000] {processor.py:157} INFO - Started process (PID=570) to work on /opt/airflow/dags/user_pipeline.py
[2024-11-05T15:07:44.180+0000] {processor.py:829} INFO - Processing file /opt/airflow/dags/user_pipeline.py for tasks to queue
[2024-11-05T15:07:44.182+0000] {logging_mixin.py:151} INFO - [2024-11-05T15:07:44.182+0000] {dagbag.py:539} INFO - Filling up the DagBag from /opt/airflow/dags/user_pipeline.py
[2024-11-05T15:07:44.188+0000] {logging_mixin.py:151} INFO - POSTGRES_USER: airflow
[2024-11-05T15:07:44.188+0000] {logging_mixin.py:151} INFO - POSTGRES_PASSWORD: airflow
[2024-11-05T15:07:44.188+0000] {logging_mixin.py:151} INFO - POSTGRES_DB: airflow
[2024-11-05T15:07:44.193+0000] {processor.py:839} INFO - DAG(s) dict_keys(['user_pipeline']) retrieved from /opt/airflow/dags/user_pipeline.py
[2024-11-05T15:07:44.212+0000] {logging_mixin.py:151} INFO - [2024-11-05T15:07:44.212+0000] {dag.py:2915} INFO - Sync 1 DAGs
[2024-11-05T15:07:44.230+0000] {logging_mixin.py:151} INFO - [2024-11-05T15:07:44.230+0000] {dag.py:3696} INFO - Setting next_dagrun for user_pipeline to 2024-11-05T00:00:00+00:00, run_after=2024-11-06T00:00:00+00:00
[2024-11-05T15:07:44.246+0000] {processor.py:179} INFO - Processing /opt/airflow/dags/user_pipeline.py took 0.070 seconds
