[2024-11-01T11:55:57.360+0000] {processor.py:157} INFO - Started process (PID=48) to work on /opt/airflow/dags/user_pipeline.py
[2024-11-01T11:55:57.361+0000] {processor.py:829} INFO - Processing file /opt/airflow/dags/user_pipeline.py for tasks to queue
[2024-11-01T11:55:57.361+0000] {logging_mixin.py:151} INFO - [2024-11-01T11:55:57.361+0000] {dagbag.py:539} INFO - Filling up the DagBag from /opt/airflow/dags/user_pipeline.py
[2024-11-01T11:55:57.371+0000] {processor.py:839} INFO - DAG(s) dict_keys(['user_pipeline']) retrieved from /opt/airflow/dags/user_pipeline.py
[2024-11-01T11:55:57.402+0000] {logging_mixin.py:151} INFO - [2024-11-01T11:55:57.402+0000] {dag.py:2915} INFO - Sync 1 DAGs
[2024-11-01T11:55:57.418+0000] {logging_mixin.py:151} INFO - [2024-11-01T11:55:57.418+0000] {dag.py:3696} INFO - Setting next_dagrun for user_pipeline to 2024-11-01T00:00:00+00:00, run_after=2024-11-02T00:00:00+00:00
[2024-11-01T11:55:57.432+0000] {processor.py:179} INFO - Processing /opt/airflow/dags/user_pipeline.py took 0.074 seconds
[2024-11-01T11:56:27.533+0000] {processor.py:157} INFO - Started process (PID=71) to work on /opt/airflow/dags/user_pipeline.py
[2024-11-01T11:56:27.534+0000] {processor.py:829} INFO - Processing file /opt/airflow/dags/user_pipeline.py for tasks to queue
[2024-11-01T11:56:27.534+0000] {logging_mixin.py:151} INFO - [2024-11-01T11:56:27.534+0000] {dagbag.py:539} INFO - Filling up the DagBag from /opt/airflow/dags/user_pipeline.py
[2024-11-01T11:56:27.542+0000] {processor.py:839} INFO - DAG(s) dict_keys(['user_pipeline']) retrieved from /opt/airflow/dags/user_pipeline.py
[2024-11-01T11:56:27.561+0000] {logging_mixin.py:151} INFO - [2024-11-01T11:56:27.561+0000] {dag.py:2915} INFO - Sync 1 DAGs
[2024-11-01T11:56:27.576+0000] {logging_mixin.py:151} INFO - [2024-11-01T11:56:27.576+0000] {dag.py:3696} INFO - Setting next_dagrun for user_pipeline to 2024-11-01T00:00:00+00:00, run_after=2024-11-02T00:00:00+00:00
[2024-11-01T11:56:27.589+0000] {processor.py:179} INFO - Processing /opt/airflow/dags/user_pipeline.py took 0.058 seconds
[2024-11-01T11:56:57.681+0000] {processor.py:157} INFO - Started process (PID=72) to work on /opt/airflow/dags/user_pipeline.py
[2024-11-01T11:56:57.683+0000] {processor.py:829} INFO - Processing file /opt/airflow/dags/user_pipeline.py for tasks to queue
[2024-11-01T11:56:57.683+0000] {logging_mixin.py:151} INFO - [2024-11-01T11:56:57.683+0000] {dagbag.py:539} INFO - Filling up the DagBag from /opt/airflow/dags/user_pipeline.py
[2024-11-01T11:56:57.691+0000] {processor.py:839} INFO - DAG(s) dict_keys(['user_pipeline']) retrieved from /opt/airflow/dags/user_pipeline.py
[2024-11-01T11:56:57.710+0000] {logging_mixin.py:151} INFO - [2024-11-01T11:56:57.710+0000] {dag.py:2915} INFO - Sync 1 DAGs
[2024-11-01T11:56:57.725+0000] {logging_mixin.py:151} INFO - [2024-11-01T11:56:57.725+0000] {dag.py:3696} INFO - Setting next_dagrun for user_pipeline to 2024-11-01T00:00:00+00:00, run_after=2024-11-02T00:00:00+00:00
[2024-11-01T11:56:57.741+0000] {processor.py:179} INFO - Processing /opt/airflow/dags/user_pipeline.py took 0.062 seconds
[2024-11-01T11:57:27.841+0000] {processor.py:157} INFO - Started process (PID=73) to work on /opt/airflow/dags/user_pipeline.py
[2024-11-01T11:57:27.842+0000] {processor.py:829} INFO - Processing file /opt/airflow/dags/user_pipeline.py for tasks to queue
[2024-11-01T11:57:27.842+0000] {logging_mixin.py:151} INFO - [2024-11-01T11:57:27.842+0000] {dagbag.py:539} INFO - Filling up the DagBag from /opt/airflow/dags/user_pipeline.py
[2024-11-01T11:57:27.850+0000] {processor.py:839} INFO - DAG(s) dict_keys(['user_pipeline']) retrieved from /opt/airflow/dags/user_pipeline.py
[2024-11-01T11:57:27.868+0000] {logging_mixin.py:151} INFO - [2024-11-01T11:57:27.868+0000] {dag.py:2915} INFO - Sync 1 DAGs
[2024-11-01T11:57:27.884+0000] {logging_mixin.py:151} INFO - [2024-11-01T11:57:27.884+0000] {dag.py:3696} INFO - Setting next_dagrun for user_pipeline to 2024-11-01T00:00:00+00:00, run_after=2024-11-02T00:00:00+00:00
[2024-11-01T11:57:27.897+0000] {processor.py:179} INFO - Processing /opt/airflow/dags/user_pipeline.py took 0.058 seconds
[2024-11-01T11:57:58.082+0000] {processor.py:157} INFO - Started process (PID=74) to work on /opt/airflow/dags/user_pipeline.py
[2024-11-01T11:57:58.084+0000] {processor.py:829} INFO - Processing file /opt/airflow/dags/user_pipeline.py for tasks to queue
[2024-11-01T11:57:58.085+0000] {logging_mixin.py:151} INFO - [2024-11-01T11:57:58.084+0000] {dagbag.py:539} INFO - Filling up the DagBag from /opt/airflow/dags/user_pipeline.py
[2024-11-01T11:57:58.091+0000] {processor.py:839} INFO - DAG(s) dict_keys(['user_pipeline']) retrieved from /opt/airflow/dags/user_pipeline.py
[2024-11-01T11:57:58.110+0000] {logging_mixin.py:151} INFO - [2024-11-01T11:57:58.109+0000] {dag.py:2915} INFO - Sync 1 DAGs
[2024-11-01T11:57:58.124+0000] {logging_mixin.py:151} INFO - [2024-11-01T11:57:58.123+0000] {dag.py:3696} INFO - Setting next_dagrun for user_pipeline to 2024-11-01T00:00:00+00:00, run_after=2024-11-02T00:00:00+00:00
[2024-11-01T11:57:58.138+0000] {processor.py:179} INFO - Processing /opt/airflow/dags/user_pipeline.py took 0.058 seconds
[2024-11-01T11:58:17.025+0000] {processor.py:157} INFO - Started process (PID=40) to work on /opt/airflow/dags/user_pipeline.py
[2024-11-01T11:58:17.026+0000] {processor.py:829} INFO - Processing file /opt/airflow/dags/user_pipeline.py for tasks to queue
[2024-11-01T11:58:17.026+0000] {logging_mixin.py:151} INFO - [2024-11-01T11:58:17.026+0000] {dagbag.py:539} INFO - Filling up the DagBag from /opt/airflow/dags/user_pipeline.py
[2024-11-01T11:58:17.040+0000] {processor.py:839} INFO - DAG(s) dict_keys(['user_pipeline']) retrieved from /opt/airflow/dags/user_pipeline.py
[2024-11-01T11:58:17.075+0000] {logging_mixin.py:151} INFO - [2024-11-01T11:58:17.075+0000] {dag.py:2915} INFO - Sync 1 DAGs
[2024-11-01T11:58:17.091+0000] {logging_mixin.py:151} INFO - [2024-11-01T11:58:17.091+0000] {dag.py:3696} INFO - Setting next_dagrun for user_pipeline to 2024-11-01T00:00:00+00:00, run_after=2024-11-02T00:00:00+00:00
[2024-11-01T11:58:17.106+0000] {processor.py:179} INFO - Processing /opt/airflow/dags/user_pipeline.py took 0.083 seconds
[2024-11-01T11:58:47.191+0000] {processor.py:157} INFO - Started process (PID=50) to work on /opt/airflow/dags/user_pipeline.py
[2024-11-01T11:58:47.193+0000] {processor.py:829} INFO - Processing file /opt/airflow/dags/user_pipeline.py for tasks to queue
[2024-11-01T11:58:47.193+0000] {logging_mixin.py:151} INFO - [2024-11-01T11:58:47.193+0000] {dagbag.py:539} INFO - Filling up the DagBag from /opt/airflow/dags/user_pipeline.py
[2024-11-01T11:58:47.201+0000] {processor.py:839} INFO - DAG(s) dict_keys(['user_pipeline']) retrieved from /opt/airflow/dags/user_pipeline.py
[2024-11-01T11:58:47.223+0000] {logging_mixin.py:151} INFO - [2024-11-01T11:58:47.223+0000] {dag.py:2915} INFO - Sync 1 DAGs
[2024-11-01T11:58:47.238+0000] {logging_mixin.py:151} INFO - [2024-11-01T11:58:47.238+0000] {dag.py:3696} INFO - Setting next_dagrun for user_pipeline to 2024-11-01T00:00:00+00:00, run_after=2024-11-02T00:00:00+00:00
[2024-11-01T11:58:47.253+0000] {processor.py:179} INFO - Processing /opt/airflow/dags/user_pipeline.py took 0.064 seconds
[2024-11-01T11:59:17.410+0000] {processor.py:157} INFO - Started process (PID=60) to work on /opt/airflow/dags/user_pipeline.py
[2024-11-01T11:59:17.411+0000] {processor.py:829} INFO - Processing file /opt/airflow/dags/user_pipeline.py for tasks to queue
[2024-11-01T11:59:17.411+0000] {logging_mixin.py:151} INFO - [2024-11-01T11:59:17.411+0000] {dagbag.py:539} INFO - Filling up the DagBag from /opt/airflow/dags/user_pipeline.py
[2024-11-01T11:59:17.418+0000] {processor.py:839} INFO - DAG(s) dict_keys(['user_pipeline']) retrieved from /opt/airflow/dags/user_pipeline.py
[2024-11-01T11:59:17.437+0000] {logging_mixin.py:151} INFO - [2024-11-01T11:59:17.437+0000] {dag.py:2915} INFO - Sync 1 DAGs
[2024-11-01T11:59:17.451+0000] {logging_mixin.py:151} INFO - [2024-11-01T11:59:17.451+0000] {dag.py:3696} INFO - Setting next_dagrun for user_pipeline to 2024-11-01T00:00:00+00:00, run_after=2024-11-02T00:00:00+00:00
[2024-11-01T11:59:17.466+0000] {processor.py:179} INFO - Processing /opt/airflow/dags/user_pipeline.py took 0.058 seconds
[2024-11-01T11:59:47.618+0000] {processor.py:157} INFO - Started process (PID=70) to work on /opt/airflow/dags/user_pipeline.py
[2024-11-01T11:59:47.620+0000] {processor.py:829} INFO - Processing file /opt/airflow/dags/user_pipeline.py for tasks to queue
[2024-11-01T11:59:47.620+0000] {logging_mixin.py:151} INFO - [2024-11-01T11:59:47.620+0000] {dagbag.py:539} INFO - Filling up the DagBag from /opt/airflow/dags/user_pipeline.py
[2024-11-01T11:59:47.628+0000] {processor.py:839} INFO - DAG(s) dict_keys(['user_pipeline']) retrieved from /opt/airflow/dags/user_pipeline.py
[2024-11-01T11:59:47.651+0000] {logging_mixin.py:151} INFO - [2024-11-01T11:59:47.651+0000] {dag.py:2915} INFO - Sync 1 DAGs
[2024-11-01T11:59:47.667+0000] {logging_mixin.py:151} INFO - [2024-11-01T11:59:47.666+0000] {dag.py:3696} INFO - Setting next_dagrun for user_pipeline to 2024-11-01T00:00:00+00:00, run_after=2024-11-02T00:00:00+00:00
[2024-11-01T11:59:47.682+0000] {processor.py:179} INFO - Processing /opt/airflow/dags/user_pipeline.py took 0.066 seconds
[2024-11-01T12:00:17.821+0000] {processor.py:157} INFO - Started process (PID=80) to work on /opt/airflow/dags/user_pipeline.py
[2024-11-01T12:00:17.821+0000] {processor.py:829} INFO - Processing file /opt/airflow/dags/user_pipeline.py for tasks to queue
[2024-11-01T12:00:17.822+0000] {logging_mixin.py:151} INFO - [2024-11-01T12:00:17.821+0000] {dagbag.py:539} INFO - Filling up the DagBag from /opt/airflow/dags/user_pipeline.py
[2024-11-01T12:00:17.829+0000] {processor.py:839} INFO - DAG(s) dict_keys(['user_pipeline']) retrieved from /opt/airflow/dags/user_pipeline.py
[2024-11-01T12:00:17.849+0000] {logging_mixin.py:151} INFO - [2024-11-01T12:00:17.849+0000] {dag.py:2915} INFO - Sync 1 DAGs
[2024-11-01T12:00:17.863+0000] {logging_mixin.py:151} INFO - [2024-11-01T12:00:17.863+0000] {dag.py:3696} INFO - Setting next_dagrun for user_pipeline to 2024-11-01T00:00:00+00:00, run_after=2024-11-02T00:00:00+00:00
[2024-11-01T12:00:17.957+0000] {processor.py:179} INFO - Processing /opt/airflow/dags/user_pipeline.py took 0.139 seconds
[2024-11-01T12:00:48.031+0000] {processor.py:157} INFO - Started process (PID=90) to work on /opt/airflow/dags/user_pipeline.py
[2024-11-01T12:00:48.033+0000] {processor.py:829} INFO - Processing file /opt/airflow/dags/user_pipeline.py for tasks to queue
[2024-11-01T12:00:48.033+0000] {logging_mixin.py:151} INFO - [2024-11-01T12:00:48.033+0000] {dagbag.py:539} INFO - Filling up the DagBag from /opt/airflow/dags/user_pipeline.py
[2024-11-01T12:00:48.041+0000] {processor.py:839} INFO - DAG(s) dict_keys(['user_pipeline']) retrieved from /opt/airflow/dags/user_pipeline.py
[2024-11-01T12:00:48.064+0000] {logging_mixin.py:151} INFO - [2024-11-01T12:00:48.064+0000] {dag.py:2915} INFO - Sync 1 DAGs
[2024-11-01T12:00:48.172+0000] {logging_mixin.py:151} INFO - [2024-11-01T12:00:48.172+0000] {dag.py:3696} INFO - Setting next_dagrun for user_pipeline to 2024-11-01T00:00:00+00:00, run_after=2024-11-02T00:00:00+00:00
[2024-11-01T12:00:48.188+0000] {processor.py:179} INFO - Processing /opt/airflow/dags/user_pipeline.py took 0.160 seconds
[2024-11-01T12:01:18.262+0000] {processor.py:157} INFO - Started process (PID=122) to work on /opt/airflow/dags/user_pipeline.py
[2024-11-01T12:01:18.263+0000] {processor.py:829} INFO - Processing file /opt/airflow/dags/user_pipeline.py for tasks to queue
[2024-11-01T12:01:18.263+0000] {logging_mixin.py:151} INFO - [2024-11-01T12:01:18.263+0000] {dagbag.py:539} INFO - Filling up the DagBag from /opt/airflow/dags/user_pipeline.py
[2024-11-01T12:01:18.271+0000] {processor.py:839} INFO - DAG(s) dict_keys(['user_pipeline']) retrieved from /opt/airflow/dags/user_pipeline.py
[2024-11-01T12:01:18.290+0000] {logging_mixin.py:151} INFO - [2024-11-01T12:01:18.290+0000] {dag.py:2915} INFO - Sync 1 DAGs
[2024-11-01T12:01:18.393+0000] {logging_mixin.py:151} INFO - [2024-11-01T12:01:18.393+0000] {dag.py:3696} INFO - Setting next_dagrun for user_pipeline to 2024-11-01T00:00:00+00:00, run_after=2024-11-02T00:00:00+00:00
[2024-11-01T12:01:18.407+0000] {processor.py:179} INFO - Processing /opt/airflow/dags/user_pipeline.py took 0.147 seconds
[2024-11-01T12:01:48.495+0000] {processor.py:157} INFO - Started process (PID=132) to work on /opt/airflow/dags/user_pipeline.py
[2024-11-01T12:01:48.497+0000] {processor.py:829} INFO - Processing file /opt/airflow/dags/user_pipeline.py for tasks to queue
[2024-11-01T12:01:48.497+0000] {logging_mixin.py:151} INFO - [2024-11-01T12:01:48.497+0000] {dagbag.py:539} INFO - Filling up the DagBag from /opt/airflow/dags/user_pipeline.py
[2024-11-01T12:01:48.506+0000] {processor.py:839} INFO - DAG(s) dict_keys(['user_pipeline']) retrieved from /opt/airflow/dags/user_pipeline.py
[2024-11-01T12:01:48.621+0000] {logging_mixin.py:151} INFO - [2024-11-01T12:01:48.621+0000] {dag.py:2915} INFO - Sync 1 DAGs
[2024-11-01T12:01:48.636+0000] {logging_mixin.py:151} INFO - [2024-11-01T12:01:48.636+0000] {dag.py:3696} INFO - Setting next_dagrun for user_pipeline to 2024-11-01T00:00:00+00:00, run_after=2024-11-02T00:00:00+00:00
[2024-11-01T12:01:48.651+0000] {processor.py:179} INFO - Processing /opt/airflow/dags/user_pipeline.py took 0.158 seconds
[2024-11-01T12:02:18.750+0000] {processor.py:157} INFO - Started process (PID=133) to work on /opt/airflow/dags/user_pipeline.py
[2024-11-01T12:02:18.750+0000] {processor.py:829} INFO - Processing file /opt/airflow/dags/user_pipeline.py for tasks to queue
[2024-11-01T12:02:18.751+0000] {logging_mixin.py:151} INFO - [2024-11-01T12:02:18.751+0000] {dagbag.py:539} INFO - Filling up the DagBag from /opt/airflow/dags/user_pipeline.py
[2024-11-01T12:02:18.759+0000] {processor.py:839} INFO - DAG(s) dict_keys(['user_pipeline']) retrieved from /opt/airflow/dags/user_pipeline.py
[2024-11-01T12:02:18.783+0000] {logging_mixin.py:151} INFO - [2024-11-01T12:02:18.783+0000] {dag.py:2915} INFO - Sync 1 DAGs
[2024-11-01T12:02:18.802+0000] {logging_mixin.py:151} INFO - [2024-11-01T12:02:18.801+0000] {dag.py:3696} INFO - Setting next_dagrun for user_pipeline to 2024-11-01T00:00:00+00:00, run_after=2024-11-02T00:00:00+00:00
[2024-11-01T12:02:18.818+0000] {processor.py:179} INFO - Processing /opt/airflow/dags/user_pipeline.py took 0.070 seconds
[2024-11-01T12:02:48.204+0000] {processor.py:157} INFO - Started process (PID=39) to work on /opt/airflow/dags/user_pipeline.py
[2024-11-01T12:02:48.205+0000] {processor.py:829} INFO - Processing file /opt/airflow/dags/user_pipeline.py for tasks to queue
[2024-11-01T12:02:48.206+0000] {logging_mixin.py:151} INFO - [2024-11-01T12:02:48.205+0000] {dagbag.py:539} INFO - Filling up the DagBag from /opt/airflow/dags/user_pipeline.py
[2024-11-01T12:02:48.218+0000] {processor.py:839} INFO - DAG(s) dict_keys(['user_pipeline']) retrieved from /opt/airflow/dags/user_pipeline.py
[2024-11-01T12:02:48.254+0000] {logging_mixin.py:151} INFO - [2024-11-01T12:02:48.254+0000] {dag.py:2915} INFO - Sync 1 DAGs
[2024-11-01T12:02:48.270+0000] {logging_mixin.py:151} INFO - [2024-11-01T12:02:48.269+0000] {dag.py:3696} INFO - Setting next_dagrun for user_pipeline to 2024-11-01T00:00:00+00:00, run_after=2024-11-02T00:00:00+00:00
[2024-11-01T12:02:48.283+0000] {processor.py:179} INFO - Processing /opt/airflow/dags/user_pipeline.py took 0.080 seconds
[2024-11-01T12:03:18.365+0000] {processor.py:157} INFO - Started process (PID=50) to work on /opt/airflow/dags/user_pipeline.py
[2024-11-01T12:03:18.366+0000] {processor.py:829} INFO - Processing file /opt/airflow/dags/user_pipeline.py for tasks to queue
[2024-11-01T12:03:18.366+0000] {logging_mixin.py:151} INFO - [2024-11-01T12:03:18.366+0000] {dagbag.py:539} INFO - Filling up the DagBag from /opt/airflow/dags/user_pipeline.py
[2024-11-01T12:03:18.377+0000] {processor.py:839} INFO - DAG(s) dict_keys(['user_pipeline']) retrieved from /opt/airflow/dags/user_pipeline.py
[2024-11-01T12:03:18.402+0000] {logging_mixin.py:151} INFO - [2024-11-01T12:03:18.402+0000] {dag.py:2915} INFO - Sync 1 DAGs
[2024-11-01T12:03:18.420+0000] {logging_mixin.py:151} INFO - [2024-11-01T12:03:18.420+0000] {dag.py:3696} INFO - Setting next_dagrun for user_pipeline to 2024-11-01T00:00:00+00:00, run_after=2024-11-02T00:00:00+00:00
[2024-11-01T12:03:18.434+0000] {processor.py:179} INFO - Processing /opt/airflow/dags/user_pipeline.py took 0.071 seconds
[2024-11-01T12:03:48.594+0000] {processor.py:157} INFO - Started process (PID=60) to work on /opt/airflow/dags/user_pipeline.py
[2024-11-01T12:03:48.596+0000] {processor.py:829} INFO - Processing file /opt/airflow/dags/user_pipeline.py for tasks to queue
[2024-11-01T12:03:48.597+0000] {logging_mixin.py:151} INFO - [2024-11-01T12:03:48.596+0000] {dagbag.py:539} INFO - Filling up the DagBag from /opt/airflow/dags/user_pipeline.py
[2024-11-01T12:03:48.604+0000] {processor.py:839} INFO - DAG(s) dict_keys(['user_pipeline']) retrieved from /opt/airflow/dags/user_pipeline.py
[2024-11-01T12:03:48.622+0000] {logging_mixin.py:151} INFO - [2024-11-01T12:03:48.622+0000] {dag.py:2915} INFO - Sync 1 DAGs
[2024-11-01T12:03:48.636+0000] {logging_mixin.py:151} INFO - [2024-11-01T12:03:48.636+0000] {dag.py:3696} INFO - Setting next_dagrun for user_pipeline to 2024-11-01T00:00:00+00:00, run_after=2024-11-02T00:00:00+00:00
[2024-11-01T12:03:48.650+0000] {processor.py:179} INFO - Processing /opt/airflow/dags/user_pipeline.py took 0.058 seconds
[2024-11-01T12:04:18.818+0000] {processor.py:157} INFO - Started process (PID=70) to work on /opt/airflow/dags/user_pipeline.py
[2024-11-01T12:04:18.820+0000] {processor.py:829} INFO - Processing file /opt/airflow/dags/user_pipeline.py for tasks to queue
[2024-11-01T12:04:18.820+0000] {logging_mixin.py:151} INFO - [2024-11-01T12:04:18.820+0000] {dagbag.py:539} INFO - Filling up the DagBag from /opt/airflow/dags/user_pipeline.py
[2024-11-01T12:04:18.828+0000] {processor.py:839} INFO - DAG(s) dict_keys(['user_pipeline']) retrieved from /opt/airflow/dags/user_pipeline.py
[2024-11-01T12:04:18.847+0000] {logging_mixin.py:151} INFO - [2024-11-01T12:04:18.847+0000] {dag.py:2915} INFO - Sync 1 DAGs
[2024-11-01T12:04:18.863+0000] {logging_mixin.py:151} INFO - [2024-11-01T12:04:18.863+0000] {dag.py:3696} INFO - Setting next_dagrun for user_pipeline to 2024-11-01T00:00:00+00:00, run_after=2024-11-02T00:00:00+00:00
[2024-11-01T12:04:18.882+0000] {processor.py:179} INFO - Processing /opt/airflow/dags/user_pipeline.py took 0.066 seconds
[2024-11-01T12:04:49.049+0000] {processor.py:157} INFO - Started process (PID=80) to work on /opt/airflow/dags/user_pipeline.py
[2024-11-01T12:04:49.049+0000] {processor.py:829} INFO - Processing file /opt/airflow/dags/user_pipeline.py for tasks to queue
[2024-11-01T12:04:49.050+0000] {logging_mixin.py:151} INFO - [2024-11-01T12:04:49.050+0000] {dagbag.py:539} INFO - Filling up the DagBag from /opt/airflow/dags/user_pipeline.py
[2024-11-01T12:04:49.057+0000] {processor.py:839} INFO - DAG(s) dict_keys(['user_pipeline']) retrieved from /opt/airflow/dags/user_pipeline.py
[2024-11-01T12:04:49.077+0000] {logging_mixin.py:151} INFO - [2024-11-01T12:04:49.077+0000] {dag.py:2915} INFO - Sync 1 DAGs
[2024-11-01T12:04:49.092+0000] {logging_mixin.py:151} INFO - [2024-11-01T12:04:49.092+0000] {dag.py:3696} INFO - Setting next_dagrun for user_pipeline to 2024-11-01T00:00:00+00:00, run_after=2024-11-02T00:00:00+00:00
[2024-11-01T12:04:49.185+0000] {processor.py:179} INFO - Processing /opt/airflow/dags/user_pipeline.py took 0.138 seconds
[2024-11-01T12:05:19.266+0000] {processor.py:157} INFO - Started process (PID=90) to work on /opt/airflow/dags/user_pipeline.py
[2024-11-01T12:05:19.268+0000] {processor.py:829} INFO - Processing file /opt/airflow/dags/user_pipeline.py for tasks to queue
[2024-11-01T12:05:19.269+0000] {logging_mixin.py:151} INFO - [2024-11-01T12:05:19.268+0000] {dagbag.py:539} INFO - Filling up the DagBag from /opt/airflow/dags/user_pipeline.py
[2024-11-01T12:05:19.276+0000] {processor.py:839} INFO - DAG(s) dict_keys(['user_pipeline']) retrieved from /opt/airflow/dags/user_pipeline.py
[2024-11-01T12:05:19.295+0000] {logging_mixin.py:151} INFO - [2024-11-01T12:05:19.295+0000] {dag.py:2915} INFO - Sync 1 DAGs
[2024-11-01T12:05:19.386+0000] {logging_mixin.py:151} INFO - [2024-11-01T12:05:19.385+0000] {dag.py:3696} INFO - Setting next_dagrun for user_pipeline to 2024-11-01T00:00:00+00:00, run_after=2024-11-02T00:00:00+00:00
[2024-11-01T12:05:19.400+0000] {processor.py:179} INFO - Processing /opt/airflow/dags/user_pipeline.py took 0.137 seconds
[2024-11-01T12:05:49.566+0000] {processor.py:157} INFO - Started process (PID=100) to work on /opt/airflow/dags/user_pipeline.py
[2024-11-01T12:05:49.566+0000] {processor.py:829} INFO - Processing file /opt/airflow/dags/user_pipeline.py for tasks to queue
[2024-11-01T12:05:49.567+0000] {logging_mixin.py:151} INFO - [2024-11-01T12:05:49.567+0000] {dagbag.py:539} INFO - Filling up the DagBag from /opt/airflow/dags/user_pipeline.py
[2024-11-01T12:05:49.577+0000] {processor.py:839} INFO - DAG(s) dict_keys(['user_pipeline']) retrieved from /opt/airflow/dags/user_pipeline.py
[2024-11-01T12:05:49.600+0000] {logging_mixin.py:151} INFO - [2024-11-01T12:05:49.600+0000] {dag.py:2915} INFO - Sync 1 DAGs
[2024-11-01T12:05:49.703+0000] {logging_mixin.py:151} INFO - [2024-11-01T12:05:49.703+0000] {dag.py:3696} INFO - Setting next_dagrun for user_pipeline to 2024-11-01T00:00:00+00:00, run_after=2024-11-02T00:00:00+00:00
[2024-11-01T12:05:49.715+0000] {processor.py:179} INFO - Processing /opt/airflow/dags/user_pipeline.py took 0.152 seconds
[2024-11-01T12:06:19.762+0000] {processor.py:157} INFO - Started process (PID=109) to work on /opt/airflow/dags/user_pipeline.py
[2024-11-01T12:06:19.764+0000] {processor.py:829} INFO - Processing file /opt/airflow/dags/user_pipeline.py for tasks to queue
[2024-11-01T12:06:19.765+0000] {logging_mixin.py:151} INFO - [2024-11-01T12:06:19.764+0000] {dagbag.py:539} INFO - Filling up the DagBag from /opt/airflow/dags/user_pipeline.py
[2024-11-01T12:06:19.774+0000] {processor.py:839} INFO - DAG(s) dict_keys(['user_pipeline']) retrieved from /opt/airflow/dags/user_pipeline.py
[2024-11-01T12:06:19.892+0000] {logging_mixin.py:151} INFO - [2024-11-01T12:06:19.892+0000] {dag.py:2915} INFO - Sync 1 DAGs
[2024-11-01T12:06:19.909+0000] {logging_mixin.py:151} INFO - [2024-11-01T12:06:19.909+0000] {dag.py:3696} INFO - Setting next_dagrun for user_pipeline to 2024-11-01T00:00:00+00:00, run_after=2024-11-02T00:00:00+00:00
[2024-11-01T12:06:19.929+0000] {processor.py:179} INFO - Processing /opt/airflow/dags/user_pipeline.py took 0.170 seconds
[2024-11-01T12:06:50.014+0000] {processor.py:157} INFO - Started process (PID=111) to work on /opt/airflow/dags/user_pipeline.py
[2024-11-01T12:06:50.014+0000] {processor.py:829} INFO - Processing file /opt/airflow/dags/user_pipeline.py for tasks to queue
[2024-11-01T12:06:50.015+0000] {logging_mixin.py:151} INFO - [2024-11-01T12:06:50.015+0000] {dagbag.py:539} INFO - Filling up the DagBag from /opt/airflow/dags/user_pipeline.py
[2024-11-01T12:06:50.023+0000] {processor.py:839} INFO - DAG(s) dict_keys(['user_pipeline']) retrieved from /opt/airflow/dags/user_pipeline.py
[2024-11-01T12:06:50.044+0000] {logging_mixin.py:151} INFO - [2024-11-01T12:06:50.043+0000] {dag.py:2915} INFO - Sync 1 DAGs
[2024-11-01T12:06:50.058+0000] {logging_mixin.py:151} INFO - [2024-11-01T12:06:50.058+0000] {dag.py:3696} INFO - Setting next_dagrun for user_pipeline to 2024-11-01T00:00:00+00:00, run_after=2024-11-02T00:00:00+00:00
[2024-11-01T12:06:50.072+0000] {processor.py:179} INFO - Processing /opt/airflow/dags/user_pipeline.py took 0.061 seconds
[2024-11-01T12:07:20.219+0000] {processor.py:157} INFO - Started process (PID=121) to work on /opt/airflow/dags/user_pipeline.py
[2024-11-01T12:07:20.220+0000] {processor.py:829} INFO - Processing file /opt/airflow/dags/user_pipeline.py for tasks to queue
[2024-11-01T12:07:20.220+0000] {logging_mixin.py:151} INFO - [2024-11-01T12:07:20.220+0000] {dagbag.py:539} INFO - Filling up the DagBag from /opt/airflow/dags/user_pipeline.py
[2024-11-01T12:07:20.228+0000] {processor.py:839} INFO - DAG(s) dict_keys(['user_pipeline']) retrieved from /opt/airflow/dags/user_pipeline.py
[2024-11-01T12:07:20.248+0000] {logging_mixin.py:151} INFO - [2024-11-01T12:07:20.248+0000] {dag.py:2915} INFO - Sync 1 DAGs
[2024-11-01T12:07:20.263+0000] {logging_mixin.py:151} INFO - [2024-11-01T12:07:20.263+0000] {dag.py:3696} INFO - Setting next_dagrun for user_pipeline to 2024-11-01T00:00:00+00:00, run_after=2024-11-02T00:00:00+00:00
[2024-11-01T12:07:20.278+0000] {processor.py:179} INFO - Processing /opt/airflow/dags/user_pipeline.py took 0.062 seconds
[2024-11-01T12:07:50.434+0000] {processor.py:157} INFO - Started process (PID=131) to work on /opt/airflow/dags/user_pipeline.py
[2024-11-01T12:07:50.434+0000] {processor.py:829} INFO - Processing file /opt/airflow/dags/user_pipeline.py for tasks to queue
[2024-11-01T12:07:50.435+0000] {logging_mixin.py:151} INFO - [2024-11-01T12:07:50.434+0000] {dagbag.py:539} INFO - Filling up the DagBag from /opt/airflow/dags/user_pipeline.py
[2024-11-01T12:07:50.444+0000] {processor.py:839} INFO - DAG(s) dict_keys(['user_pipeline']) retrieved from /opt/airflow/dags/user_pipeline.py
[2024-11-01T12:07:50.466+0000] {logging_mixin.py:151} INFO - [2024-11-01T12:07:50.466+0000] {dag.py:2915} INFO - Sync 1 DAGs
[2024-11-01T12:07:50.484+0000] {logging_mixin.py:151} INFO - [2024-11-01T12:07:50.483+0000] {dag.py:3696} INFO - Setting next_dagrun for user_pipeline to 2024-11-01T00:00:00+00:00, run_after=2024-11-02T00:00:00+00:00
[2024-11-01T12:07:50.500+0000] {processor.py:179} INFO - Processing /opt/airflow/dags/user_pipeline.py took 0.069 seconds
[2024-11-01T12:08:20.586+0000] {processor.py:157} INFO - Started process (PID=141) to work on /opt/airflow/dags/user_pipeline.py
[2024-11-01T12:08:20.588+0000] {processor.py:829} INFO - Processing file /opt/airflow/dags/user_pipeline.py for tasks to queue
[2024-11-01T12:08:20.588+0000] {logging_mixin.py:151} INFO - [2024-11-01T12:08:20.588+0000] {dagbag.py:539} INFO - Filling up the DagBag from /opt/airflow/dags/user_pipeline.py
[2024-11-01T12:08:20.598+0000] {processor.py:839} INFO - DAG(s) dict_keys(['user_pipeline']) retrieved from /opt/airflow/dags/user_pipeline.py
[2024-11-01T12:08:20.619+0000] {logging_mixin.py:151} INFO - [2024-11-01T12:08:20.618+0000] {dag.py:2915} INFO - Sync 1 DAGs
[2024-11-01T12:08:20.633+0000] {logging_mixin.py:151} INFO - [2024-11-01T12:08:20.633+0000] {dag.py:3696} INFO - Setting next_dagrun for user_pipeline to 2024-11-01T00:00:00+00:00, run_after=2024-11-02T00:00:00+00:00
[2024-11-01T12:08:20.650+0000] {processor.py:179} INFO - Processing /opt/airflow/dags/user_pipeline.py took 0.066 seconds
[2024-11-01T12:08:50.764+0000] {processor.py:157} INFO - Started process (PID=151) to work on /opt/airflow/dags/user_pipeline.py
[2024-11-01T12:08:50.765+0000] {processor.py:829} INFO - Processing file /opt/airflow/dags/user_pipeline.py for tasks to queue
[2024-11-01T12:08:50.765+0000] {logging_mixin.py:151} INFO - [2024-11-01T12:08:50.765+0000] {dagbag.py:539} INFO - Filling up the DagBag from /opt/airflow/dags/user_pipeline.py
[2024-11-01T12:08:50.773+0000] {processor.py:839} INFO - DAG(s) dict_keys(['user_pipeline']) retrieved from /opt/airflow/dags/user_pipeline.py
[2024-11-01T12:08:50.793+0000] {logging_mixin.py:151} INFO - [2024-11-01T12:08:50.792+0000] {dag.py:2915} INFO - Sync 1 DAGs
[2024-11-01T12:08:50.807+0000] {logging_mixin.py:151} INFO - [2024-11-01T12:08:50.807+0000] {dag.py:3696} INFO - Setting next_dagrun for user_pipeline to 2024-11-01T00:00:00+00:00, run_after=2024-11-02T00:00:00+00:00
[2024-11-01T12:08:50.820+0000] {processor.py:179} INFO - Processing /opt/airflow/dags/user_pipeline.py took 0.058 seconds
[2024-11-01T12:09:20.970+0000] {processor.py:157} INFO - Started process (PID=161) to work on /opt/airflow/dags/user_pipeline.py
[2024-11-01T12:09:20.972+0000] {processor.py:829} INFO - Processing file /opt/airflow/dags/user_pipeline.py for tasks to queue
[2024-11-01T12:09:20.973+0000] {logging_mixin.py:151} INFO - [2024-11-01T12:09:20.972+0000] {dagbag.py:539} INFO - Filling up the DagBag from /opt/airflow/dags/user_pipeline.py
[2024-11-01T12:09:20.980+0000] {processor.py:839} INFO - DAG(s) dict_keys(['user_pipeline']) retrieved from /opt/airflow/dags/user_pipeline.py
[2024-11-01T12:09:20.999+0000] {logging_mixin.py:151} INFO - [2024-11-01T12:09:20.999+0000] {dag.py:2915} INFO - Sync 1 DAGs
[2024-11-01T12:09:21.013+0000] {logging_mixin.py:151} INFO - [2024-11-01T12:09:21.013+0000] {dag.py:3696} INFO - Setting next_dagrun for user_pipeline to 2024-11-01T00:00:00+00:00, run_after=2024-11-02T00:00:00+00:00
[2024-11-01T12:09:21.029+0000] {processor.py:179} INFO - Processing /opt/airflow/dags/user_pipeline.py took 0.060 seconds
[2024-11-01T12:09:51.185+0000] {processor.py:157} INFO - Started process (PID=171) to work on /opt/airflow/dags/user_pipeline.py
[2024-11-01T12:09:51.185+0000] {processor.py:829} INFO - Processing file /opt/airflow/dags/user_pipeline.py for tasks to queue
[2024-11-01T12:09:51.186+0000] {logging_mixin.py:151} INFO - [2024-11-01T12:09:51.185+0000] {dagbag.py:539} INFO - Filling up the DagBag from /opt/airflow/dags/user_pipeline.py
[2024-11-01T12:09:51.194+0000] {processor.py:839} INFO - DAG(s) dict_keys(['user_pipeline']) retrieved from /opt/airflow/dags/user_pipeline.py
[2024-11-01T12:09:51.216+0000] {logging_mixin.py:151} INFO - [2024-11-01T12:09:51.216+0000] {dag.py:2915} INFO - Sync 1 DAGs
[2024-11-01T12:09:51.230+0000] {logging_mixin.py:151} INFO - [2024-11-01T12:09:51.230+0000] {dag.py:3696} INFO - Setting next_dagrun for user_pipeline to 2024-11-01T00:00:00+00:00, run_after=2024-11-02T00:00:00+00:00
[2024-11-01T12:09:51.246+0000] {processor.py:179} INFO - Processing /opt/airflow/dags/user_pipeline.py took 0.064 seconds
[2024-11-01T12:10:21.399+0000] {processor.py:157} INFO - Started process (PID=181) to work on /opt/airflow/dags/user_pipeline.py
[2024-11-01T12:10:21.401+0000] {processor.py:829} INFO - Processing file /opt/airflow/dags/user_pipeline.py for tasks to queue
[2024-11-01T12:10:21.402+0000] {logging_mixin.py:151} INFO - [2024-11-01T12:10:21.402+0000] {dagbag.py:539} INFO - Filling up the DagBag from /opt/airflow/dags/user_pipeline.py
[2024-11-01T12:10:21.412+0000] {processor.py:839} INFO - DAG(s) dict_keys(['user_pipeline']) retrieved from /opt/airflow/dags/user_pipeline.py
[2024-11-01T12:10:21.436+0000] {logging_mixin.py:151} INFO - [2024-11-01T12:10:21.436+0000] {dag.py:2915} INFO - Sync 1 DAGs
[2024-11-01T12:10:21.455+0000] {logging_mixin.py:151} INFO - [2024-11-01T12:10:21.455+0000] {dag.py:3696} INFO - Setting next_dagrun for user_pipeline to 2024-11-01T00:00:00+00:00, run_after=2024-11-02T00:00:00+00:00
[2024-11-01T12:10:21.474+0000] {processor.py:179} INFO - Processing /opt/airflow/dags/user_pipeline.py took 0.077 seconds
[2024-11-01T12:10:51.576+0000] {processor.py:157} INFO - Started process (PID=191) to work on /opt/airflow/dags/user_pipeline.py
[2024-11-01T12:10:51.576+0000] {processor.py:829} INFO - Processing file /opt/airflow/dags/user_pipeline.py for tasks to queue
[2024-11-01T12:10:51.577+0000] {logging_mixin.py:151} INFO - [2024-11-01T12:10:51.577+0000] {dagbag.py:539} INFO - Filling up the DagBag from /opt/airflow/dags/user_pipeline.py
[2024-11-01T12:10:51.585+0000] {processor.py:839} INFO - DAG(s) dict_keys(['user_pipeline']) retrieved from /opt/airflow/dags/user_pipeline.py
[2024-11-01T12:10:51.606+0000] {logging_mixin.py:151} INFO - [2024-11-01T12:10:51.606+0000] {dag.py:2915} INFO - Sync 1 DAGs
[2024-11-01T12:10:51.621+0000] {logging_mixin.py:151} INFO - [2024-11-01T12:10:51.621+0000] {dag.py:3696} INFO - Setting next_dagrun for user_pipeline to 2024-11-01T00:00:00+00:00, run_after=2024-11-02T00:00:00+00:00
[2024-11-01T12:10:51.636+0000] {processor.py:179} INFO - Processing /opt/airflow/dags/user_pipeline.py took 0.063 seconds
[2024-11-01T12:11:14.046+0000] {processor.py:157} INFO - Started process (PID=39) to work on /opt/airflow/dags/user_pipeline.py
[2024-11-01T12:11:14.047+0000] {processor.py:829} INFO - Processing file /opt/airflow/dags/user_pipeline.py for tasks to queue
[2024-11-01T12:11:14.048+0000] {logging_mixin.py:151} INFO - [2024-11-01T12:11:14.048+0000] {dagbag.py:539} INFO - Filling up the DagBag from /opt/airflow/dags/user_pipeline.py
[2024-11-01T12:11:14.062+0000] {processor.py:839} INFO - DAG(s) dict_keys(['user_pipeline']) retrieved from /opt/airflow/dags/user_pipeline.py
[2024-11-01T12:11:14.095+0000] {logging_mixin.py:151} INFO - [2024-11-01T12:11:14.095+0000] {dag.py:2915} INFO - Sync 1 DAGs
[2024-11-01T12:11:14.111+0000] {logging_mixin.py:151} INFO - [2024-11-01T12:11:14.111+0000] {dag.py:3696} INFO - Setting next_dagrun for user_pipeline to 2024-11-01T00:00:00+00:00, run_after=2024-11-02T00:00:00+00:00
[2024-11-01T12:11:14.126+0000] {processor.py:179} INFO - Processing /opt/airflow/dags/user_pipeline.py took 0.082 seconds
[2024-11-01T12:11:44.222+0000] {processor.py:157} INFO - Started process (PID=50) to work on /opt/airflow/dags/user_pipeline.py
[2024-11-01T12:11:44.223+0000] {processor.py:829} INFO - Processing file /opt/airflow/dags/user_pipeline.py for tasks to queue
[2024-11-01T12:11:44.223+0000] {logging_mixin.py:151} INFO - [2024-11-01T12:11:44.223+0000] {dagbag.py:539} INFO - Filling up the DagBag from /opt/airflow/dags/user_pipeline.py
[2024-11-01T12:11:44.231+0000] {processor.py:839} INFO - DAG(s) dict_keys(['user_pipeline']) retrieved from /opt/airflow/dags/user_pipeline.py
[2024-11-01T12:11:44.252+0000] {logging_mixin.py:151} INFO - [2024-11-01T12:11:44.251+0000] {dag.py:2915} INFO - Sync 1 DAGs
[2024-11-01T12:11:44.266+0000] {logging_mixin.py:151} INFO - [2024-11-01T12:11:44.266+0000] {dag.py:3696} INFO - Setting next_dagrun for user_pipeline to 2024-11-01T00:00:00+00:00, run_after=2024-11-02T00:00:00+00:00
[2024-11-01T12:11:44.279+0000] {processor.py:179} INFO - Processing /opt/airflow/dags/user_pipeline.py took 0.059 seconds
[2024-11-01T12:12:14.437+0000] {processor.py:157} INFO - Started process (PID=60) to work on /opt/airflow/dags/user_pipeline.py
[2024-11-01T12:12:14.439+0000] {processor.py:829} INFO - Processing file /opt/airflow/dags/user_pipeline.py for tasks to queue
[2024-11-01T12:12:14.439+0000] {logging_mixin.py:151} INFO - [2024-11-01T12:12:14.439+0000] {dagbag.py:539} INFO - Filling up the DagBag from /opt/airflow/dags/user_pipeline.py
[2024-11-01T12:12:14.447+0000] {processor.py:839} INFO - DAG(s) dict_keys(['user_pipeline']) retrieved from /opt/airflow/dags/user_pipeline.py
[2024-11-01T12:12:14.467+0000] {logging_mixin.py:151} INFO - [2024-11-01T12:12:14.467+0000] {dag.py:2915} INFO - Sync 1 DAGs
[2024-11-01T12:12:14.481+0000] {logging_mixin.py:151} INFO - [2024-11-01T12:12:14.481+0000] {dag.py:3696} INFO - Setting next_dagrun for user_pipeline to 2024-11-01T00:00:00+00:00, run_after=2024-11-02T00:00:00+00:00
[2024-11-01T12:12:14.496+0000] {processor.py:179} INFO - Processing /opt/airflow/dags/user_pipeline.py took 0.061 seconds
[2024-11-01T12:12:44.640+0000] {processor.py:157} INFO - Started process (PID=70) to work on /opt/airflow/dags/user_pipeline.py
[2024-11-01T12:12:44.640+0000] {processor.py:829} INFO - Processing file /opt/airflow/dags/user_pipeline.py for tasks to queue
[2024-11-01T12:12:44.641+0000] {logging_mixin.py:151} INFO - [2024-11-01T12:12:44.641+0000] {dagbag.py:539} INFO - Filling up the DagBag from /opt/airflow/dags/user_pipeline.py
[2024-11-01T12:12:44.649+0000] {processor.py:839} INFO - DAG(s) dict_keys(['user_pipeline']) retrieved from /opt/airflow/dags/user_pipeline.py
[2024-11-01T12:12:44.668+0000] {logging_mixin.py:151} INFO - [2024-11-01T12:12:44.668+0000] {dag.py:2915} INFO - Sync 1 DAGs
[2024-11-01T12:12:44.683+0000] {logging_mixin.py:151} INFO - [2024-11-01T12:12:44.683+0000] {dag.py:3696} INFO - Setting next_dagrun for user_pipeline to 2024-11-01T00:00:00+00:00, run_after=2024-11-02T00:00:00+00:00
[2024-11-01T12:12:44.698+0000] {processor.py:179} INFO - Processing /opt/airflow/dags/user_pipeline.py took 0.060 seconds
[2024-11-01T12:13:14.879+0000] {processor.py:157} INFO - Started process (PID=81) to work on /opt/airflow/dags/user_pipeline.py
[2024-11-01T12:13:14.881+0000] {processor.py:829} INFO - Processing file /opt/airflow/dags/user_pipeline.py for tasks to queue
[2024-11-01T12:13:14.881+0000] {logging_mixin.py:151} INFO - [2024-11-01T12:13:14.881+0000] {dagbag.py:539} INFO - Filling up the DagBag from /opt/airflow/dags/user_pipeline.py
[2024-11-01T12:13:14.889+0000] {processor.py:839} INFO - DAG(s) dict_keys(['user_pipeline']) retrieved from /opt/airflow/dags/user_pipeline.py
[2024-11-01T12:13:14.908+0000] {logging_mixin.py:151} INFO - [2024-11-01T12:13:14.908+0000] {dag.py:2915} INFO - Sync 1 DAGs
[2024-11-01T12:13:14.922+0000] {logging_mixin.py:151} INFO - [2024-11-01T12:13:14.922+0000] {dag.py:3696} INFO - Setting next_dagrun for user_pipeline to 2024-11-01T00:00:00+00:00, run_after=2024-11-02T00:00:00+00:00
[2024-11-01T12:13:15.022+0000] {processor.py:179} INFO - Processing /opt/airflow/dags/user_pipeline.py took 0.145 seconds
[2024-11-01T12:13:45.057+0000] {processor.py:157} INFO - Started process (PID=91) to work on /opt/airflow/dags/user_pipeline.py
[2024-11-01T12:13:45.057+0000] {processor.py:829} INFO - Processing file /opt/airflow/dags/user_pipeline.py for tasks to queue
[2024-11-01T12:13:45.058+0000] {logging_mixin.py:151} INFO - [2024-11-01T12:13:45.057+0000] {dagbag.py:539} INFO - Filling up the DagBag from /opt/airflow/dags/user_pipeline.py
[2024-11-01T12:13:45.067+0000] {processor.py:839} INFO - DAG(s) dict_keys(['user_pipeline']) retrieved from /opt/airflow/dags/user_pipeline.py
[2024-11-01T12:13:45.090+0000] {logging_mixin.py:151} INFO - [2024-11-01T12:13:45.090+0000] {dag.py:2915} INFO - Sync 1 DAGs
[2024-11-01T12:13:45.193+0000] {logging_mixin.py:151} INFO - [2024-11-01T12:13:45.192+0000] {dag.py:3696} INFO - Setting next_dagrun for user_pipeline to 2024-11-01T00:00:00+00:00, run_after=2024-11-02T00:00:00+00:00
[2024-11-01T12:13:45.207+0000] {processor.py:179} INFO - Processing /opt/airflow/dags/user_pipeline.py took 0.153 seconds
[2024-11-01T12:14:15.351+0000] {processor.py:157} INFO - Started process (PID=101) to work on /opt/airflow/dags/user_pipeline.py
[2024-11-01T12:14:15.353+0000] {processor.py:829} INFO - Processing file /opt/airflow/dags/user_pipeline.py for tasks to queue
[2024-11-01T12:14:15.353+0000] {logging_mixin.py:151} INFO - [2024-11-01T12:14:15.353+0000] {dagbag.py:539} INFO - Filling up the DagBag from /opt/airflow/dags/user_pipeline.py
[2024-11-01T12:14:15.362+0000] {processor.py:839} INFO - DAG(s) dict_keys(['user_pipeline']) retrieved from /opt/airflow/dags/user_pipeline.py
[2024-11-01T12:14:15.383+0000] {logging_mixin.py:151} INFO - [2024-11-01T12:14:15.382+0000] {dag.py:2915} INFO - Sync 1 DAGs
[2024-11-01T12:14:15.482+0000] {logging_mixin.py:151} INFO - [2024-11-01T12:14:15.482+0000] {dag.py:3696} INFO - Setting next_dagrun for user_pipeline to 2024-11-01T00:00:00+00:00, run_after=2024-11-02T00:00:00+00:00
[2024-11-01T12:14:15.496+0000] {processor.py:179} INFO - Processing /opt/airflow/dags/user_pipeline.py took 0.148 seconds
[2024-11-01T12:14:45.630+0000] {processor.py:157} INFO - Started process (PID=103) to work on /opt/airflow/dags/user_pipeline.py
[2024-11-01T12:14:45.631+0000] {processor.py:829} INFO - Processing file /opt/airflow/dags/user_pipeline.py for tasks to queue
[2024-11-01T12:14:45.631+0000] {logging_mixin.py:151} INFO - [2024-11-01T12:14:45.631+0000] {dagbag.py:539} INFO - Filling up the DagBag from /opt/airflow/dags/user_pipeline.py
[2024-11-01T12:14:45.640+0000] {processor.py:839} INFO - DAG(s) dict_keys(['user_pipeline']) retrieved from /opt/airflow/dags/user_pipeline.py
[2024-11-01T12:14:45.748+0000] {logging_mixin.py:151} INFO - [2024-11-01T12:14:45.748+0000] {dag.py:2915} INFO - Sync 1 DAGs
[2024-11-01T12:14:45.765+0000] {logging_mixin.py:151} INFO - [2024-11-01T12:14:45.764+0000] {dag.py:3696} INFO - Setting next_dagrun for user_pipeline to 2024-11-01T00:00:00+00:00, run_after=2024-11-02T00:00:00+00:00
[2024-11-01T12:14:45.783+0000] {processor.py:179} INFO - Processing /opt/airflow/dags/user_pipeline.py took 0.157 seconds
[2024-11-01T12:15:15.873+0000] {processor.py:157} INFO - Started process (PID=111) to work on /opt/airflow/dags/user_pipeline.py
[2024-11-01T12:15:15.874+0000] {processor.py:829} INFO - Processing file /opt/airflow/dags/user_pipeline.py for tasks to queue
[2024-11-01T12:15:15.874+0000] {logging_mixin.py:151} INFO - [2024-11-01T12:15:15.874+0000] {dagbag.py:539} INFO - Filling up the DagBag from /opt/airflow/dags/user_pipeline.py
[2024-11-01T12:15:15.882+0000] {processor.py:839} INFO - DAG(s) dict_keys(['user_pipeline']) retrieved from /opt/airflow/dags/user_pipeline.py
[2024-11-01T12:15:15.902+0000] {logging_mixin.py:151} INFO - [2024-11-01T12:15:15.902+0000] {dag.py:2915} INFO - Sync 1 DAGs
[2024-11-01T12:15:15.917+0000] {logging_mixin.py:151} INFO - [2024-11-01T12:15:15.917+0000] {dag.py:3696} INFO - Setting next_dagrun for user_pipeline to 2024-11-01T00:00:00+00:00, run_after=2024-11-02T00:00:00+00:00
[2024-11-01T12:15:15.931+0000] {processor.py:179} INFO - Processing /opt/airflow/dags/user_pipeline.py took 0.060 seconds
[2024-11-01T12:15:46.091+0000] {processor.py:157} INFO - Started process (PID=121) to work on /opt/airflow/dags/user_pipeline.py
[2024-11-01T12:15:46.091+0000] {processor.py:829} INFO - Processing file /opt/airflow/dags/user_pipeline.py for tasks to queue
[2024-11-01T12:15:46.091+0000] {logging_mixin.py:151} INFO - [2024-11-01T12:15:46.091+0000] {dagbag.py:539} INFO - Filling up the DagBag from /opt/airflow/dags/user_pipeline.py
[2024-11-01T12:15:46.099+0000] {processor.py:839} INFO - DAG(s) dict_keys(['user_pipeline']) retrieved from /opt/airflow/dags/user_pipeline.py
[2024-11-01T12:15:46.118+0000] {logging_mixin.py:151} INFO - [2024-11-01T12:15:46.118+0000] {dag.py:2915} INFO - Sync 1 DAGs
[2024-11-01T12:15:46.133+0000] {logging_mixin.py:151} INFO - [2024-11-01T12:15:46.133+0000] {dag.py:3696} INFO - Setting next_dagrun for user_pipeline to 2024-11-01T00:00:00+00:00, run_after=2024-11-02T00:00:00+00:00
[2024-11-01T12:15:46.147+0000] {processor.py:179} INFO - Processing /opt/airflow/dags/user_pipeline.py took 0.058 seconds
[2024-11-01T12:16:16.329+0000] {processor.py:157} INFO - Started process (PID=131) to work on /opt/airflow/dags/user_pipeline.py
[2024-11-01T12:16:16.330+0000] {processor.py:829} INFO - Processing file /opt/airflow/dags/user_pipeline.py for tasks to queue
[2024-11-01T12:16:16.331+0000] {logging_mixin.py:151} INFO - [2024-11-01T12:16:16.331+0000] {dagbag.py:539} INFO - Filling up the DagBag from /opt/airflow/dags/user_pipeline.py
[2024-11-01T12:16:16.339+0000] {processor.py:839} INFO - DAG(s) dict_keys(['user_pipeline']) retrieved from /opt/airflow/dags/user_pipeline.py
[2024-11-01T12:16:16.358+0000] {logging_mixin.py:151} INFO - [2024-11-01T12:16:16.358+0000] {dag.py:2915} INFO - Sync 1 DAGs
[2024-11-01T12:16:16.373+0000] {logging_mixin.py:151} INFO - [2024-11-01T12:16:16.373+0000] {dag.py:3696} INFO - Setting next_dagrun for user_pipeline to 2024-11-01T00:00:00+00:00, run_after=2024-11-02T00:00:00+00:00
[2024-11-01T12:16:16.388+0000] {processor.py:179} INFO - Processing /opt/airflow/dags/user_pipeline.py took 0.061 seconds
